[INFO] Scanning for projects...
[WARNING] 
[WARNING] Some problems were encountered while building the effective model for ellian.aragao.github:projeto2-analise-algoritmo-sqrtsort:jar:1.0-SNAPSHOT
[WARNING] 'dependencies.dependency.version' for org.junit.jupiter:junit-jupiter:jar is either LATEST or RELEASE (both of them are being deprecated) @ line 48, column 22
[WARNING] 
[WARNING] It is highly recommended to fix these problems because they threaten the stability of your build.
[WARNING] 
[WARNING] For this reason, future Maven versions might no longer support building such malformed projects.
[WARNING] 
[INFO] 
[INFO] ------< ellian.aragao.github:projeto2-analise-algoritmo-sqrtsort >------
[INFO] Building projeto2-analise-algoritmo-sqrtsort 1.0-SNAPSHOT
[INFO]   from pom.xml
[INFO] --------------------------------[ jar ]---------------------------------
[INFO] 
[INFO] --- clean:3.2.0:clean (default-clean) @ projeto2-analise-algoritmo-sqrtsort ---
[INFO] Deleting /home/ellian/code/faculdade/IFB-AA/2024/projeto2-analise-algoritmo-sqrsort/target
[INFO] 
[INFO] --- dependency:3.7.0:build-classpath (build-classpath) @ projeto2-analise-algoritmo-sqrtsort ---
[INFO] Dependencies classpath:
/home/ellian/.m2/repository/org/openjdk/jmh/jmh-core/1.37/jmh-core-1.37.jar:/home/ellian/.m2/repository/net/sf/jopt-simple/jopt-simple/5.0.4/jopt-simple-5.0.4.jar:/home/ellian/.m2/repository/org/apache/commons/commons-math3/3.6.1/commons-math3-3.6.1.jar:/home/ellian/.m2/repository/org/openjdk/jmh/jmh-generator-annprocess/1.37/jmh-generator-annprocess-1.37.jar:/home/ellian/.m2/repository/org/jacoco/jacoco-maven-plugin/0.8.6/jacoco-maven-plugin-0.8.6.jar:/home/ellian/.m2/repository/org/apache/maven/maven-plugin-api/3.0/maven-plugin-api-3.0.jar:/home/ellian/.m2/repository/org/apache/maven/maven-model/3.0/maven-model-3.0.jar:/home/ellian/.m2/repository/org/apache/maven/maven-artifact/3.0/maven-artifact-3.0.jar:/home/ellian/.m2/repository/org/sonatype/sisu/sisu-inject-plexus/1.4.2/sisu-inject-plexus-1.4.2.jar:/home/ellian/.m2/repository/org/sonatype/sisu/sisu-inject-bean/1.4.2/sisu-inject-bean-1.4.2.jar:/home/ellian/.m2/repository/org/sonatype/sisu/sisu-guice/2.1.7/sisu-guice-2.1.7-noaop.jar:/home/ellian/.m2/repository/org/apache/maven/maven-core/3.0/maven-core-3.0.jar:/home/ellian/.m2/repository/org/apache/maven/maven-settings/3.0/maven-settings-3.0.jar:/home/ellian/.m2/repository/org/apache/maven/maven-settings-builder/3.0/maven-settings-builder-3.0.jar:/home/ellian/.m2/repository/org/apache/maven/maven-repository-metadata/3.0/maven-repository-metadata-3.0.jar:/home/ellian/.m2/repository/org/apache/maven/maven-model-builder/3.0/maven-model-builder-3.0.jar:/home/ellian/.m2/repository/org/apache/maven/maven-aether-provider/3.0/maven-aether-provider-3.0.jar:/home/ellian/.m2/repository/org/sonatype/aether/aether-impl/1.7/aether-impl-1.7.jar:/home/ellian/.m2/repository/org/sonatype/aether/aether-spi/1.7/aether-spi-1.7.jar:/home/ellian/.m2/repository/org/sonatype/aether/aether-api/1.7/aether-api-1.7.jar:/home/ellian/.m2/repository/org/sonatype/aether/aether-util/1.7/aether-util-1.7.jar:/home/ellian/.m2/repository/org/codehaus/plexus/plexus-interpolation/1.14/plexus-interpolation-1.14.jar:/home/ellian/.m2/repository/org/codehaus/plexus/plexus-classworlds/2.2.3/plexus-classworlds-2.2.3.jar:/home/ellian/.m2/repository/org/codehaus/plexus/plexus-component-annotations/1.5.5/plexus-component-annotations-1.5.5.jar:/home/ellian/.m2/repository/org/sonatype/plexus/plexus-sec-dispatcher/1.3/plexus-sec-dispatcher-1.3.jar:/home/ellian/.m2/repository/org/sonatype/plexus/plexus-cipher/1.4/plexus-cipher-1.4.jar:/home/ellian/.m2/repository/org/codehaus/plexus/plexus-utils/3.0.22/plexus-utils-3.0.22.jar:/home/ellian/.m2/repository/org/apache/maven/shared/file-management/1.2.1/file-management-1.2.1.jar:/home/ellian/.m2/repository/org/apache/maven/shared/maven-shared-io/1.1/maven-shared-io-1.1.jar:/home/ellian/.m2/repository/org/apache/maven/maven-artifact-manager/2.0.2/maven-artifact-manager-2.0.2.jar:/home/ellian/.m2/repository/org/apache/maven/wagon/wagon-provider-api/1.0-alpha-6/wagon-provider-api-1.0-alpha-6.jar:/home/ellian/.m2/repository/org/codehaus/plexus/plexus-container-default/1.0-alpha-9/plexus-container-default-1.0-alpha-9.jar:/home/ellian/.m2/repository/junit/junit/3.8.1/junit-3.8.1.jar:/home/ellian/.m2/repository/classworlds/classworlds/1.1-alpha-2/classworlds-1.1-alpha-2.jar:/home/ellian/.m2/repository/org/apache/maven/reporting/maven-reporting-api/3.0/maven-reporting-api-3.0.jar:/home/ellian/.m2/repository/org/apache/maven/doxia/doxia-sink-api/1.0/doxia-sink-api-1.0.jar:/home/ellian/.m2/repository/org/apache/maven/reporting/maven-reporting-impl/2.1/maven-reporting-impl-2.1.jar:/home/ellian/.m2/repository/org/apache/maven/maven-project/2.0.10/maven-project-2.0.10.jar:/home/ellian/.m2/repository/org/apache/maven/maven-profile/2.0.10/maven-profile-2.0.10.jar:/home/ellian/.m2/repository/org/apache/maven/maven-plugin-registry/2.0.10/maven-plugin-registry-2.0.10.jar:/home/ellian/.m2/repository/org/apache/maven/doxia/doxia-core/1.1.2/doxia-core-1.1.2.jar:/home/ellian/.m2/repository/org/apache/maven/doxia/doxia-logging-api/1.1.2/doxia-logging-api-1.1.2.jar:/home/ellian/.m2/repository/xerces/xercesImpl/2.8.1/xercesImpl-2.8.1.jar:/home/ellian/.m2/repository/commons-lang/commons-lang/2.4/commons-lang-2.4.jar:/home/ellian/.m2/repository/commons-httpclient/commons-httpclient/3.1/commons-httpclient-3.1.jar:/home/ellian/.m2/repository/commons-codec/commons-codec/1.2/commons-codec-1.2.jar:/home/ellian/.m2/repository/org/apache/maven/doxia/doxia-site-renderer/1.1.2/doxia-site-renderer-1.1.2.jar:/home/ellian/.m2/repository/org/apache/maven/doxia/doxia-decoration-model/1.1.2/doxia-decoration-model-1.1.2.jar:/home/ellian/.m2/repository/org/apache/maven/doxia/doxia-module-xhtml/1.1.2/doxia-module-xhtml-1.1.2.jar:/home/ellian/.m2/repository/org/apache/maven/doxia/doxia-module-fml/1.1.2/doxia-module-fml-1.1.2.jar:/home/ellian/.m2/repository/org/codehaus/plexus/plexus-i18n/1.0-beta-7/plexus-i18n-1.0-beta-7.jar:/home/ellian/.m2/repository/org/codehaus/plexus/plexus-velocity/1.1.7/plexus-velocity-1.1.7.jar:/home/ellian/.m2/repository/org/apache/velocity/velocity/1.5/velocity-1.5.jar:/home/ellian/.m2/repository/commons-collections/commons-collections/3.2/commons-collections-3.2.jar:/home/ellian/.m2/repository/commons-validator/commons-validator/1.2.0/commons-validator-1.2.0.jar:/home/ellian/.m2/repository/commons-beanutils/commons-beanutils/1.7.0/commons-beanutils-1.7.0.jar:/home/ellian/.m2/repository/commons-digester/commons-digester/1.6/commons-digester-1.6.jar:/home/ellian/.m2/repository/commons-logging/commons-logging/1.0.4/commons-logging-1.0.4.jar:/home/ellian/.m2/repository/oro/oro/2.0.8/oro-2.0.8.jar:/home/ellian/.m2/repository/xml-apis/xml-apis/1.0.b2/xml-apis-1.0.b2.jar:/home/ellian/.m2/repository/org/jacoco/org.jacoco.agent/0.8.6/org.jacoco.agent-0.8.6-runtime.jar:/home/ellian/.m2/repository/org/jacoco/org.jacoco.core/0.8.6/org.jacoco.core-0.8.6.jar:/home/ellian/.m2/repository/org/ow2/asm/asm/8.0.1/asm-8.0.1.jar:/home/ellian/.m2/repository/org/ow2/asm/asm-commons/8.0.1/asm-commons-8.0.1.jar:/home/ellian/.m2/repository/org/ow2/asm/asm-analysis/8.0.1/asm-analysis-8.0.1.jar:/home/ellian/.m2/repository/org/ow2/asm/asm-tree/8.0.1/asm-tree-8.0.1.jar:/home/ellian/.m2/repository/org/jacoco/org.jacoco.report/0.8.6/org.jacoco.report-0.8.6.jar
[INFO] 
[INFO] --- resources:3.3.1:resources (default-resources) @ projeto2-analise-algoritmo-sqrtsort ---
[INFO] skip non existing resourceDirectory /home/ellian/code/faculdade/IFB-AA/2024/projeto2-analise-algoritmo-sqrsort/src/main/resources
[INFO] 
[INFO] --- compiler:3.13.0:compile (default-compile) @ projeto2-analise-algoritmo-sqrtsort ---
[INFO] Recompiling the module because of changed source code.
[INFO] Compiling 8 source files with javac [debug target 21] to target/classes
[INFO] /home/ellian/code/faculdade/IFB-AA/2024/projeto2-analise-algoritmo-sqrsort/src/main/java/ellian/aragao/github/algoritmo/T2.java: Some input files use unchecked or unsafe operations.
[INFO] /home/ellian/code/faculdade/IFB-AA/2024/projeto2-analise-algoritmo-sqrsort/src/main/java/ellian/aragao/github/algoritmo/T2.java: Recompile with -Xlint:unchecked for details.
[INFO] 
[INFO] --- resources:3.3.1:testResources (default-testResources) @ projeto2-analise-algoritmo-sqrtsort ---
[INFO] skip non existing resourceDirectory /home/ellian/code/faculdade/IFB-AA/2024/projeto2-analise-algoritmo-sqrsort/src/test/resources
[INFO] 
[INFO] --- compiler:3.13.0:testCompile (default-testCompile) @ projeto2-analise-algoritmo-sqrtsort ---
[INFO] Recompiling the module because of changed dependency.
[INFO] Compiling 2 source files with javac [debug target 21] to target/test-classes
[INFO] 
[INFO] --- surefire:3.2.5:test (default-test) @ projeto2-analise-algoritmo-sqrtsort ---
[INFO] Using auto detected provider org.apache.maven.surefire.junitplatform.JUnitPlatformProvider
[INFO] 
[INFO] -------------------------------------------------------
[INFO]  T E S T S
[INFO] -------------------------------------------------------
[INFO] Running ellian.aragao.github.algoritmo.SqrtSortBubbleImplTest
[INFO] Tests run: 3, Failures: 0, Errors: 0, Skipped: 0, Time elapsed: 0.034 s -- in ellian.aragao.github.algoritmo.SqrtSortBubbleImplTest
[INFO] Running ellian.aragao.github.algoritmo.SqrtSortHeapImplTest
[INFO] Tests run: 1, Failures: 0, Errors: 0, Skipped: 0, Time elapsed: 0.002 s -- in ellian.aragao.github.algoritmo.SqrtSortHeapImplTest
[INFO] 
[INFO] Results:
[INFO] 
[INFO] Tests run: 4, Failures: 0, Errors: 0, Skipped: 0
[INFO] 
[INFO] 
[INFO] --- jar:3.3.0:jar (default-jar) @ projeto2-analise-algoritmo-sqrtsort ---
[INFO] Building jar: /home/ellian/code/faculdade/IFB-AA/2024/projeto2-analise-algoritmo-sqrsort/target/projeto2-analise-algoritmo-sqrtsort-1.0-SNAPSHOT.jar
[INFO] 
[INFO] --- exec:1.6.0:java (default-cli) @ projeto2-analise-algoritmo-sqrtsort ---
# Detecting actual CPU count: 12 detected
# JMH version: 1.37
# VM version: JDK 21.0.4, OpenJDK 64-Bit Server VM, 21.0.4+7-LTS
# VM invoker: /home/ellian/.asdf/installs/java/temurin-21.0.4+7.0.LTS/bin/java
# VM options: -Dclassworlds.conf=/home/ellian/.asdf/installs/maven/3.9.8/bin/m2.conf -Dmaven.home=/home/ellian/.asdf/installs/maven/3.9.8 -Dlibrary.jansi.path=/home/ellian/.asdf/installs/maven/3.9.8/lib/jansi-native -Dmaven.multiModuleProjectDirectory=/home/ellian/code/faculdade/IFB-AA/2024/projeto2-analise-algoritmo-sqrsort
# Blackhole mode: compiler (auto-detected, use -Djmh.blackhole.autoDetect=false to disable)
# Warmup: 5 iterations, 10 s each
# Measurement: 5 iterations, 10 s each
# Timeout: 10 min per iteration
# Threads: 12 threads, will synchronize iterations
# Benchmark mode: Sampling time
# Benchmark: ellian.aragao.github.AlgoritmoRunner.Entradas10_000.entrada10_000_aleatoriaHeap

# Run progress: 0.00% complete, ETA 00:08:20
# Fork: 1 of 5
# Warmup Iteration   1: 3178954.942 ±(99.9%) 17508.516 ns/op
# Warmup Iteration   2: 3165502.304 ±(99.9%) 16431.535 ns/op
# Warmup Iteration   3: 3073010.643 ±(99.9%) 10485.570 ns/op
# Warmup Iteration   4: 3101822.577 ±(99.9%) 12615.617 ns/op
# Warmup Iteration   5: 3179972.009 ±(99.9%) 14222.133 ns/op
Iteration   1: 3098212.633 ±(99.9%) 9504.969 ns/op
                 p0.00:   1968128.000 ns/op
                 p0.50:   2969600.000 ns/op
                 p0.90:   3387392.000 ns/op
                 p0.95:   3891200.000 ns/op
                 p0.99:   5021696.000 ns/op
                 p0.999:  9256960.000 ns/op
                 p0.9999: 19740170.650 ns/op
                 p1.00:   22380544.000 ns/op

Iteration   2: 3172327.511 ±(99.9%) 13613.082 ns/op
                 p0.00:   1953792.000 ns/op
                 p0.50:   2973696.000 ns/op
                 p0.90:   3698688.000 ns/op
                 p0.95:   4079616.000 ns/op
                 p0.99:   7028736.000 ns/op
                 p0.999:  11327864.832 ns/op
                 p0.9999: 21618304.614 ns/op
                 p1.00:   24444928.000 ns/op

Iteration   3: 3149752.409 ±(99.9%) 10933.029 ns/op
                 p0.00:   1988608.000 ns/op
                 p0.50:   2973696.000 ns/op
                 p0.90:   3657728.000 ns/op
                 p0.95:   4026368.000 ns/op
                 p0.99:   6465372.160 ns/op
                 p0.999:  9856860.160 ns/op
                 p0.9999: 15228289.024 ns/op
                 p1.00:   20348928.000 ns/op

Iteration   4: 3268361.550 ±(99.9%) 16197.299 ns/op
                 p0.00:   1972224.000 ns/op
                 p0.50:   2977792.000 ns/op
                 p0.90:   3915776.000 ns/op
                 p0.95:   4521984.000 ns/op
                 p0.99:   7454720.000 ns/op
                 p0.999:  12489883.648 ns/op
                 p0.9999: 19103744.000 ns/op
                 p1.00:   20873216.000 ns/op

Iteration   5: 3454170.830 ±(99.9%) 17600.302 ns/op
                 p0.00:   1984512.000 ns/op
                 p0.50:   3031040.000 ns/op
                 p0.90:   4423680.000 ns/op
                 p0.95:   5218304.000 ns/op
                 p0.99:   7428014.080 ns/op
                 p0.999:  11635064.832 ns/op
                 p0.9999: 19105919.795 ns/op
                 p1.00:   22118400.000 ns/op


# Run progress: 20.00% complete, ETA 00:06:41
# Fork: 2 of 5
# Warmup Iteration   1: 3247538.771 ±(99.9%) 16530.188 ns/op
# Warmup Iteration   2: 3335648.016 ±(99.9%) 15330.419 ns/op
# Warmup Iteration   3: 3243016.391 ±(99.9%) 15853.694 ns/op
# Warmup Iteration   4: 3249294.576 ±(99.9%) 11269.106 ns/op
# Warmup Iteration   5: 3231861.695 ±(99.9%) 13618.343 ns/op
Iteration   1: 3340053.257 ±(99.9%) 14641.278 ns/op
                 p0.00:   1986560.000 ns/op
                 p0.50:   3018752.000 ns/op
                 p0.90:   4194304.000 ns/op
                 p0.95:   4595712.000 ns/op
                 p0.99:   6995968.000 ns/op
                 p0.999:  11319083.008 ns/op
                 p0.9999: 18907063.910 ns/op
                 p1.00:   27656192.000 ns/op

Iteration   2: 3172985.413 ±(99.9%) 10596.660 ns/op
                 p0.00:   1988608.000 ns/op
                 p0.50:   2994176.000 ns/op
                 p0.90:   3735552.000 ns/op
                 p0.95:   4132864.000 ns/op
                 p0.99:   5341184.000 ns/op
                 p0.999:  9709584.384 ns/op
                 p0.9999: 20220569.190 ns/op
                 p1.00:   25821184.000 ns/op

Iteration   3: 3311224.254 ±(99.9%) 13077.366 ns/op
                 p0.00:   1994752.000 ns/op
                 p0.50:   3018752.000 ns/op
                 p0.90:   4149248.000 ns/op
                 p0.95:   4505600.000 ns/op
                 p0.99:   6182912.000 ns/op
                 p0.999:  11100979.200 ns/op
                 p0.9999: 17326243.840 ns/op
                 p1.00:   21069824.000 ns/op

Iteration   4: 3206054.000 ±(99.9%) 12013.496 ns/op
                 p0.00:   1992704.000 ns/op
                 p0.50:   2998272.000 ns/op
                 p0.90:   3768320.000 ns/op
                 p0.95:   4210688.000 ns/op
                 p0.99:   6412533.760 ns/op
                 p0.999:  10210148.352 ns/op
                 p0.9999: 18614557.082 ns/op
                 p1.00:   24936448.000 ns/op

Iteration   5: 3267412.171 ±(99.9%) 11239.674 ns/op
                 p0.00:   2017280.000 ns/op
                 p0.50:   3014656.000 ns/op
                 p0.90:   4050944.000 ns/op
                 p0.95:   4399104.000 ns/op
                 p0.99:   5431296.000 ns/op
                 p0.999:  9217671.168 ns/op
                 p0.9999: 19116159.795 ns/op
                 p1.00:   27426816.000 ns/op


# Run progress: 40.00% complete, ETA 00:05:01
# Fork: 3 of 5
# Warmup Iteration   1: 3202497.674 ±(99.9%) 17258.411 ns/op
# Warmup Iteration   2: 3302717.548 ±(99.9%) 15168.615 ns/op
# Warmup Iteration   3: 3196442.705 ±(99.9%) 11899.131 ns/op
# Warmup Iteration   4: 3335670.830 ±(99.9%) 15986.598 ns/op
# Warmup Iteration   5: 3248094.051 ±(99.9%) 13500.800 ns/op
Iteration   1: 3248901.243 ±(99.9%) 10617.006 ns/op
                 p0.00:   1996800.000 ns/op
                 p0.50:   3010560.000 ns/op
                 p0.90:   4005888.000 ns/op
                 p0.95:   4333568.000 ns/op
                 p0.99:   5307023.360 ns/op
                 p0.999:  8527839.232 ns/op
                 p0.9999: 20906501.734 ns/op
                 p1.00:   24412160.000 ns/op

Iteration   2: 3244324.500 ±(99.9%) 12432.214 ns/op
                 p0.00:   1998848.000 ns/op
                 p0.50:   3002368.000 ns/op
                 p0.90:   3903488.000 ns/op
                 p0.95:   4341760.000 ns/op
                 p0.99:   6135808.000 ns/op
                 p0.999:  10864410.624 ns/op
                 p0.9999: 19664437.248 ns/op
                 p1.00:   29786112.000 ns/op

Iteration   3: 3327693.431 ±(99.9%) 14861.110 ns/op
                 p0.00:   1986560.000 ns/op
                 p0.50:   3018752.000 ns/op
                 p0.90:   4112384.000 ns/op
                 p0.95:   4571136.000 ns/op
                 p0.99:   7066828.800 ns/op
                 p0.999:  11107205.120 ns/op
                 p0.9999: 19777634.304 ns/op
                 p1.00:   24608768.000 ns/op

Iteration   4: 3244685.573 ±(99.9%) 12827.842 ns/op
                 p0.00:   1976320.000 ns/op
                 p0.50:   2994176.000 ns/op
                 p0.90:   3911680.000 ns/op
                 p0.95:   4300800.000 ns/op
                 p0.99:   6483312.640 ns/op
                 p0.999:  10715824.128 ns/op
                 p0.9999: 20098128.282 ns/op
                 p1.00:   26017792.000 ns/op

Iteration   5: 3542056.737 ±(99.9%) 20372.483 ns/op
                 p0.00:   1988608.000 ns/op
                 p0.50:   3067904.000 ns/op
                 p0.90:   4579328.000 ns/op
                 p0.95:   5627904.000 ns/op
                 p0.99:   8178892.800 ns/op
                 p0.999:  13808435.200 ns/op
                 p0.9999: 21108293.632 ns/op
                 p1.00:   34078720.000 ns/op


# Run progress: 60.00% complete, ETA 00:03:20
# Fork: 4 of 5
# Warmup Iteration   1: 3427059.653 ±(99.9%) 24339.447 ns/op
# Warmup Iteration   2: 3149121.251 ±(99.9%) 10952.094 ns/op
# Warmup Iteration   3: 3146130.432 ±(99.9%) 12433.485 ns/op
# Warmup Iteration   4: 3191043.719 ±(99.9%) 12628.908 ns/op
# Warmup Iteration   5: 3164897.178 ±(99.9%) 12583.881 ns/op
Iteration   1: 3180342.887 ±(99.9%) 11743.948 ns/op
                 p0.00:   1943552.000 ns/op
                 p0.50:   2924544.000 ns/op
                 p0.90:   3911680.000 ns/op
                 p0.95:   4300800.000 ns/op
                 p0.99:   5740953.600 ns/op
                 p0.999:  10073538.560 ns/op
                 p0.9999: 18210357.248 ns/op
                 p1.00:   28147712.000 ns/op

Iteration   2: 3213130.258 ±(99.9%) 13688.403 ns/op
                 p0.00:   1943552.000 ns/op
                 p0.50:   2920448.000 ns/op
                 p0.90:   3960832.000 ns/op
                 p0.95:   4407296.000 ns/op
                 p0.99:   6946816.000 ns/op
                 p0.999:  10797563.904 ns/op
                 p0.9999: 17743219.917 ns/op
                 p1.00:   23330816.000 ns/op

Iteration   3: 3165371.027 ±(99.9%) 11222.892 ns/op
                 p0.00:   1921024.000 ns/op
                 p0.50:   2920448.000 ns/op
                 p0.90:   3907584.000 ns/op
                 p0.95:   4243456.000 ns/op
                 p0.99:   5554176.000 ns/op
                 p0.999:  9664724.992 ns/op
                 p0.9999: 19332015.718 ns/op
                 p1.00:   27000832.000 ns/op

Iteration   4: 3173645.482 ±(99.9%) 12123.319 ns/op
                 p0.00:   1959936.000 ns/op
                 p0.50:   2916352.000 ns/op
                 p0.90:   3895296.000 ns/op
                 p0.95:   4325376.000 ns/op
                 p0.99:   6046760.960 ns/op
                 p0.999:  10030497.792 ns/op
                 p0.9999: 18380944.179 ns/op
                 p1.00:   22315008.000 ns/op

Iteration   5: 3249458.193 ±(99.9%) 17060.448 ns/op
                 p0.00:   1972224.000 ns/op
                 p0.50:   2916352.000 ns/op
                 p0.90:   4005888.000 ns/op
                 p0.95:   4579328.000 ns/op
                 p0.99:   7322664.960 ns/op
                 p0.999:  13674348.544 ns/op
                 p0.9999: 20917518.336 ns/op
                 p1.00:   35651584.000 ns/op


# Run progress: 80.00% complete, ETA 00:01:40
# Fork: 5 of 5
# Warmup Iteration   1: 3259181.088 ±(99.9%) 19593.626 ns/op
# Warmup Iteration   2: 3206887.961 ±(99.9%) 11928.866 ns/op
# Warmup Iteration   3: 3241278.474 ±(99.9%) 12782.182 ns/op
# Warmup Iteration   4: 3200616.979 ±(99.9%) 11418.025 ns/op
# Warmup Iteration   5: 3245627.877 ±(99.9%) 12594.131 ns/op
Iteration   1: 3218584.292 ±(99.9%) 12134.850 ns/op
                 p0.00:   1968128.000 ns/op
                 p0.50:   2969600.000 ns/op
                 p0.90:   3911680.000 ns/op
                 p0.95:   4358144.000 ns/op
                 p0.99:   6092390.400 ns/op
                 p0.999:  9362964.480 ns/op
                 p0.9999: 21607268.352 ns/op
                 p1.00:   30474240.000 ns/op

Iteration   2: 3229628.946 ±(99.9%) 11634.154 ns/op
                 p0.00:   1986560.000 ns/op
                 p0.50:   2973696.000 ns/op
                 p0.90:   3956736.000 ns/op
                 p0.95:   4366336.000 ns/op
                 p0.99:   5847203.840 ns/op
                 p0.999:  10003906.560 ns/op
                 p0.9999: 18102009.856 ns/op
                 p1.00:   21561344.000 ns/op

Iteration   3: 3205606.986 ±(99.9%) 10900.987 ns/op
                 p0.00:   1986560.000 ns/op
                 p0.50:   2969600.000 ns/op
                 p0.90:   3899392.000 ns/op
                 p0.95:   4292608.000 ns/op
                 p0.99:   5816320.000 ns/op
                 p0.999:  9353871.360 ns/op
                 p0.9999: 16863182.848 ns/op
                 p1.00:   19628032.000 ns/op

Iteration   4: 3256655.802 ±(99.9%) 13062.518 ns/op
                 p0.00:   1988608.000 ns/op
                 p0.50:   2973696.000 ns/op
                 p0.90:   4009984.000 ns/op
                 p0.95:   4448256.000 ns/op
                 p0.99:   6509527.040 ns/op
                 p0.999:  10512760.832 ns/op
                 p0.9999: 19234816.000 ns/op
                 p1.00:   21561344.000 ns/op

Iteration   5: 3187753.099 ±(99.9%) 10515.192 ns/op
                 p0.00:   2000896.000 ns/op
                 p0.50:   2965504.000 ns/op
                 p0.90:   3870720.000 ns/op
                 p0.95:   4268032.000 ns/op
                 p0.99:   5472256.000 ns/op
                 p0.999:  8931426.304 ns/op
                 p0.9999: 17416726.118 ns/op
                 p1.00:   22183936.000 ns/op



Result "ellian.aragao.github.AlgoritmoRunner.Entradas10_000.entrada10_000_aleatoriaHeap":
  N = 924656
  mean = 3242547.573 ±(99.9%) 2639.839 ns/op

  Histogram, ns/op:
    [       0.000,  2500000.000) = 2285 
    [ 2500000.000,  5000000.000) = 898815 
    [ 5000000.000,  7500000.000) = 18986 
    [ 7500000.000, 10000000.000) = 3179 
    [10000000.000, 12500000.000) = 893 
    [12500000.000, 15000000.000) = 217 
    [15000000.000, 17500000.000) = 136 
    [17500000.000, 20000000.000) = 75 
    [20000000.000, 22500000.000) = 46 
    [22500000.000, 25000000.000) = 13 
    [25000000.000, 27500000.000) = 5 
    [27500000.000, 30000000.000) = 3 
    [30000000.000, 32500000.000) = 1 
    [32500000.000, 35000000.000) = 1 
    [35000000.000, 37500000.000) = 1 

  Percentiles, ns/op:
      p(0.0000) = 1921024.000 ns/op
     p(50.0000) = 2981888.000 ns/op
     p(90.0000) = 3960832.000 ns/op
     p(95.0000) = 4399104.000 ns/op
     p(99.0000) = 6725632.000 ns/op
     p(99.9000) = 10698752.000 ns/op
     p(99.9900) = 19055715.942 ns/op
     p(99.9990) = 26017792.000 ns/op
     p(99.9999) = 35651584.000 ns/op
    p(100.0000) = 35651584.000 ns/op


# Run complete. Total time: 00:08:22

REMEMBER: The numbers below are just data. To gain reusable insights, you need to follow up on
why the numbers are the way they are. Use profilers (see -prof, -lprof), design factorial
experiments, perform baseline and negative tests that provide experimental control, make sure
the benchmarking environment is safe on JVM/OS/HW level, ask for reviews from the domain experts.
Do not assume the numbers tell you what you want them to tell.

NOTE: Current JVM experimentally supports Compiler Blackholes, and they are in use. Please exercise
extra caution when trusting the results, look into the generated code to check the benchmark still
works, and factor in a small probability of new VM bugs. Additionally, while comparisons between
different JVMs are already problematic, the performance difference caused by different Blackhole
modes can be very significant. Please make sure you use the consistent Blackhole mode for comparisons.

Benchmark                                                             Mode     Cnt         Score      Error  Units
AlgoritmoRunner.Entradas10_000.entrada10_000_aleatoriaHeap          sample  924656   3242547.573 ± 2639.839  ns/op
AlgoritmoRunner.Entradas10_000.entrada10_000_aleatoriaHeap:p0.00    sample           1921024.000             ns/op
AlgoritmoRunner.Entradas10_000.entrada10_000_aleatoriaHeap:p0.50    sample           2981888.000             ns/op
AlgoritmoRunner.Entradas10_000.entrada10_000_aleatoriaHeap:p0.90    sample           3960832.000             ns/op
AlgoritmoRunner.Entradas10_000.entrada10_000_aleatoriaHeap:p0.95    sample           4399104.000             ns/op
AlgoritmoRunner.Entradas10_000.entrada10_000_aleatoriaHeap:p0.99    sample           6725632.000             ns/op
AlgoritmoRunner.Entradas10_000.entrada10_000_aleatoriaHeap:p0.999   sample          10698752.000             ns/op
AlgoritmoRunner.Entradas10_000.entrada10_000_aleatoriaHeap:p0.9999  sample          19055715.942             ns/op
AlgoritmoRunner.Entradas10_000.entrada10_000_aleatoriaHeap:p1.00    sample          35651584.000             ns/op
[INFO] ------------------------------------------------------------------------
[INFO] BUILD SUCCESS
[INFO] ------------------------------------------------------------------------
[INFO] Total time:  08:26 min
[INFO] Finished at: 2024-08-26T12:56:30-03:00
[INFO] ------------------------------------------------------------------------
