[INFO] Scanning for projects...
[WARNING] 
[WARNING] Some problems were encountered while building the effective model for ellian.aragao.github:projeto2-analise-algoritmo-sqrtsort:jar:1.0-SNAPSHOT
[WARNING] 'dependencies.dependency.version' for org.junit.jupiter:junit-jupiter:jar is either LATEST or RELEASE (both of them are being deprecated) @ line 48, column 22
[WARNING] 
[WARNING] It is highly recommended to fix these problems because they threaten the stability of your build.
[WARNING] 
[WARNING] For this reason, future Maven versions might no longer support building such malformed projects.
[WARNING] 
[INFO] 
[INFO] ------< ellian.aragao.github:projeto2-analise-algoritmo-sqrtsort >------
[INFO] Building projeto2-analise-algoritmo-sqrtsort 1.0-SNAPSHOT
[INFO]   from pom.xml
[INFO] --------------------------------[ jar ]---------------------------------
[INFO] 
[INFO] --- clean:3.2.0:clean (default-clean) @ projeto2-analise-algoritmo-sqrtsort ---
[INFO] Deleting /home/ellian/code/faculdade/IFB-AA/2024/projeto2-analise-algoritmo-sqrsort/target
[INFO] 
[INFO] --- dependency:3.7.0:build-classpath (build-classpath) @ projeto2-analise-algoritmo-sqrtsort ---
[INFO] Dependencies classpath:
/home/ellian/.m2/repository/org/openjdk/jmh/jmh-core/1.37/jmh-core-1.37.jar:/home/ellian/.m2/repository/net/sf/jopt-simple/jopt-simple/5.0.4/jopt-simple-5.0.4.jar:/home/ellian/.m2/repository/org/apache/commons/commons-math3/3.6.1/commons-math3-3.6.1.jar:/home/ellian/.m2/repository/org/openjdk/jmh/jmh-generator-annprocess/1.37/jmh-generator-annprocess-1.37.jar:/home/ellian/.m2/repository/org/jacoco/jacoco-maven-plugin/0.8.6/jacoco-maven-plugin-0.8.6.jar:/home/ellian/.m2/repository/org/apache/maven/maven-plugin-api/3.0/maven-plugin-api-3.0.jar:/home/ellian/.m2/repository/org/apache/maven/maven-model/3.0/maven-model-3.0.jar:/home/ellian/.m2/repository/org/apache/maven/maven-artifact/3.0/maven-artifact-3.0.jar:/home/ellian/.m2/repository/org/sonatype/sisu/sisu-inject-plexus/1.4.2/sisu-inject-plexus-1.4.2.jar:/home/ellian/.m2/repository/org/sonatype/sisu/sisu-inject-bean/1.4.2/sisu-inject-bean-1.4.2.jar:/home/ellian/.m2/repository/org/sonatype/sisu/sisu-guice/2.1.7/sisu-guice-2.1.7-noaop.jar:/home/ellian/.m2/repository/org/apache/maven/maven-core/3.0/maven-core-3.0.jar:/home/ellian/.m2/repository/org/apache/maven/maven-settings/3.0/maven-settings-3.0.jar:/home/ellian/.m2/repository/org/apache/maven/maven-settings-builder/3.0/maven-settings-builder-3.0.jar:/home/ellian/.m2/repository/org/apache/maven/maven-repository-metadata/3.0/maven-repository-metadata-3.0.jar:/home/ellian/.m2/repository/org/apache/maven/maven-model-builder/3.0/maven-model-builder-3.0.jar:/home/ellian/.m2/repository/org/apache/maven/maven-aether-provider/3.0/maven-aether-provider-3.0.jar:/home/ellian/.m2/repository/org/sonatype/aether/aether-impl/1.7/aether-impl-1.7.jar:/home/ellian/.m2/repository/org/sonatype/aether/aether-spi/1.7/aether-spi-1.7.jar:/home/ellian/.m2/repository/org/sonatype/aether/aether-api/1.7/aether-api-1.7.jar:/home/ellian/.m2/repository/org/sonatype/aether/aether-util/1.7/aether-util-1.7.jar:/home/ellian/.m2/repository/org/codehaus/plexus/plexus-interpolation/1.14/plexus-interpolation-1.14.jar:/home/ellian/.m2/repository/org/codehaus/plexus/plexus-classworlds/2.2.3/plexus-classworlds-2.2.3.jar:/home/ellian/.m2/repository/org/codehaus/plexus/plexus-component-annotations/1.5.5/plexus-component-annotations-1.5.5.jar:/home/ellian/.m2/repository/org/sonatype/plexus/plexus-sec-dispatcher/1.3/plexus-sec-dispatcher-1.3.jar:/home/ellian/.m2/repository/org/sonatype/plexus/plexus-cipher/1.4/plexus-cipher-1.4.jar:/home/ellian/.m2/repository/org/codehaus/plexus/plexus-utils/3.0.22/plexus-utils-3.0.22.jar:/home/ellian/.m2/repository/org/apache/maven/shared/file-management/1.2.1/file-management-1.2.1.jar:/home/ellian/.m2/repository/org/apache/maven/shared/maven-shared-io/1.1/maven-shared-io-1.1.jar:/home/ellian/.m2/repository/org/apache/maven/maven-artifact-manager/2.0.2/maven-artifact-manager-2.0.2.jar:/home/ellian/.m2/repository/org/apache/maven/wagon/wagon-provider-api/1.0-alpha-6/wagon-provider-api-1.0-alpha-6.jar:/home/ellian/.m2/repository/org/codehaus/plexus/plexus-container-default/1.0-alpha-9/plexus-container-default-1.0-alpha-9.jar:/home/ellian/.m2/repository/junit/junit/3.8.1/junit-3.8.1.jar:/home/ellian/.m2/repository/classworlds/classworlds/1.1-alpha-2/classworlds-1.1-alpha-2.jar:/home/ellian/.m2/repository/org/apache/maven/reporting/maven-reporting-api/3.0/maven-reporting-api-3.0.jar:/home/ellian/.m2/repository/org/apache/maven/doxia/doxia-sink-api/1.0/doxia-sink-api-1.0.jar:/home/ellian/.m2/repository/org/apache/maven/reporting/maven-reporting-impl/2.1/maven-reporting-impl-2.1.jar:/home/ellian/.m2/repository/org/apache/maven/maven-project/2.0.10/maven-project-2.0.10.jar:/home/ellian/.m2/repository/org/apache/maven/maven-profile/2.0.10/maven-profile-2.0.10.jar:/home/ellian/.m2/repository/org/apache/maven/maven-plugin-registry/2.0.10/maven-plugin-registry-2.0.10.jar:/home/ellian/.m2/repository/org/apache/maven/doxia/doxia-core/1.1.2/doxia-core-1.1.2.jar:/home/ellian/.m2/repository/org/apache/maven/doxia/doxia-logging-api/1.1.2/doxia-logging-api-1.1.2.jar:/home/ellian/.m2/repository/xerces/xercesImpl/2.8.1/xercesImpl-2.8.1.jar:/home/ellian/.m2/repository/commons-lang/commons-lang/2.4/commons-lang-2.4.jar:/home/ellian/.m2/repository/commons-httpclient/commons-httpclient/3.1/commons-httpclient-3.1.jar:/home/ellian/.m2/repository/commons-codec/commons-codec/1.2/commons-codec-1.2.jar:/home/ellian/.m2/repository/org/apache/maven/doxia/doxia-site-renderer/1.1.2/doxia-site-renderer-1.1.2.jar:/home/ellian/.m2/repository/org/apache/maven/doxia/doxia-decoration-model/1.1.2/doxia-decoration-model-1.1.2.jar:/home/ellian/.m2/repository/org/apache/maven/doxia/doxia-module-xhtml/1.1.2/doxia-module-xhtml-1.1.2.jar:/home/ellian/.m2/repository/org/apache/maven/doxia/doxia-module-fml/1.1.2/doxia-module-fml-1.1.2.jar:/home/ellian/.m2/repository/org/codehaus/plexus/plexus-i18n/1.0-beta-7/plexus-i18n-1.0-beta-7.jar:/home/ellian/.m2/repository/org/codehaus/plexus/plexus-velocity/1.1.7/plexus-velocity-1.1.7.jar:/home/ellian/.m2/repository/org/apache/velocity/velocity/1.5/velocity-1.5.jar:/home/ellian/.m2/repository/commons-collections/commons-collections/3.2/commons-collections-3.2.jar:/home/ellian/.m2/repository/commons-validator/commons-validator/1.2.0/commons-validator-1.2.0.jar:/home/ellian/.m2/repository/commons-beanutils/commons-beanutils/1.7.0/commons-beanutils-1.7.0.jar:/home/ellian/.m2/repository/commons-digester/commons-digester/1.6/commons-digester-1.6.jar:/home/ellian/.m2/repository/commons-logging/commons-logging/1.0.4/commons-logging-1.0.4.jar:/home/ellian/.m2/repository/oro/oro/2.0.8/oro-2.0.8.jar:/home/ellian/.m2/repository/xml-apis/xml-apis/1.0.b2/xml-apis-1.0.b2.jar:/home/ellian/.m2/repository/org/jacoco/org.jacoco.agent/0.8.6/org.jacoco.agent-0.8.6-runtime.jar:/home/ellian/.m2/repository/org/jacoco/org.jacoco.core/0.8.6/org.jacoco.core-0.8.6.jar:/home/ellian/.m2/repository/org/ow2/asm/asm/8.0.1/asm-8.0.1.jar:/home/ellian/.m2/repository/org/ow2/asm/asm-commons/8.0.1/asm-commons-8.0.1.jar:/home/ellian/.m2/repository/org/ow2/asm/asm-analysis/8.0.1/asm-analysis-8.0.1.jar:/home/ellian/.m2/repository/org/ow2/asm/asm-tree/8.0.1/asm-tree-8.0.1.jar:/home/ellian/.m2/repository/org/jacoco/org.jacoco.report/0.8.6/org.jacoco.report-0.8.6.jar
[INFO] 
[INFO] --- resources:3.3.1:resources (default-resources) @ projeto2-analise-algoritmo-sqrtsort ---
[INFO] skip non existing resourceDirectory /home/ellian/code/faculdade/IFB-AA/2024/projeto2-analise-algoritmo-sqrsort/src/main/resources
[INFO] 
[INFO] --- compiler:3.13.0:compile (default-compile) @ projeto2-analise-algoritmo-sqrtsort ---
[INFO] Recompiling the module because of changed source code.
[INFO] Compiling 8 source files with javac [debug target 21] to target/classes
[INFO] /home/ellian/code/faculdade/IFB-AA/2024/projeto2-analise-algoritmo-sqrsort/src/main/java/ellian/aragao/github/algoritmo/T2.java: Some input files use unchecked or unsafe operations.
[INFO] /home/ellian/code/faculdade/IFB-AA/2024/projeto2-analise-algoritmo-sqrsort/src/main/java/ellian/aragao/github/algoritmo/T2.java: Recompile with -Xlint:unchecked for details.
[INFO] 
[INFO] --- resources:3.3.1:testResources (default-testResources) @ projeto2-analise-algoritmo-sqrtsort ---
[INFO] skip non existing resourceDirectory /home/ellian/code/faculdade/IFB-AA/2024/projeto2-analise-algoritmo-sqrsort/src/test/resources
[INFO] 
[INFO] --- compiler:3.13.0:testCompile (default-testCompile) @ projeto2-analise-algoritmo-sqrtsort ---
[INFO] Recompiling the module because of changed dependency.
[INFO] Compiling 2 source files with javac [debug target 21] to target/test-classes
[INFO] 
[INFO] --- surefire:3.2.5:test (default-test) @ projeto2-analise-algoritmo-sqrtsort ---
[INFO] Using auto detected provider org.apache.maven.surefire.junitplatform.JUnitPlatformProvider
[INFO] 
[INFO] -------------------------------------------------------
[INFO]  T E S T S
[INFO] -------------------------------------------------------
[INFO] Running ellian.aragao.github.algoritmo.SqrtSortBubbleImplTest
[INFO] Tests run: 3, Failures: 0, Errors: 0, Skipped: 0, Time elapsed: 0.033 s -- in ellian.aragao.github.algoritmo.SqrtSortBubbleImplTest
[INFO] Running ellian.aragao.github.algoritmo.SqrtSortHeapImplTest
[INFO] Tests run: 1, Failures: 0, Errors: 0, Skipped: 0, Time elapsed: 0.003 s -- in ellian.aragao.github.algoritmo.SqrtSortHeapImplTest
[INFO] 
[INFO] Results:
[INFO] 
[INFO] Tests run: 4, Failures: 0, Errors: 0, Skipped: 0
[INFO] 
[INFO] 
[INFO] --- jar:3.3.0:jar (default-jar) @ projeto2-analise-algoritmo-sqrtsort ---
[INFO] Building jar: /home/ellian/code/faculdade/IFB-AA/2024/projeto2-analise-algoritmo-sqrsort/target/projeto2-analise-algoritmo-sqrtsort-1.0-SNAPSHOT.jar
[INFO] 
[INFO] --- exec:1.6.0:java (default-cli) @ projeto2-analise-algoritmo-sqrtsort ---
# Detecting actual CPU count: 12 detected
# JMH version: 1.37
# VM version: JDK 21.0.4, OpenJDK 64-Bit Server VM, 21.0.4+7-LTS
# VM invoker: /home/ellian/.asdf/installs/java/temurin-21.0.4+7.0.LTS/bin/java
# VM options: -Dclassworlds.conf=/home/ellian/.asdf/installs/maven/3.9.8/bin/m2.conf -Dmaven.home=/home/ellian/.asdf/installs/maven/3.9.8 -Dlibrary.jansi.path=/home/ellian/.asdf/installs/maven/3.9.8/lib/jansi-native -Dmaven.multiModuleProjectDirectory=/home/ellian/code/faculdade/IFB-AA/2024/projeto2-analise-algoritmo-sqrsort
# Blackhole mode: compiler (auto-detected, use -Djmh.blackhole.autoDetect=false to disable)
# Warmup: 5 iterations, 10 s each
# Measurement: 5 iterations, 10 s each
# Timeout: 10 min per iteration
# Threads: 12 threads, will synchronize iterations
# Benchmark mode: Average time, time/op
# Benchmark: ellian.aragao.github.AlgoritmoRunner.Entradas10_000.entrada10_000_aleatoriaHeap

# Run progress: 0.00% complete, ETA 00:08:20
# Fork: 1 of 5
# Warmup Iteration   1: 3105246.843 ±(99.9%) 44332.416 ns/op
# Warmup Iteration   2: 3529180.601 ±(99.9%) 100324.249 ns/op
# Warmup Iteration   3: 3096262.579 ±(99.9%) 36636.638 ns/op
# Warmup Iteration   4: 3066546.944 ±(99.9%) 55317.444 ns/op
# Warmup Iteration   5: 3162402.333 ±(99.9%) 56099.694 ns/op
Iteration   1: 3139310.128 ±(99.9%) 49928.369 ns/op
Iteration   2: 3166721.441 ±(99.9%) 54693.271 ns/op
Iteration   3: 3117543.969 ±(99.9%) 57051.974 ns/op
Iteration   4: 3090135.848 ±(99.9%) 61175.164 ns/op
Iteration   5: 3131669.757 ±(99.9%) 47189.837 ns/op

# Run progress: 20.00% complete, ETA 00:06:41
# Fork: 2 of 5
# Warmup Iteration   1: 3130462.315 ±(99.9%) 36384.013 ns/op
# Warmup Iteration   2: 3175664.593 ±(99.9%) 40855.019 ns/op
# Warmup Iteration   3: 3203765.756 ±(99.9%) 57229.747 ns/op
# Warmup Iteration   4: 3166346.554 ±(99.9%) 47169.389 ns/op
# Warmup Iteration   5: 3203880.152 ±(99.9%) 51259.059 ns/op
Iteration   1: 3190219.629 ±(99.9%) 46599.397 ns/op
Iteration   2: 3122149.208 ±(99.9%) 34019.325 ns/op
Iteration   3: 3204837.515 ±(99.9%) 51035.627 ns/op
Iteration   4: 3241390.393 ±(99.9%) 76866.906 ns/op
Iteration   5: 3202448.101 ±(99.9%) 61095.445 ns/op

# Run progress: 40.00% complete, ETA 00:05:01
# Fork: 3 of 5
# Warmup Iteration   1: 3186310.056 ±(99.9%) 47041.082 ns/op
# Warmup Iteration   2: 3155360.908 ±(99.9%) 66312.955 ns/op
# Warmup Iteration   3: 3110819.937 ±(99.9%) 59198.869 ns/op
# Warmup Iteration   4: 3121374.347 ±(99.9%) 43770.720 ns/op
# Warmup Iteration   5: 3159457.186 ±(99.9%) 47448.163 ns/op
Iteration   1: 3213315.935 ±(99.9%) 65089.531 ns/op
Iteration   2: 3401634.946 ±(99.9%) 39938.856 ns/op
Iteration   3: 3177828.291 ±(99.9%) 48910.529 ns/op
Iteration   4: 3140758.778 ±(99.9%) 45603.178 ns/op
Iteration   5: 3239657.948 ±(99.9%) 64100.535 ns/op

# Run progress: 60.00% complete, ETA 00:03:20
# Fork: 4 of 5
# Warmup Iteration   1: 3225132.140 ±(99.9%) 64823.824 ns/op
# Warmup Iteration   2: 3264098.099 ±(99.9%) 71200.725 ns/op
# Warmup Iteration   3: 3196792.475 ±(99.9%) 50721.580 ns/op
# Warmup Iteration   4: 3311907.981 ±(99.9%) 65233.409 ns/op
# Warmup Iteration   5: 3247457.375 ±(99.9%) 30764.532 ns/op
Iteration   1: 3419694.636 ±(99.9%) 66932.921 ns/op
Iteration   2: 3284747.080 ±(99.9%) 46582.731 ns/op
Iteration   3: 3243409.805 ±(99.9%) 43418.174 ns/op
Iteration   4: 3552762.766 ±(99.9%) 57224.023 ns/op
Iteration   5: 3436911.098 ±(99.9%) 55052.895 ns/op

# Run progress: 80.00% complete, ETA 00:01:40
# Fork: 5 of 5
# Warmup Iteration   1: 3220272.291 ±(99.9%) 37338.221 ns/op
# Warmup Iteration   2: 3298827.454 ±(99.9%) 83974.997 ns/op
# Warmup Iteration   3: 3158084.239 ±(99.9%) 53566.608 ns/op
# Warmup Iteration   4: 3131541.956 ±(99.9%) 42081.939 ns/op
# Warmup Iteration   5: 3429012.911 ±(99.9%) 81873.939 ns/op
Iteration   1: 3390524.583 ±(99.9%) 77190.312 ns/op
Iteration   2: 3221855.471 ±(99.9%) 56927.455 ns/op
Iteration   3: 3119243.347 ±(99.9%) 40893.992 ns/op
Iteration   4: 3203156.624 ±(99.9%) 52011.394 ns/op
Iteration   5: 3106604.523 ±(99.9%) 31533.252 ns/op


Result "ellian.aragao.github.AlgoritmoRunner.Entradas10_000.entrada10_000_aleatoriaHeap":
  3230341.273 ±(99.9%) 90402.198 ns/op [Average]
  (min, avg, max) = (3090135.848, 3230341.273, 3552762.766), stdev = 120684.348
  CI (99.9%): [3139939.075, 3320743.471] (assumes normal distribution)


# Run complete. Total time: 00:08:21

REMEMBER: The numbers below are just data. To gain reusable insights, you need to follow up on
why the numbers are the way they are. Use profilers (see -prof, -lprof), design factorial
experiments, perform baseline and negative tests that provide experimental control, make sure
the benchmarking environment is safe on JVM/OS/HW level, ask for reviews from the domain experts.
Do not assume the numbers tell you what you want them to tell.

NOTE: Current JVM experimentally supports Compiler Blackholes, and they are in use. Please exercise
extra caution when trusting the results, look into the generated code to check the benchmark still
works, and factor in a small probability of new VM bugs. Additionally, while comparisons between
different JVMs are already problematic, the performance difference caused by different Blackhole
modes can be very significant. Please make sure you use the consistent Blackhole mode for comparisons.

Benchmark                                                   Mode  Cnt        Score       Error  Units
AlgoritmoRunner.Entradas10_000.entrada10_000_aleatoriaHeap  avgt   25  3230341.273 ± 90402.198  ns/op
[INFO] ------------------------------------------------------------------------
[INFO] BUILD SUCCESS
[INFO] ------------------------------------------------------------------------
[INFO] Total time:  08:25 min
[INFO] Finished at: 2024-08-26T13:24:17-03:00
[INFO] ------------------------------------------------------------------------
