[INFO] Scanning for projects...
[WARNING] 
[WARNING] Some problems were encountered while building the effective model for ellian.aragao.github:projeto2-analise-algoritmo-sqrtsort:jar:1.0-SNAPSHOT
[WARNING] 'dependencies.dependency.version' for org.junit.jupiter:junit-jupiter:jar is either LATEST or RELEASE (both of them are being deprecated) @ line 48, column 22
[WARNING] 
[WARNING] It is highly recommended to fix these problems because they threaten the stability of your build.
[WARNING] 
[WARNING] For this reason, future Maven versions might no longer support building such malformed projects.
[WARNING] 
[INFO] 
[INFO] ------< ellian.aragao.github:projeto2-analise-algoritmo-sqrtsort >------
[INFO] Building projeto2-analise-algoritmo-sqrtsort 1.0-SNAPSHOT
[INFO]   from pom.xml
[INFO] --------------------------------[ jar ]---------------------------------
[INFO] 
[INFO] --- clean:3.2.0:clean (default-clean) @ projeto2-analise-algoritmo-sqrtsort ---
[INFO] Deleting /home/ellian/code/faculdade/IFB-AA/2024/projeto2-analise-algoritmo-sqrsort/target
[INFO] 
[INFO] --- dependency:3.7.0:build-classpath (build-classpath) @ projeto2-analise-algoritmo-sqrtsort ---
[INFO] Dependencies classpath:
/home/ellian/.m2/repository/org/openjdk/jmh/jmh-core/1.37/jmh-core-1.37.jar:/home/ellian/.m2/repository/net/sf/jopt-simple/jopt-simple/5.0.4/jopt-simple-5.0.4.jar:/home/ellian/.m2/repository/org/apache/commons/commons-math3/3.6.1/commons-math3-3.6.1.jar:/home/ellian/.m2/repository/org/openjdk/jmh/jmh-generator-annprocess/1.37/jmh-generator-annprocess-1.37.jar:/home/ellian/.m2/repository/org/jacoco/jacoco-maven-plugin/0.8.6/jacoco-maven-plugin-0.8.6.jar:/home/ellian/.m2/repository/org/apache/maven/maven-plugin-api/3.0/maven-plugin-api-3.0.jar:/home/ellian/.m2/repository/org/apache/maven/maven-model/3.0/maven-model-3.0.jar:/home/ellian/.m2/repository/org/apache/maven/maven-artifact/3.0/maven-artifact-3.0.jar:/home/ellian/.m2/repository/org/sonatype/sisu/sisu-inject-plexus/1.4.2/sisu-inject-plexus-1.4.2.jar:/home/ellian/.m2/repository/org/sonatype/sisu/sisu-inject-bean/1.4.2/sisu-inject-bean-1.4.2.jar:/home/ellian/.m2/repository/org/sonatype/sisu/sisu-guice/2.1.7/sisu-guice-2.1.7-noaop.jar:/home/ellian/.m2/repository/org/apache/maven/maven-core/3.0/maven-core-3.0.jar:/home/ellian/.m2/repository/org/apache/maven/maven-settings/3.0/maven-settings-3.0.jar:/home/ellian/.m2/repository/org/apache/maven/maven-settings-builder/3.0/maven-settings-builder-3.0.jar:/home/ellian/.m2/repository/org/apache/maven/maven-repository-metadata/3.0/maven-repository-metadata-3.0.jar:/home/ellian/.m2/repository/org/apache/maven/maven-model-builder/3.0/maven-model-builder-3.0.jar:/home/ellian/.m2/repository/org/apache/maven/maven-aether-provider/3.0/maven-aether-provider-3.0.jar:/home/ellian/.m2/repository/org/sonatype/aether/aether-impl/1.7/aether-impl-1.7.jar:/home/ellian/.m2/repository/org/sonatype/aether/aether-spi/1.7/aether-spi-1.7.jar:/home/ellian/.m2/repository/org/sonatype/aether/aether-api/1.7/aether-api-1.7.jar:/home/ellian/.m2/repository/org/sonatype/aether/aether-util/1.7/aether-util-1.7.jar:/home/ellian/.m2/repository/org/codehaus/plexus/plexus-interpolation/1.14/plexus-interpolation-1.14.jar:/home/ellian/.m2/repository/org/codehaus/plexus/plexus-classworlds/2.2.3/plexus-classworlds-2.2.3.jar:/home/ellian/.m2/repository/org/codehaus/plexus/plexus-component-annotations/1.5.5/plexus-component-annotations-1.5.5.jar:/home/ellian/.m2/repository/org/sonatype/plexus/plexus-sec-dispatcher/1.3/plexus-sec-dispatcher-1.3.jar:/home/ellian/.m2/repository/org/sonatype/plexus/plexus-cipher/1.4/plexus-cipher-1.4.jar:/home/ellian/.m2/repository/org/codehaus/plexus/plexus-utils/3.0.22/plexus-utils-3.0.22.jar:/home/ellian/.m2/repository/org/apache/maven/shared/file-management/1.2.1/file-management-1.2.1.jar:/home/ellian/.m2/repository/org/apache/maven/shared/maven-shared-io/1.1/maven-shared-io-1.1.jar:/home/ellian/.m2/repository/org/apache/maven/maven-artifact-manager/2.0.2/maven-artifact-manager-2.0.2.jar:/home/ellian/.m2/repository/org/apache/maven/wagon/wagon-provider-api/1.0-alpha-6/wagon-provider-api-1.0-alpha-6.jar:/home/ellian/.m2/repository/org/codehaus/plexus/plexus-container-default/1.0-alpha-9/plexus-container-default-1.0-alpha-9.jar:/home/ellian/.m2/repository/junit/junit/3.8.1/junit-3.8.1.jar:/home/ellian/.m2/repository/classworlds/classworlds/1.1-alpha-2/classworlds-1.1-alpha-2.jar:/home/ellian/.m2/repository/org/apache/maven/reporting/maven-reporting-api/3.0/maven-reporting-api-3.0.jar:/home/ellian/.m2/repository/org/apache/maven/doxia/doxia-sink-api/1.0/doxia-sink-api-1.0.jar:/home/ellian/.m2/repository/org/apache/maven/reporting/maven-reporting-impl/2.1/maven-reporting-impl-2.1.jar:/home/ellian/.m2/repository/org/apache/maven/maven-project/2.0.10/maven-project-2.0.10.jar:/home/ellian/.m2/repository/org/apache/maven/maven-profile/2.0.10/maven-profile-2.0.10.jar:/home/ellian/.m2/repository/org/apache/maven/maven-plugin-registry/2.0.10/maven-plugin-registry-2.0.10.jar:/home/ellian/.m2/repository/org/apache/maven/doxia/doxia-core/1.1.2/doxia-core-1.1.2.jar:/home/ellian/.m2/repository/org/apache/maven/doxia/doxia-logging-api/1.1.2/doxia-logging-api-1.1.2.jar:/home/ellian/.m2/repository/xerces/xercesImpl/2.8.1/xercesImpl-2.8.1.jar:/home/ellian/.m2/repository/commons-lang/commons-lang/2.4/commons-lang-2.4.jar:/home/ellian/.m2/repository/commons-httpclient/commons-httpclient/3.1/commons-httpclient-3.1.jar:/home/ellian/.m2/repository/commons-codec/commons-codec/1.2/commons-codec-1.2.jar:/home/ellian/.m2/repository/org/apache/maven/doxia/doxia-site-renderer/1.1.2/doxia-site-renderer-1.1.2.jar:/home/ellian/.m2/repository/org/apache/maven/doxia/doxia-decoration-model/1.1.2/doxia-decoration-model-1.1.2.jar:/home/ellian/.m2/repository/org/apache/maven/doxia/doxia-module-xhtml/1.1.2/doxia-module-xhtml-1.1.2.jar:/home/ellian/.m2/repository/org/apache/maven/doxia/doxia-module-fml/1.1.2/doxia-module-fml-1.1.2.jar:/home/ellian/.m2/repository/org/codehaus/plexus/plexus-i18n/1.0-beta-7/plexus-i18n-1.0-beta-7.jar:/home/ellian/.m2/repository/org/codehaus/plexus/plexus-velocity/1.1.7/plexus-velocity-1.1.7.jar:/home/ellian/.m2/repository/org/apache/velocity/velocity/1.5/velocity-1.5.jar:/home/ellian/.m2/repository/commons-collections/commons-collections/3.2/commons-collections-3.2.jar:/home/ellian/.m2/repository/commons-validator/commons-validator/1.2.0/commons-validator-1.2.0.jar:/home/ellian/.m2/repository/commons-beanutils/commons-beanutils/1.7.0/commons-beanutils-1.7.0.jar:/home/ellian/.m2/repository/commons-digester/commons-digester/1.6/commons-digester-1.6.jar:/home/ellian/.m2/repository/commons-logging/commons-logging/1.0.4/commons-logging-1.0.4.jar:/home/ellian/.m2/repository/oro/oro/2.0.8/oro-2.0.8.jar:/home/ellian/.m2/repository/xml-apis/xml-apis/1.0.b2/xml-apis-1.0.b2.jar:/home/ellian/.m2/repository/org/jacoco/org.jacoco.agent/0.8.6/org.jacoco.agent-0.8.6-runtime.jar:/home/ellian/.m2/repository/org/jacoco/org.jacoco.core/0.8.6/org.jacoco.core-0.8.6.jar:/home/ellian/.m2/repository/org/ow2/asm/asm/8.0.1/asm-8.0.1.jar:/home/ellian/.m2/repository/org/ow2/asm/asm-commons/8.0.1/asm-commons-8.0.1.jar:/home/ellian/.m2/repository/org/ow2/asm/asm-analysis/8.0.1/asm-analysis-8.0.1.jar:/home/ellian/.m2/repository/org/ow2/asm/asm-tree/8.0.1/asm-tree-8.0.1.jar:/home/ellian/.m2/repository/org/jacoco/org.jacoco.report/0.8.6/org.jacoco.report-0.8.6.jar
[INFO] 
[INFO] --- resources:3.3.1:resources (default-resources) @ projeto2-analise-algoritmo-sqrtsort ---
[INFO] skip non existing resourceDirectory /home/ellian/code/faculdade/IFB-AA/2024/projeto2-analise-algoritmo-sqrsort/src/main/resources
[INFO] 
[INFO] --- compiler:3.13.0:compile (default-compile) @ projeto2-analise-algoritmo-sqrtsort ---
[INFO] Recompiling the module because of changed source code.
[INFO] Compiling 6 source files with javac [debug target 21] to target/classes
[INFO] 
[INFO] --- resources:3.3.1:testResources (default-testResources) @ projeto2-analise-algoritmo-sqrtsort ---
[INFO] skip non existing resourceDirectory /home/ellian/code/faculdade/IFB-AA/2024/projeto2-analise-algoritmo-sqrsort/src/test/resources
[INFO] 
[INFO] --- compiler:3.13.0:testCompile (default-testCompile) @ projeto2-analise-algoritmo-sqrtsort ---
[INFO] Recompiling the module because of changed dependency.
[INFO] Compiling 2 source files with javac [debug target 21] to target/test-classes
[INFO] 
[INFO] --- surefire:3.2.5:test (default-test) @ projeto2-analise-algoritmo-sqrtsort ---
[INFO] Using auto detected provider org.apache.maven.surefire.junitplatform.JUnitPlatformProvider
[INFO] 
[INFO] -------------------------------------------------------
[INFO]  T E S T S
[INFO] -------------------------------------------------------
[INFO] Running ellian.aragao.github.algoritmo.SqrtSortBubbleImplTest
[INFO] Tests run: 3, Failures: 0, Errors: 0, Skipped: 0, Time elapsed: 0.033 s -- in ellian.aragao.github.algoritmo.SqrtSortBubbleImplTest
[INFO] Running ellian.aragao.github.algoritmo.SqrtSortHeapImplTest
[INFO] Tests run: 2, Failures: 0, Errors: 0, Skipped: 0, Time elapsed: 0.004 s -- in ellian.aragao.github.algoritmo.SqrtSortHeapImplTest
[INFO] 
[INFO] Results:
[INFO] 
[INFO] Tests run: 5, Failures: 0, Errors: 0, Skipped: 0
[INFO] 
[INFO] 
[INFO] --- jar:3.3.0:jar (default-jar) @ projeto2-analise-algoritmo-sqrtsort ---
[INFO] Building jar: /home/ellian/code/faculdade/IFB-AA/2024/projeto2-analise-algoritmo-sqrsort/target/projeto2-analise-algoritmo-sqrtsort-1.0-SNAPSHOT.jar
[INFO] 
[INFO] --- exec:1.6.0:java (default-cli) @ projeto2-analise-algoritmo-sqrtsort ---
# JMH version: 1.37
# VM version: JDK 21.0.4, OpenJDK 64-Bit Server VM, 21.0.4+7-LTS
# VM invoker: /home/ellian/.asdf/installs/java/temurin-21.0.4+7.0.LTS/bin/java
# VM options: -Dclassworlds.conf=/home/ellian/.asdf/installs/maven/3.9.8/bin/m2.conf -Dmaven.home=/home/ellian/.asdf/installs/maven/3.9.8 -Dlibrary.jansi.path=/home/ellian/.asdf/installs/maven/3.9.8/lib/jansi-native -Dmaven.multiModuleProjectDirectory=/home/ellian/code/faculdade/IFB-AA/2024/projeto2-analise-algoritmo-sqrsort
# Blackhole mode: compiler (auto-detected, use -Djmh.blackhole.autoDetect=false to disable)
# Warmup: 5 iterations, 10 s each
# Measurement: 5 iterations, 10 s each
# Timeout: 10 min per iteration
# Threads: 1 thread, will synchronize iterations
# Benchmark mode: Average time, time/op
# Benchmark: ellian.aragao.github.AlgoritmoRunner.Entradas1_000_000.entrada1_000_000_aleatoriaBubble

# Run progress: 0.00% complete, ETA 00:50:00
# Fork: 1 of 5
# Warmup Iteration   1: 10.818 s/op
# Warmup Iteration   2: 11.318 s/op
# Warmup Iteration   3: 7.389 s/op
# Warmup Iteration   4: 7.574 s/op
# Warmup Iteration   5: 7.769 s/op
Iteration   1: 7.818 s/op
Iteration   2: 7.263 s/op
Iteration   3: 7.745 s/op
Iteration   4: 7.459 s/op
Iteration   5: 7.536 s/op

# Run progress: 3.33% complete, ETA 01:09:23
# Fork: 2 of 5
# Warmup Iteration   1: 10.968 s/op
# Warmup Iteration   2: 11.709 s/op
# Warmup Iteration   3: 7.707 s/op
# Warmup Iteration   4: 7.493 s/op
# Warmup Iteration   5: 7.951 s/op
Iteration   1: 7.793 s/op
Iteration   2: 7.888 s/op
Iteration   3: 7.624 s/op
Iteration   4: 7.705 s/op
Iteration   5: 7.600 s/op

# Run progress: 6.67% complete, ETA 01:07:39
# Fork: 3 of 5
# Warmup Iteration   1: 11.196 s/op
# Warmup Iteration   2: 11.767 s/op
# Warmup Iteration   3: 7.674 s/op
# Warmup Iteration   4: 7.520 s/op
# Warmup Iteration   5: 7.909 s/op
Iteration   1: 7.721 s/op
Iteration   2: 7.740 s/op
Iteration   3: 7.711 s/op
Iteration   4: 7.780 s/op
Iteration   5: 7.724 s/op

# Run progress: 10.00% complete, ETA 01:05:30
# Fork: 4 of 5
# Warmup Iteration   1: 11.183 s/op
# Warmup Iteration   2: 11.731 s/op
# Warmup Iteration   3: 7.782 s/op
# Warmup Iteration   4: 7.657 s/op
# Warmup Iteration   5: 7.804 s/op
Iteration   1: 7.942 s/op
Iteration   2: 7.840 s/op
Iteration   3: 7.716 s/op
Iteration   4: 7.861 s/op
Iteration   5: 7.219 s/op

# Run progress: 13.33% complete, ETA 01:03:12
# Fork: 5 of 5
# Warmup Iteration   1: 10.985 s/op
# Warmup Iteration   2: 11.647 s/op
# Warmup Iteration   3: 7.719 s/op
# Warmup Iteration   4: 7.558 s/op
# Warmup Iteration   5: 7.839 s/op
Iteration   1: 7.783 s/op
Iteration   2: 7.849 s/op
Iteration   3: 7.706 s/op
Iteration   4: 7.920 s/op
Iteration   5: 7.050 s/op


Result "ellian.aragao.github.AlgoritmoRunner.Entradas1_000_000.entrada1_000_000_aleatoriaBubble":
  7.680 ±(99.9%) 0.167 s/op [Average]
  (min, avg, max) = (7.050, 7.680, 7.942), stdev = 0.222
  CI (99.9%): [7.513, 7.846] (assumes normal distribution)


# JMH version: 1.37
# VM version: JDK 21.0.4, OpenJDK 64-Bit Server VM, 21.0.4+7-LTS
# VM invoker: /home/ellian/.asdf/installs/java/temurin-21.0.4+7.0.LTS/bin/java
# VM options: -Dclassworlds.conf=/home/ellian/.asdf/installs/maven/3.9.8/bin/m2.conf -Dmaven.home=/home/ellian/.asdf/installs/maven/3.9.8 -Dlibrary.jansi.path=/home/ellian/.asdf/installs/maven/3.9.8/lib/jansi-native -Dmaven.multiModuleProjectDirectory=/home/ellian/code/faculdade/IFB-AA/2024/projeto2-analise-algoritmo-sqrsort
# Blackhole mode: compiler (auto-detected, use -Djmh.blackhole.autoDetect=false to disable)
# Warmup: 5 iterations, 10 s each
# Measurement: 5 iterations, 10 s each
# Timeout: 10 min per iteration
# Threads: 1 thread, will synchronize iterations
# Benchmark mode: Average time, time/op
# Benchmark: ellian.aragao.github.AlgoritmoRunner.Entradas1_000_000.entrada1_000_000_aleatoriaHeap

# Run progress: 16.67% complete, ETA 01:00:46
# Fork: 1 of 5
# Warmup Iteration   1: 9.259 s/op
# Warmup Iteration   2: 6.097 s/op
# Warmup Iteration   3: 5.005 s/op
# Warmup Iteration   4: 5.906 s/op
# Warmup Iteration   5: 5.110 s/op
Iteration   1: 6.090 s/op
Iteration   2: 6.279 s/op
Iteration   3: 6.016 s/op
Iteration   4: 4.785 s/op
Iteration   5: 6.036 s/op

# Run progress: 20.00% complete, ETA 00:57:22
# Fork: 2 of 5
# Warmup Iteration   1: 9.305 s/op
# Warmup Iteration   2: 5.890 s/op
# Warmup Iteration   3: 5.400 s/op
# Warmup Iteration   4: 5.947 s/op
# Warmup Iteration   5: 6.252 s/op
Iteration   1: 6.223 s/op
Iteration   2: 6.050 s/op
Iteration   3: 5.850 s/op
Iteration   4: 5.784 s/op
Iteration   5: 5.841 s/op

# Run progress: 23.33% complete, ETA 00:53:59
# Fork: 3 of 5
# Warmup Iteration   1: 9.180 s/op
# Warmup Iteration   2: 5.933 s/op
# Warmup Iteration   3: 5.682 s/op
# Warmup Iteration   4: 6.078 s/op
# Warmup Iteration   5: 5.876 s/op
Iteration   1: 5.885 s/op
Iteration   2: 5.861 s/op
Iteration   3: 5.372 s/op
Iteration   4: 6.067 s/op
Iteration   5: 4.121 s/op

# Run progress: 26.67% complete, ETA 00:50:53
# Fork: 4 of 5
# Warmup Iteration   1: 9.200 s/op
# Warmup Iteration   2: 6.015 s/op
# Warmup Iteration   3: 5.203 s/op
# Warmup Iteration   4: 6.068 s/op
# Warmup Iteration   5: 5.294 s/op
Iteration   1: 6.184 s/op
Iteration   2: 6.323 s/op
Iteration   3: 6.127 s/op
Iteration   4: 5.987 s/op
Iteration   5: 5.551 s/op

# Run progress: 30.00% complete, ETA 00:48:12
# Fork: 5 of 5
# Warmup Iteration   1: 9.420 s/op
# Warmup Iteration   2: 6.143 s/op
# Warmup Iteration   3: 5.014 s/op
# Warmup Iteration   4: 5.885 s/op
# Warmup Iteration   5: 5.106 s/op
Iteration   1: 5.313 s/op
Iteration   2: 5.025 s/op
Iteration   3: 5.784 s/op
Iteration   4: 5.165 s/op
Iteration   5: 5.452 s/op


Result "ellian.aragao.github.AlgoritmoRunner.Entradas1_000_000.entrada1_000_000_aleatoriaHeap":
  5.727 ±(99.9%) 0.394 s/op [Average]
  (min, avg, max) = (4.121, 5.727, 6.323), stdev = 0.525
  CI (99.9%): [5.333, 6.120] (assumes normal distribution)


# JMH version: 1.37
# VM version: JDK 21.0.4, OpenJDK 64-Bit Server VM, 21.0.4+7-LTS
# VM invoker: /home/ellian/.asdf/installs/java/temurin-21.0.4+7.0.LTS/bin/java
# VM options: -Dclassworlds.conf=/home/ellian/.asdf/installs/maven/3.9.8/bin/m2.conf -Dmaven.home=/home/ellian/.asdf/installs/maven/3.9.8 -Dlibrary.jansi.path=/home/ellian/.asdf/installs/maven/3.9.8/lib/jansi-native -Dmaven.multiModuleProjectDirectory=/home/ellian/code/faculdade/IFB-AA/2024/projeto2-analise-algoritmo-sqrsort
# Blackhole mode: compiler (auto-detected, use -Djmh.blackhole.autoDetect=false to disable)
# Warmup: 5 iterations, 10 s each
# Measurement: 5 iterations, 10 s each
# Timeout: 10 min per iteration
# Threads: 1 thread, will synchronize iterations
# Benchmark mode: Average time, time/op
# Benchmark: ellian.aragao.github.AlgoritmoRunner.Entradas1_000_000.entrada1_000_000_crecenteBubble

# Run progress: 33.33% complete, ETA 00:45:33
# Fork: 1 of 5
# Warmup Iteration   1: 5.661 s/op
# Warmup Iteration   2: 3.897 s/op
# Warmup Iteration   3: 3.863 s/op
# Warmup Iteration   4: 4.027 s/op
# Warmup Iteration   5: 3.985 s/op
Iteration   1: 3.940 s/op
Iteration   2: 3.849 s/op
Iteration   3: 4.020 s/op
Iteration   4: 3.957 s/op
Iteration   5: 3.847 s/op

# Run progress: 36.67% complete, ETA 00:42:44
# Fork: 2 of 5
# Warmup Iteration   1: 6.045 s/op
# Warmup Iteration   2: 3.941 s/op
# Warmup Iteration   3: 3.944 s/op
# Warmup Iteration   4: 3.940 s/op
# Warmup Iteration   5: 3.979 s/op
Iteration   1: 3.958 s/op
Iteration   2: 3.855 s/op
Iteration   3: 3.932 s/op
Iteration   4: 3.948 s/op
Iteration   5: 4.007 s/op

# Run progress: 40.00% complete, ETA 00:40:04
# Fork: 3 of 5
# Warmup Iteration   1: 5.608 s/op
# Warmup Iteration   2: 3.956 s/op
# Warmup Iteration   3: 4.018 s/op
# Warmup Iteration   4: 4.017 s/op
# Warmup Iteration   5: 4.008 s/op
Iteration   1: 3.950 s/op
Iteration   2: 3.944 s/op
Iteration   3: 3.978 s/op
Iteration   4: 3.982 s/op
Iteration   5: 3.997 s/op

# Run progress: 43.33% complete, ETA 00:37:32
# Fork: 4 of 5
# Warmup Iteration   1: 5.873 s/op
# Warmup Iteration   2: 3.935 s/op
# Warmup Iteration   3: 3.985 s/op
# Warmup Iteration   4: 3.985 s/op
# Warmup Iteration   5: 4.035 s/op
Iteration   1: 4.018 s/op
Iteration   2: 4.127 s/op
Iteration   3: 4.064 s/op
Iteration   4: 4.031 s/op
Iteration   5: 4.053 s/op

# Run progress: 46.67% complete, ETA 00:35:06
# Fork: 5 of 5
# Warmup Iteration   1: 5.824 s/op
# Warmup Iteration   2: 3.939 s/op
# Warmup Iteration   3: 3.994 s/op
# Warmup Iteration   4: 4.022 s/op
# Warmup Iteration   5: 3.970 s/op
Iteration   1: 4.000 s/op
Iteration   2: 3.982 s/op
Iteration   3: 3.960 s/op
Iteration   4: 3.863 s/op
Iteration   5: 3.924 s/op


Result "ellian.aragao.github.AlgoritmoRunner.Entradas1_000_000.entrada1_000_000_crecenteBubble":
  3.967 ±(99.9%) 0.051 s/op [Average]
  (min, avg, max) = (3.847, 3.967, 4.127), stdev = 0.069
  CI (99.9%): [3.916, 4.019] (assumes normal distribution)


# JMH version: 1.37
# VM version: JDK 21.0.4, OpenJDK 64-Bit Server VM, 21.0.4+7-LTS
# VM invoker: /home/ellian/.asdf/installs/java/temurin-21.0.4+7.0.LTS/bin/java
# VM options: -Dclassworlds.conf=/home/ellian/.asdf/installs/maven/3.9.8/bin/m2.conf -Dmaven.home=/home/ellian/.asdf/installs/maven/3.9.8 -Dlibrary.jansi.path=/home/ellian/.asdf/installs/maven/3.9.8/lib/jansi-native -Dmaven.multiModuleProjectDirectory=/home/ellian/code/faculdade/IFB-AA/2024/projeto2-analise-algoritmo-sqrsort
# Blackhole mode: compiler (auto-detected, use -Djmh.blackhole.autoDetect=false to disable)
# Warmup: 5 iterations, 10 s each
# Measurement: 5 iterations, 10 s each
# Timeout: 10 min per iteration
# Threads: 1 thread, will synchronize iterations
# Benchmark mode: Average time, time/op
# Benchmark: ellian.aragao.github.AlgoritmoRunner.Entradas1_000_000.entrada1_000_000_crecenteHeap

# Run progress: 50.00% complete, ETA 00:32:41
# Fork: 1 of 5
# Warmup Iteration   1: 3.364 s/op
# Warmup Iteration   2: 2.342 s/op
# Warmup Iteration   3: 2.252 s/op
# Warmup Iteration   4: 2.193 s/op
# Warmup Iteration   5: 2.348 s/op
Iteration   1: 2.404 s/op
Iteration   2: 2.374 s/op
Iteration   3: 2.126 s/op
Iteration   4: 2.328 s/op
Iteration   5: 2.312 s/op

# Run progress: 53.33% complete, ETA 00:30:15
# Fork: 2 of 5
# Warmup Iteration   1: 3.491 s/op
# Warmup Iteration   2: 2.251 s/op
# Warmup Iteration   3: 2.380 s/op
# Warmup Iteration   4: 2.266 s/op
# Warmup Iteration   5: 2.404 s/op
Iteration   1: 2.221 s/op
Iteration   2: 2.429 s/op
Iteration   3: 2.374 s/op
Iteration   4: 2.239 s/op
Iteration   5: 2.332 s/op

# Run progress: 56.67% complete, ETA 00:27:55
# Fork: 3 of 5
# Warmup Iteration   1: 2.977 s/op
# Warmup Iteration   2: 2.355 s/op
# Warmup Iteration   3: 2.205 s/op
# Warmup Iteration   4: 2.267 s/op
# Warmup Iteration   5: 2.237 s/op
Iteration   1: 2.379 s/op
Iteration   2: 2.281 s/op
Iteration   3: 2.415 s/op
Iteration   4: 2.434 s/op
Iteration   5: 2.419 s/op

# Run progress: 60.00% complete, ETA 00:25:38
# Fork: 4 of 5
# Warmup Iteration   1: 3.511 s/op
# Warmup Iteration   2: 2.343 s/op
# Warmup Iteration   3: 2.321 s/op
# Warmup Iteration   4: 2.386 s/op
# Warmup Iteration   5: 2.177 s/op
Iteration   1: 2.333 s/op
Iteration   2: 2.255 s/op
Iteration   3: 2.356 s/op
Iteration   4: 2.423 s/op
Iteration   5: 2.406 s/op

# Run progress: 63.33% complete, ETA 00:23:22
# Fork: 5 of 5
# Warmup Iteration   1: 2.946 s/op
# Warmup Iteration   2: 2.377 s/op
# Warmup Iteration   3: 2.265 s/op
# Warmup Iteration   4: 2.275 s/op
# Warmup Iteration   5: 2.358 s/op
Iteration   1: 2.358 s/op
Iteration   2: 2.213 s/op
Iteration   3: 2.385 s/op
Iteration   4: 2.266 s/op
Iteration   5: 2.437 s/op


Result "ellian.aragao.github.AlgoritmoRunner.Entradas1_000_000.entrada1_000_000_crecenteHeap":
  2.340 ±(99.9%) 0.062 s/op [Average]
  (min, avg, max) = (2.126, 2.340, 2.437), stdev = 0.083
  CI (99.9%): [2.278, 2.402] (assumes normal distribution)


# JMH version: 1.37
# VM version: JDK 21.0.4, OpenJDK 64-Bit Server VM, 21.0.4+7-LTS
# VM invoker: /home/ellian/.asdf/installs/java/temurin-21.0.4+7.0.LTS/bin/java
# VM options: -Dclassworlds.conf=/home/ellian/.asdf/installs/maven/3.9.8/bin/m2.conf -Dmaven.home=/home/ellian/.asdf/installs/maven/3.9.8 -Dlibrary.jansi.path=/home/ellian/.asdf/installs/maven/3.9.8/lib/jansi-native -Dmaven.multiModuleProjectDirectory=/home/ellian/code/faculdade/IFB-AA/2024/projeto2-analise-algoritmo-sqrsort
# Blackhole mode: compiler (auto-detected, use -Djmh.blackhole.autoDetect=false to disable)
# Warmup: 5 iterations, 10 s each
# Measurement: 5 iterations, 10 s each
# Timeout: 10 min per iteration
# Threads: 1 thread, will synchronize iterations
# Benchmark mode: Average time, time/op
# Benchmark: ellian.aragao.github.AlgoritmoRunner.Entradas1_000_000.entrada1_000_000_decrecenteBubble

# Run progress: 66.67% complete, ETA 00:21:10
# Fork: 1 of 5
# Warmup Iteration   1: 6.605 s/op
# Warmup Iteration   2: 5.184 s/op
# Warmup Iteration   3: 5.174 s/op
# Warmup Iteration   4: 5.328 s/op
# Warmup Iteration   5: 5.350 s/op
Iteration   1: 5.021 s/op
Iteration   2: 5.267 s/op
Iteration   3: 5.152 s/op
Iteration   4: 5.282 s/op
Iteration   5: 5.129 s/op

# Run progress: 70.00% complete, ETA 00:18:54
# Fork: 2 of 5
# Warmup Iteration   1: 6.587 s/op
# Warmup Iteration   2: 5.180 s/op
# Warmup Iteration   3: 5.248 s/op
# Warmup Iteration   4: 5.386 s/op
# Warmup Iteration   5: 5.191 s/op
Iteration   1: 5.364 s/op
Iteration   2: 5.280 s/op
Iteration   3: 5.363 s/op
Iteration   4: 5.332 s/op
Iteration   5: 5.302 s/op

# Run progress: 73.33% complete, ETA 00:16:42
# Fork: 3 of 5
# Warmup Iteration   1: 6.613 s/op
# Warmup Iteration   2: 5.206 s/op
# Warmup Iteration   3: 5.164 s/op
# Warmup Iteration   4: 5.305 s/op
# Warmup Iteration   5: 5.234 s/op
Iteration   1: 5.019 s/op
Iteration   2: 5.012 s/op
Iteration   3: 5.343 s/op
Iteration   4: 5.278 s/op
Iteration   5: 5.289 s/op

# Run progress: 76.67% complete, ETA 00:14:32
# Fork: 4 of 5
# Warmup Iteration   1: 6.603 s/op
# Warmup Iteration   2: 5.250 s/op
# Warmup Iteration   3: 5.185 s/op
# Warmup Iteration   4: 5.260 s/op
# Warmup Iteration   5: 5.073 s/op
Iteration   1: 5.096 s/op
Iteration   2: 5.364 s/op
Iteration   3: 5.085 s/op
Iteration   4: 5.101 s/op
Iteration   5: 5.100 s/op

# Run progress: 80.00% complete, ETA 00:12:24
# Fork: 5 of 5
# Warmup Iteration   1: 6.623 s/op
# Warmup Iteration   2: 5.212 s/op
# Warmup Iteration   3: 5.176 s/op
# Warmup Iteration   4: 5.310 s/op
# Warmup Iteration   5: 5.330 s/op
Iteration   1: 5.346 s/op
Iteration   2: 5.124 s/op
Iteration   3: 5.236 s/op
Iteration   4: 5.346 s/op
Iteration   5: 5.080 s/op


Result "ellian.aragao.github.AlgoritmoRunner.Entradas1_000_000.entrada1_000_000_decrecenteBubble":
  5.212 ±(99.9%) 0.093 s/op [Average]
  (min, avg, max) = (5.012, 5.212, 5.364), stdev = 0.124
  CI (99.9%): [5.119, 5.306] (assumes normal distribution)


# JMH version: 1.37
# VM version: JDK 21.0.4, OpenJDK 64-Bit Server VM, 21.0.4+7-LTS
# VM invoker: /home/ellian/.asdf/installs/java/temurin-21.0.4+7.0.LTS/bin/java
# VM options: -Dclassworlds.conf=/home/ellian/.asdf/installs/maven/3.9.8/bin/m2.conf -Dmaven.home=/home/ellian/.asdf/installs/maven/3.9.8 -Dlibrary.jansi.path=/home/ellian/.asdf/installs/maven/3.9.8/lib/jansi-native -Dmaven.multiModuleProjectDirectory=/home/ellian/code/faculdade/IFB-AA/2024/projeto2-analise-algoritmo-sqrsort
# Blackhole mode: compiler (auto-detected, use -Djmh.blackhole.autoDetect=false to disable)
# Warmup: 5 iterations, 10 s each
# Measurement: 5 iterations, 10 s each
# Timeout: 10 min per iteration
# Threads: 1 thread, will synchronize iterations
# Benchmark mode: Average time, time/op
# Benchmark: ellian.aragao.github.AlgoritmoRunner.Entradas1_000_000.entrada1_000_000_decrecenteHeap

# Run progress: 83.33% complete, ETA 00:10:17
# Fork: 1 of 5
# Warmup Iteration   1: 3.342 s/op
# Warmup Iteration   2: 2.342 s/op
# Warmup Iteration   3: 2.472 s/op
# Warmup Iteration   4: 2.364 s/op
# Warmup Iteration   5: 2.338 s/op
Iteration   1: 2.431 s/op
Iteration   2: 2.329 s/op
Iteration   3: 2.282 s/op
Iteration   4: 2.392 s/op
Iteration   5: 2.347 s/op

# Run progress: 86.67% complete, ETA 00:08:12
# Fork: 2 of 5
# Warmup Iteration   1: 2.969 s/op
# Warmup Iteration   2: 2.406 s/op
# Warmup Iteration   3: 2.259 s/op
# Warmup Iteration   4: 2.251 s/op
# Warmup Iteration   5: 2.408 s/op
Iteration   1: 2.319 s/op
Iteration   2: 2.376 s/op
Iteration   3: 2.523 s/op
Iteration   4: 2.291 s/op
Iteration   5: 2.336 s/op

# Run progress: 90.00% complete, ETA 00:06:08
# Fork: 3 of 5
# Warmup Iteration   1: 3.400 s/op
# Warmup Iteration   2: 2.359 s/op
# Warmup Iteration   3: 2.579 s/op
# Warmup Iteration   4: 2.534 s/op
# Warmup Iteration   5: 2.393 s/op
Iteration   1: 2.488 s/op
Iteration   2: 2.537 s/op
Iteration   3: 2.412 s/op
Iteration   4: 2.272 s/op
Iteration   5: 2.539 s/op

# Run progress: 93.33% complete, ETA 00:04:05
# Fork: 4 of 5
# Warmup Iteration   1: 3.084 s/op
# Warmup Iteration   2: 2.442 s/op
# Warmup Iteration   3: 2.331 s/op
# Warmup Iteration   4: 2.247 s/op
# Warmup Iteration   5: 2.482 s/op
Iteration   1: 2.130 s/op
Iteration   2: 2.370 s/op
Iteration   3: 2.287 s/op
Iteration   4: 2.272 s/op
Iteration   5: 2.439 s/op

# Run progress: 96.67% complete, ETA 00:02:02
# Fork: 5 of 5
# Warmup Iteration   1: 2.953 s/op
# Warmup Iteration   2: 2.410 s/op
# Warmup Iteration   3: 2.404 s/op
# Warmup Iteration   4: 2.214 s/op
# Warmup Iteration   5: 2.100 s/op
Iteration   1: 2.549 s/op
Iteration   2: 2.501 s/op
Iteration   3: 2.458 s/op
Iteration   4: 2.393 s/op
Iteration   5: 2.110 s/op


Result "ellian.aragao.github.AlgoritmoRunner.Entradas1_000_000.entrada1_000_000_decrecenteHeap":
  2.375 ±(99.9%) 0.088 s/op [Average]
  (min, avg, max) = (2.110, 2.375, 2.549), stdev = 0.118
  CI (99.9%): [2.287, 2.464] (assumes normal distribution)


# Run complete. Total time: 01:01:00

REMEMBER: The numbers below are just data. To gain reusable insights, you need to follow up on
why the numbers are the way they are. Use profilers (see -prof, -lprof), design factorial
experiments, perform baseline and negative tests that provide experimental control, make sure
the benchmarking environment is safe on JVM/OS/HW level, ask for reviews from the domain experts.
Do not assume the numbers tell you what you want them to tell.

NOTE: Current JVM experimentally supports Compiler Blackholes, and they are in use. Please exercise
extra caution when trusting the results, look into the generated code to check the benchmark still
works, and factor in a small probability of new VM bugs. Additionally, while comparisons between
different JVMs are already problematic, the performance difference caused by different Blackhole
modes can be very significant. Please make sure you use the consistent Blackhole mode for comparisons.

Benchmark                                                            Mode  Cnt  Score   Error  Units
AlgoritmoRunner.Entradas1_000_000.entrada1_000_000_aleatoriaBubble   avgt   25  7.680 ± 0.167   s/op
AlgoritmoRunner.Entradas1_000_000.entrada1_000_000_aleatoriaHeap     avgt   25  5.727 ± 0.394   s/op
AlgoritmoRunner.Entradas1_000_000.entrada1_000_000_crecenteBubble    avgt   25  3.967 ± 0.051   s/op
AlgoritmoRunner.Entradas1_000_000.entrada1_000_000_crecenteHeap      avgt   25  2.340 ± 0.062   s/op
AlgoritmoRunner.Entradas1_000_000.entrada1_000_000_decrecenteBubble  avgt   25  5.212 ± 0.093   s/op
AlgoritmoRunner.Entradas1_000_000.entrada1_000_000_decrecenteHeap    avgt   25  2.375 ± 0.088   s/op
[INFO] ------------------------------------------------------------------------
[INFO] BUILD SUCCESS
[INFO] ------------------------------------------------------------------------
[INFO] Total time:  01:01 h
[INFO] Finished at: 2024-08-19T13:37:38-03:00
[INFO] ------------------------------------------------------------------------
