[INFO] Scanning for projects...
[WARNING] 
[WARNING] Some problems were encountered while building the effective model for ellian.aragao.github:projeto2-analise-algoritmo-sqrtsort:jar:1.0-SNAPSHOT
[WARNING] 'dependencies.dependency.version' for org.junit.jupiter:junit-jupiter:jar is either LATEST or RELEASE (both of them are being deprecated) @ line 48, column 22
[WARNING] 
[WARNING] It is highly recommended to fix these problems because they threaten the stability of your build.
[WARNING] 
[WARNING] For this reason, future Maven versions might no longer support building such malformed projects.
[WARNING] 
[INFO] 
[INFO] ------< ellian.aragao.github:projeto2-analise-algoritmo-sqrtsort >------
[INFO] Building projeto2-analise-algoritmo-sqrtsort 1.0-SNAPSHOT
[INFO]   from pom.xml
[INFO] --------------------------------[ jar ]---------------------------------
[INFO] 
[INFO] --- clean:3.2.0:clean (default-clean) @ projeto2-analise-algoritmo-sqrtsort ---
[INFO] Deleting /home/ellian/code/faculdade/IFB-AA/2024/projeto2-analise-algoritmo-sqrsort/target
[INFO] 
[INFO] --- dependency:3.7.0:build-classpath (build-classpath) @ projeto2-analise-algoritmo-sqrtsort ---
[INFO] Dependencies classpath:
/home/ellian/.m2/repository/org/openjdk/jmh/jmh-core/1.37/jmh-core-1.37.jar:/home/ellian/.m2/repository/net/sf/jopt-simple/jopt-simple/5.0.4/jopt-simple-5.0.4.jar:/home/ellian/.m2/repository/org/apache/commons/commons-math3/3.6.1/commons-math3-3.6.1.jar:/home/ellian/.m2/repository/org/openjdk/jmh/jmh-generator-annprocess/1.37/jmh-generator-annprocess-1.37.jar:/home/ellian/.m2/repository/org/jacoco/jacoco-maven-plugin/0.8.6/jacoco-maven-plugin-0.8.6.jar:/home/ellian/.m2/repository/org/apache/maven/maven-plugin-api/3.0/maven-plugin-api-3.0.jar:/home/ellian/.m2/repository/org/apache/maven/maven-model/3.0/maven-model-3.0.jar:/home/ellian/.m2/repository/org/apache/maven/maven-artifact/3.0/maven-artifact-3.0.jar:/home/ellian/.m2/repository/org/sonatype/sisu/sisu-inject-plexus/1.4.2/sisu-inject-plexus-1.4.2.jar:/home/ellian/.m2/repository/org/sonatype/sisu/sisu-inject-bean/1.4.2/sisu-inject-bean-1.4.2.jar:/home/ellian/.m2/repository/org/sonatype/sisu/sisu-guice/2.1.7/sisu-guice-2.1.7-noaop.jar:/home/ellian/.m2/repository/org/apache/maven/maven-core/3.0/maven-core-3.0.jar:/home/ellian/.m2/repository/org/apache/maven/maven-settings/3.0/maven-settings-3.0.jar:/home/ellian/.m2/repository/org/apache/maven/maven-settings-builder/3.0/maven-settings-builder-3.0.jar:/home/ellian/.m2/repository/org/apache/maven/maven-repository-metadata/3.0/maven-repository-metadata-3.0.jar:/home/ellian/.m2/repository/org/apache/maven/maven-model-builder/3.0/maven-model-builder-3.0.jar:/home/ellian/.m2/repository/org/apache/maven/maven-aether-provider/3.0/maven-aether-provider-3.0.jar:/home/ellian/.m2/repository/org/sonatype/aether/aether-impl/1.7/aether-impl-1.7.jar:/home/ellian/.m2/repository/org/sonatype/aether/aether-spi/1.7/aether-spi-1.7.jar:/home/ellian/.m2/repository/org/sonatype/aether/aether-api/1.7/aether-api-1.7.jar:/home/ellian/.m2/repository/org/sonatype/aether/aether-util/1.7/aether-util-1.7.jar:/home/ellian/.m2/repository/org/codehaus/plexus/plexus-interpolation/1.14/plexus-interpolation-1.14.jar:/home/ellian/.m2/repository/org/codehaus/plexus/plexus-classworlds/2.2.3/plexus-classworlds-2.2.3.jar:/home/ellian/.m2/repository/org/codehaus/plexus/plexus-component-annotations/1.5.5/plexus-component-annotations-1.5.5.jar:/home/ellian/.m2/repository/org/sonatype/plexus/plexus-sec-dispatcher/1.3/plexus-sec-dispatcher-1.3.jar:/home/ellian/.m2/repository/org/sonatype/plexus/plexus-cipher/1.4/plexus-cipher-1.4.jar:/home/ellian/.m2/repository/org/codehaus/plexus/plexus-utils/3.0.22/plexus-utils-3.0.22.jar:/home/ellian/.m2/repository/org/apache/maven/shared/file-management/1.2.1/file-management-1.2.1.jar:/home/ellian/.m2/repository/org/apache/maven/shared/maven-shared-io/1.1/maven-shared-io-1.1.jar:/home/ellian/.m2/repository/org/apache/maven/maven-artifact-manager/2.0.2/maven-artifact-manager-2.0.2.jar:/home/ellian/.m2/repository/org/apache/maven/wagon/wagon-provider-api/1.0-alpha-6/wagon-provider-api-1.0-alpha-6.jar:/home/ellian/.m2/repository/org/codehaus/plexus/plexus-container-default/1.0-alpha-9/plexus-container-default-1.0-alpha-9.jar:/home/ellian/.m2/repository/junit/junit/3.8.1/junit-3.8.1.jar:/home/ellian/.m2/repository/classworlds/classworlds/1.1-alpha-2/classworlds-1.1-alpha-2.jar:/home/ellian/.m2/repository/org/apache/maven/reporting/maven-reporting-api/3.0/maven-reporting-api-3.0.jar:/home/ellian/.m2/repository/org/apache/maven/doxia/doxia-sink-api/1.0/doxia-sink-api-1.0.jar:/home/ellian/.m2/repository/org/apache/maven/reporting/maven-reporting-impl/2.1/maven-reporting-impl-2.1.jar:/home/ellian/.m2/repository/org/apache/maven/maven-project/2.0.10/maven-project-2.0.10.jar:/home/ellian/.m2/repository/org/apache/maven/maven-profile/2.0.10/maven-profile-2.0.10.jar:/home/ellian/.m2/repository/org/apache/maven/maven-plugin-registry/2.0.10/maven-plugin-registry-2.0.10.jar:/home/ellian/.m2/repository/org/apache/maven/doxia/doxia-core/1.1.2/doxia-core-1.1.2.jar:/home/ellian/.m2/repository/org/apache/maven/doxia/doxia-logging-api/1.1.2/doxia-logging-api-1.1.2.jar:/home/ellian/.m2/repository/xerces/xercesImpl/2.8.1/xercesImpl-2.8.1.jar:/home/ellian/.m2/repository/commons-lang/commons-lang/2.4/commons-lang-2.4.jar:/home/ellian/.m2/repository/commons-httpclient/commons-httpclient/3.1/commons-httpclient-3.1.jar:/home/ellian/.m2/repository/commons-codec/commons-codec/1.2/commons-codec-1.2.jar:/home/ellian/.m2/repository/org/apache/maven/doxia/doxia-site-renderer/1.1.2/doxia-site-renderer-1.1.2.jar:/home/ellian/.m2/repository/org/apache/maven/doxia/doxia-decoration-model/1.1.2/doxia-decoration-model-1.1.2.jar:/home/ellian/.m2/repository/org/apache/maven/doxia/doxia-module-xhtml/1.1.2/doxia-module-xhtml-1.1.2.jar:/home/ellian/.m2/repository/org/apache/maven/doxia/doxia-module-fml/1.1.2/doxia-module-fml-1.1.2.jar:/home/ellian/.m2/repository/org/codehaus/plexus/plexus-i18n/1.0-beta-7/plexus-i18n-1.0-beta-7.jar:/home/ellian/.m2/repository/org/codehaus/plexus/plexus-velocity/1.1.7/plexus-velocity-1.1.7.jar:/home/ellian/.m2/repository/org/apache/velocity/velocity/1.5/velocity-1.5.jar:/home/ellian/.m2/repository/commons-collections/commons-collections/3.2/commons-collections-3.2.jar:/home/ellian/.m2/repository/commons-validator/commons-validator/1.2.0/commons-validator-1.2.0.jar:/home/ellian/.m2/repository/commons-beanutils/commons-beanutils/1.7.0/commons-beanutils-1.7.0.jar:/home/ellian/.m2/repository/commons-digester/commons-digester/1.6/commons-digester-1.6.jar:/home/ellian/.m2/repository/commons-logging/commons-logging/1.0.4/commons-logging-1.0.4.jar:/home/ellian/.m2/repository/oro/oro/2.0.8/oro-2.0.8.jar:/home/ellian/.m2/repository/xml-apis/xml-apis/1.0.b2/xml-apis-1.0.b2.jar:/home/ellian/.m2/repository/org/jacoco/org.jacoco.agent/0.8.6/org.jacoco.agent-0.8.6-runtime.jar:/home/ellian/.m2/repository/org/jacoco/org.jacoco.core/0.8.6/org.jacoco.core-0.8.6.jar:/home/ellian/.m2/repository/org/ow2/asm/asm/8.0.1/asm-8.0.1.jar:/home/ellian/.m2/repository/org/ow2/asm/asm-commons/8.0.1/asm-commons-8.0.1.jar:/home/ellian/.m2/repository/org/ow2/asm/asm-analysis/8.0.1/asm-analysis-8.0.1.jar:/home/ellian/.m2/repository/org/ow2/asm/asm-tree/8.0.1/asm-tree-8.0.1.jar:/home/ellian/.m2/repository/org/jacoco/org.jacoco.report/0.8.6/org.jacoco.report-0.8.6.jar
[INFO] 
[INFO] --- resources:3.3.1:resources (default-resources) @ projeto2-analise-algoritmo-sqrtsort ---
[INFO] skip non existing resourceDirectory /home/ellian/code/faculdade/IFB-AA/2024/projeto2-analise-algoritmo-sqrsort/src/main/resources
[INFO] 
[INFO] --- compiler:3.13.0:compile (default-compile) @ projeto2-analise-algoritmo-sqrtsort ---
[INFO] Recompiling the module because of changed source code.
[INFO] Compiling 8 source files with javac [debug target 21] to target/classes
[INFO] /home/ellian/code/faculdade/IFB-AA/2024/projeto2-analise-algoritmo-sqrsort/src/main/java/ellian/aragao/github/algoritmo/T2.java: Some input files use unchecked or unsafe operations.
[INFO] /home/ellian/code/faculdade/IFB-AA/2024/projeto2-analise-algoritmo-sqrsort/src/main/java/ellian/aragao/github/algoritmo/T2.java: Recompile with -Xlint:unchecked for details.
[INFO] 
[INFO] --- resources:3.3.1:testResources (default-testResources) @ projeto2-analise-algoritmo-sqrtsort ---
[INFO] skip non existing resourceDirectory /home/ellian/code/faculdade/IFB-AA/2024/projeto2-analise-algoritmo-sqrsort/src/test/resources
[INFO] 
[INFO] --- compiler:3.13.0:testCompile (default-testCompile) @ projeto2-analise-algoritmo-sqrtsort ---
[INFO] Recompiling the module because of changed dependency.
[INFO] Compiling 2 source files with javac [debug target 21] to target/test-classes
[INFO] 
[INFO] --- surefire:3.2.5:test (default-test) @ projeto2-analise-algoritmo-sqrtsort ---
[INFO] Using auto detected provider org.apache.maven.surefire.junitplatform.JUnitPlatformProvider
[INFO] 
[INFO] -------------------------------------------------------
[INFO]  T E S T S
[INFO] -------------------------------------------------------
[INFO] Running ellian.aragao.github.algoritmo.SqrtSortBubbleImplTest
[INFO] Tests run: 3, Failures: 0, Errors: 0, Skipped: 0, Time elapsed: 0.035 s -- in ellian.aragao.github.algoritmo.SqrtSortBubbleImplTest
[INFO] Running ellian.aragao.github.algoritmo.SqrtSortHeapImplTest
[INFO] Tests run: 1, Failures: 0, Errors: 0, Skipped: 0, Time elapsed: 0.003 s -- in ellian.aragao.github.algoritmo.SqrtSortHeapImplTest
[INFO] 
[INFO] Results:
[INFO] 
[INFO] Tests run: 4, Failures: 0, Errors: 0, Skipped: 0
[INFO] 
[INFO] 
[INFO] --- jar:3.3.0:jar (default-jar) @ projeto2-analise-algoritmo-sqrtsort ---
[INFO] Building jar: /home/ellian/code/faculdade/IFB-AA/2024/projeto2-analise-algoritmo-sqrsort/target/projeto2-analise-algoritmo-sqrtsort-1.0-SNAPSHOT.jar
[INFO] 
[INFO] --- exec:1.6.0:java (default-cli) @ projeto2-analise-algoritmo-sqrtsort ---
# Detecting actual CPU count: 12 detected
# JMH version: 1.37
# VM version: JDK 21.0.4, OpenJDK 64-Bit Server VM, 21.0.4+7-LTS
# VM invoker: /home/ellian/.asdf/installs/java/temurin-21.0.4+7.0.LTS/bin/java
# VM options: -Dclassworlds.conf=/home/ellian/.asdf/installs/maven/3.9.8/bin/m2.conf -Dmaven.home=/home/ellian/.asdf/installs/maven/3.9.8 -Dlibrary.jansi.path=/home/ellian/.asdf/installs/maven/3.9.8/lib/jansi-native -Dmaven.multiModuleProjectDirectory=/home/ellian/code/faculdade/IFB-AA/2024/projeto2-analise-algoritmo-sqrsort
# Blackhole mode: compiler (auto-detected, use -Djmh.blackhole.autoDetect=false to disable)
# Warmup: 5 iterations, 10 s each
# Measurement: 5 iterations, 10 s each
# Timeout: 10 min per iteration
# Threads: 12 threads, will synchronize iterations
# Benchmark mode: Average time, time/op
# Benchmark: ellian.aragao.github.AlgoritmoRunner.Entradas10_000.entrada10_000_aleatoriaBubble

# Run progress: 0.00% complete, ETA 00:50:00
# Fork: 1 of 5
# Warmup Iteration   1: 12.846 ±(99.9%) 0.211 ms/op
# Warmup Iteration   2: 12.985 ±(99.9%) 0.244 ms/op
# Warmup Iteration   3: 12.658 ±(99.9%) 0.262 ms/op
# Warmup Iteration   4: 12.532 ±(99.9%) 0.258 ms/op
# Warmup Iteration   5: 12.978 ±(99.9%) 0.310 ms/op
Iteration   1: 12.622 ±(99.9%) 0.294 ms/op
Iteration   2: 12.556 ±(99.9%) 0.268 ms/op
Iteration   3: 12.468 ±(99.9%) 0.107 ms/op
Iteration   4: 12.816 ±(99.9%) 0.285 ms/op
Iteration   5: 12.519 ±(99.9%) 0.151 ms/op

# Run progress: 3.33% complete, ETA 00:48:36
# Fork: 2 of 5
# Warmup Iteration   1: 13.936 ±(99.9%) 0.252 ms/op
# Warmup Iteration   2: 14.355 ±(99.9%) 0.370 ms/op
# Warmup Iteration   3: 14.154 ±(99.9%) 0.188 ms/op
# Warmup Iteration   4: 13.732 ±(99.9%) 0.185 ms/op
# Warmup Iteration   5: 14.207 ±(99.9%) 0.429 ms/op
Iteration   1: 13.890 ±(99.9%) 0.361 ms/op
Iteration   2: 13.753 ±(99.9%) 0.272 ms/op
Iteration   3: 14.215 ±(99.9%) 0.505 ms/op
Iteration   4: 14.353 ±(99.9%) 0.232 ms/op
Iteration   5: 13.733 ±(99.9%) 0.240 ms/op

# Run progress: 6.67% complete, ETA 00:46:55
# Fork: 3 of 5
# Warmup Iteration   1: 14.300 ±(99.9%) 0.247 ms/op
# Warmup Iteration   2: 14.533 ±(99.9%) 0.277 ms/op
# Warmup Iteration   3: 14.132 ±(99.9%) 0.211 ms/op
# Warmup Iteration   4: 14.208 ±(99.9%) 0.201 ms/op
# Warmup Iteration   5: 14.979 ±(99.9%) 0.573 ms/op
Iteration   1: 14.595 ±(99.9%) 0.424 ms/op
Iteration   2: 14.419 ±(99.9%) 0.298 ms/op
Iteration   3: 14.244 ±(99.9%) 0.262 ms/op
Iteration   4: 14.349 ±(99.9%) 0.328 ms/op
Iteration   5: 14.283 ±(99.9%) 0.282 ms/op

# Run progress: 10.00% complete, ETA 00:45:14
# Fork: 4 of 5
# Warmup Iteration   1: 14.576 ±(99.9%) 0.324 ms/op
# Warmup Iteration   2: 14.562 ±(99.9%) 0.375 ms/op
# Warmup Iteration   3: 14.541 ±(99.9%) 0.316 ms/op
# Warmup Iteration   4: 14.289 ±(99.9%) 0.312 ms/op
# Warmup Iteration   5: 14.203 ±(99.9%) 0.235 ms/op
Iteration   1: 14.305 ±(99.9%) 0.349 ms/op
Iteration   2: 14.175 ±(99.9%) 0.154 ms/op
Iteration   3: 14.200 ±(99.9%) 0.261 ms/op
Iteration   4: 14.531 ±(99.9%) 0.370 ms/op
Iteration   5: 14.113 ±(99.9%) 0.250 ms/op

# Run progress: 13.33% complete, ETA 00:43:33
# Fork: 5 of 5
# Warmup Iteration   1: 14.124 ±(99.9%) 0.208 ms/op
# Warmup Iteration   2: 14.616 ±(99.9%) 0.327 ms/op
# Warmup Iteration   3: 14.171 ±(99.9%) 0.269 ms/op
# Warmup Iteration   4: 14.117 ±(99.9%) 0.230 ms/op
# Warmup Iteration   5: 14.412 ±(99.9%) 0.193 ms/op
Iteration   1: 14.402 ±(99.9%) 0.358 ms/op
Iteration   2: 14.007 ±(99.9%) 0.131 ms/op
Iteration   3: 14.173 ±(99.9%) 0.197 ms/op
Iteration   4: 14.773 ±(99.9%) 0.384 ms/op
Iteration   5: 14.189 ±(99.9%) 0.243 ms/op


Result "ellian.aragao.github.AlgoritmoRunner.Entradas10_000.entrada10_000_aleatoriaBubble":
  13.907 ±(99.9%) 0.532 ms/op [Average]
  (min, avg, max) = (12.468, 13.907, 14.773), stdev = 0.710
  CI (99.9%): [13.375, 14.439] (assumes normal distribution)


# JMH version: 1.37
# VM version: JDK 21.0.4, OpenJDK 64-Bit Server VM, 21.0.4+7-LTS
# VM invoker: /home/ellian/.asdf/installs/java/temurin-21.0.4+7.0.LTS/bin/java
# VM options: -Dclassworlds.conf=/home/ellian/.asdf/installs/maven/3.9.8/bin/m2.conf -Dmaven.home=/home/ellian/.asdf/installs/maven/3.9.8 -Dlibrary.jansi.path=/home/ellian/.asdf/installs/maven/3.9.8/lib/jansi-native -Dmaven.multiModuleProjectDirectory=/home/ellian/code/faculdade/IFB-AA/2024/projeto2-analise-algoritmo-sqrsort
# Blackhole mode: compiler (auto-detected, use -Djmh.blackhole.autoDetect=false to disable)
# Warmup: 5 iterations, 10 s each
# Measurement: 5 iterations, 10 s each
# Timeout: 10 min per iteration
# Threads: 12 threads, will synchronize iterations
# Benchmark mode: Average time, time/op
# Benchmark: ellian.aragao.github.AlgoritmoRunner.Entradas10_000.entrada10_000_aleatoriaHeap

# Run progress: 16.67% complete, ETA 00:41:52
# Fork: 1 of 5
# Warmup Iteration   1: 3.073 ±(99.9%) 0.068 ms/op
# Warmup Iteration   2: 3.004 ±(99.9%) 0.050 ms/op
# Warmup Iteration   3: 3.009 ±(99.9%) 0.039 ms/op
# Warmup Iteration   4: 3.008 ±(99.9%) 0.029 ms/op
# Warmup Iteration   5: 3.031 ±(99.9%) 0.030 ms/op
Iteration   1: 3.035 ±(99.9%) 0.034 ms/op
Iteration   2: 3.020 ±(99.9%) 0.041 ms/op
Iteration   3: 3.122 ±(99.9%) 0.035 ms/op
Iteration   4: 3.062 ±(99.9%) 0.045 ms/op
Iteration   5: 3.045 ±(99.9%) 0.052 ms/op

# Run progress: 20.00% complete, ETA 00:40:11
# Fork: 2 of 5
# Warmup Iteration   1: 3.250 ±(99.9%) 0.068 ms/op
# Warmup Iteration   2: 3.205 ±(99.9%) 0.056 ms/op
# Warmup Iteration   3: 3.101 ±(99.9%) 0.063 ms/op
# Warmup Iteration   4: 3.100 ±(99.9%) 0.138 ms/op
# Warmup Iteration   5: 3.041 ±(99.9%) 0.133 ms/op
Iteration   1: 3.147 ±(99.9%) 0.146 ms/op
Iteration   2: 3.073 ±(99.9%) 0.117 ms/op
Iteration   3: 3.010 ±(99.9%) 0.124 ms/op
Iteration   4: 3.070 ±(99.9%) 0.137 ms/op
Iteration   5: 3.116 ±(99.9%) 0.188 ms/op

# Run progress: 23.33% complete, ETA 00:38:30
# Fork: 3 of 5
# Warmup Iteration   1: 3.011 ±(99.9%) 0.048 ms/op
# Warmup Iteration   2: 3.014 ±(99.9%) 0.040 ms/op
# Warmup Iteration   3: 3.055 ±(99.9%) 0.078 ms/op
# Warmup Iteration   4: 2.945 ±(99.9%) 0.028 ms/op
# Warmup Iteration   5: 2.991 ±(99.9%) 0.043 ms/op
Iteration   1: 3.060 ±(99.9%) 0.062 ms/op
Iteration   2: 2.946 ±(99.9%) 0.020 ms/op
Iteration   3: 3.060 ±(99.9%) 0.058 ms/op
Iteration   4: 3.009 ±(99.9%) 0.056 ms/op
Iteration   5: 3.010 ±(99.9%) 0.028 ms/op

# Run progress: 26.67% complete, ETA 00:36:49
# Fork: 4 of 5
# Warmup Iteration   1: 3.096 ±(99.9%) 0.049 ms/op
# Warmup Iteration   2: 3.054 ±(99.9%) 0.038 ms/op
# Warmup Iteration   3: 3.074 ±(99.9%) 0.030 ms/op
# Warmup Iteration   4: 3.130 ±(99.9%) 0.042 ms/op
# Warmup Iteration   5: 3.077 ±(99.9%) 0.039 ms/op
Iteration   1: 3.090 ±(99.9%) 0.030 ms/op
Iteration   2: 3.087 ±(99.9%) 0.051 ms/op
Iteration   3: 3.105 ±(99.9%) 0.060 ms/op
Iteration   4: 3.009 ±(99.9%) 0.018 ms/op
Iteration   5: 3.158 ±(99.9%) 0.065 ms/op

# Run progress: 30.00% complete, ETA 00:35:09
# Fork: 5 of 5
# Warmup Iteration   1: 3.110 ±(99.9%) 0.045 ms/op
# Warmup Iteration   2: 3.006 ±(99.9%) 0.018 ms/op
# Warmup Iteration   3: 3.152 ±(99.9%) 0.052 ms/op
# Warmup Iteration   4: 3.085 ±(99.9%) 0.048 ms/op
# Warmup Iteration   5: 3.018 ±(99.9%) 0.013 ms/op
Iteration   1: 3.140 ±(99.9%) 0.063 ms/op
Iteration   2: 3.101 ±(99.9%) 0.042 ms/op
Iteration   3: 3.019 ±(99.9%) 0.021 ms/op
Iteration   4: 3.089 ±(99.9%) 0.041 ms/op
Iteration   5: 3.160 ±(99.9%) 0.098 ms/op


Result "ellian.aragao.github.AlgoritmoRunner.Entradas10_000.entrada10_000_aleatoriaHeap":
  3.070 ±(99.9%) 0.041 ms/op [Average]
  (min, avg, max) = (2.946, 3.070, 3.160), stdev = 0.055
  CI (99.9%): [3.029, 3.111] (assumes normal distribution)


# JMH version: 1.37
# VM version: JDK 21.0.4, OpenJDK 64-Bit Server VM, 21.0.4+7-LTS
# VM invoker: /home/ellian/.asdf/installs/java/temurin-21.0.4+7.0.LTS/bin/java
# VM options: -Dclassworlds.conf=/home/ellian/.asdf/installs/maven/3.9.8/bin/m2.conf -Dmaven.home=/home/ellian/.asdf/installs/maven/3.9.8 -Dlibrary.jansi.path=/home/ellian/.asdf/installs/maven/3.9.8/lib/jansi-native -Dmaven.multiModuleProjectDirectory=/home/ellian/code/faculdade/IFB-AA/2024/projeto2-analise-algoritmo-sqrsort
# Blackhole mode: compiler (auto-detected, use -Djmh.blackhole.autoDetect=false to disable)
# Warmup: 5 iterations, 10 s each
# Measurement: 5 iterations, 10 s each
# Timeout: 10 min per iteration
# Threads: 12 threads, will synchronize iterations
# Benchmark mode: Average time, time/op
# Benchmark: ellian.aragao.github.AlgoritmoRunner.Entradas10_000.entrada10_000_crecenteBubble

# Run progress: 33.33% complete, ETA 00:33:28
# Fork: 1 of 5
# Warmup Iteration   1: 11.008 ±(99.9%) 0.071 ms/op
# Warmup Iteration   2: 11.097 ±(99.9%) 0.081 ms/op
# Warmup Iteration   3: 11.294 ±(99.9%) 0.298 ms/op
# Warmup Iteration   4: 10.974 ±(99.9%) 0.061 ms/op
# Warmup Iteration   5: 11.088 ±(99.9%) 0.130 ms/op
Iteration   1: 11.267 ±(99.9%) 0.309 ms/op
Iteration   2: 11.060 ±(99.9%) 0.124 ms/op
Iteration   3: 11.107 ±(99.9%) 0.149 ms/op
Iteration   4: 11.082 ±(99.9%) 0.124 ms/op
Iteration   5: 11.192 ±(99.9%) 0.206 ms/op

# Run progress: 36.67% complete, ETA 00:31:48
# Fork: 2 of 5
# Warmup Iteration   1: 10.516 ±(99.9%) 0.142 ms/op
# Warmup Iteration   2: 10.400 ±(99.9%) 0.134 ms/op
# Warmup Iteration   3: 10.493 ±(99.9%) 0.144 ms/op
# Warmup Iteration   4: 10.473 ±(99.9%) 0.202 ms/op
# Warmup Iteration   5: 10.478 ±(99.9%) 0.156 ms/op
Iteration   1: 10.363 ±(99.9%) 0.088 ms/op
Iteration   2: 10.652 ±(99.9%) 0.162 ms/op
Iteration   3: 10.454 ±(99.9%) 0.185 ms/op
Iteration   4: 10.332 ±(99.9%) 0.084 ms/op
Iteration   5: 10.688 ±(99.9%) 0.217 ms/op

# Run progress: 40.00% complete, ETA 00:30:07
# Fork: 3 of 5
# Warmup Iteration   1: 11.062 ±(99.9%) 0.136 ms/op
# Warmup Iteration   2: 10.899 ±(99.9%) 0.093 ms/op
# Warmup Iteration   3: 11.227 ±(99.9%) 0.245 ms/op
# Warmup Iteration   4: 11.158 ±(99.9%) 0.187 ms/op
# Warmup Iteration   5: 10.887 ±(99.9%) 0.070 ms/op
Iteration   1: 11.034 ±(99.9%) 0.184 ms/op
Iteration   2: 11.208 ±(99.9%) 0.253 ms/op
Iteration   3: 10.893 ±(99.9%) 0.063 ms/op
Iteration   4: 11.013 ±(99.9%) 0.127 ms/op
Iteration   5: 11.452 ±(99.9%) 0.335 ms/op

# Run progress: 43.33% complete, ETA 00:28:27
# Fork: 4 of 5
# Warmup Iteration   1: 10.987 ±(99.9%) 0.135 ms/op
# Warmup Iteration   2: 10.965 ±(99.9%) 0.119 ms/op
# Warmup Iteration   3: 11.193 ±(99.9%) 0.167 ms/op
# Warmup Iteration   4: 10.989 ±(99.9%) 0.127 ms/op
# Warmup Iteration   5: 10.948 ±(99.9%) 0.112 ms/op
Iteration   1: 11.178 ±(99.9%) 0.203 ms/op
Iteration   2: 11.188 ±(99.9%) 0.205 ms/op
Iteration   3: 10.940 ±(99.9%) 0.127 ms/op
Iteration   4: 10.994 ±(99.9%) 0.192 ms/op
Iteration   5: 11.166 ±(99.9%) 0.173 ms/op

# Run progress: 46.67% complete, ETA 00:26:47
# Fork: 5 of 5
# Warmup Iteration   1: 11.060 ±(99.9%) 0.266 ms/op
# Warmup Iteration   2: 11.128 ±(99.9%) 0.268 ms/op
# Warmup Iteration   3: 11.286 ±(99.9%) 0.272 ms/op
# Warmup Iteration   4: 11.078 ±(99.9%) 0.295 ms/op
# Warmup Iteration   5: 11.075 ±(99.9%) 0.345 ms/op
Iteration   1: 11.026 ±(99.9%) 0.305 ms/op
Iteration   2: 11.141 ±(99.9%) 0.195 ms/op
Iteration   3: 10.966 ±(99.9%) 0.070 ms/op
Iteration   4: 10.957 ±(99.9%) 0.072 ms/op
Iteration   5: 11.107 ±(99.9%) 0.158 ms/op


Result "ellian.aragao.github.AlgoritmoRunner.Entradas10_000.entrada10_000_crecenteBubble":
  10.978 ±(99.9%) 0.210 ms/op [Average]
  (min, avg, max) = (10.332, 10.978, 11.452), stdev = 0.280
  CI (99.9%): [10.769, 11.188] (assumes normal distribution)


# JMH version: 1.37
# VM version: JDK 21.0.4, OpenJDK 64-Bit Server VM, 21.0.4+7-LTS
# VM invoker: /home/ellian/.asdf/installs/java/temurin-21.0.4+7.0.LTS/bin/java
# VM options: -Dclassworlds.conf=/home/ellian/.asdf/installs/maven/3.9.8/bin/m2.conf -Dmaven.home=/home/ellian/.asdf/installs/maven/3.9.8 -Dlibrary.jansi.path=/home/ellian/.asdf/installs/maven/3.9.8/lib/jansi-native -Dmaven.multiModuleProjectDirectory=/home/ellian/code/faculdade/IFB-AA/2024/projeto2-analise-algoritmo-sqrsort
# Blackhole mode: compiler (auto-detected, use -Djmh.blackhole.autoDetect=false to disable)
# Warmup: 5 iterations, 10 s each
# Measurement: 5 iterations, 10 s each
# Timeout: 10 min per iteration
# Threads: 12 threads, will synchronize iterations
# Benchmark mode: Average time, time/op
# Benchmark: ellian.aragao.github.AlgoritmoRunner.Entradas10_000.entrada10_000_crecenteHeap

# Run progress: 50.00% complete, ETA 00:25:06
# Fork: 1 of 5
# Warmup Iteration   1: 2.362 ±(99.9%) 0.030 ms/op
# Warmup Iteration   2: 2.323 ±(99.9%) 0.029 ms/op
# Warmup Iteration   3: 2.348 ±(99.9%) 0.038 ms/op
# Warmup Iteration   4: 2.360 ±(99.9%) 0.021 ms/op
# Warmup Iteration   5: 2.250 ±(99.9%) 0.034 ms/op
Iteration   1: 2.233 ±(99.9%) 0.016 ms/op
Iteration   2: 2.309 ±(99.9%) 0.033 ms/op
Iteration   3: 2.236 ±(99.9%) 0.032 ms/op
Iteration   4: 2.221 ±(99.9%) 0.022 ms/op
Iteration   5: 2.298 ±(99.9%) 0.043 ms/op

# Run progress: 53.33% complete, ETA 00:23:26
# Fork: 2 of 5
# Warmup Iteration   1: 2.323 ±(99.9%) 0.040 ms/op
# Warmup Iteration   2: 2.261 ±(99.9%) 0.027 ms/op
# Warmup Iteration   3: 2.317 ±(99.9%) 0.041 ms/op
# Warmup Iteration   4: 2.300 ±(99.9%) 0.045 ms/op
# Warmup Iteration   5: 2.255 ±(99.9%) 0.024 ms/op
Iteration   1: 2.279 ±(99.9%) 0.040 ms/op
Iteration   2: 2.328 ±(99.9%) 0.030 ms/op
Iteration   3: 2.259 ±(99.9%) 0.026 ms/op
Iteration   4: 2.285 ±(99.9%) 0.036 ms/op
Iteration   5: 2.329 ±(99.9%) 0.029 ms/op

# Run progress: 56.67% complete, ETA 00:21:45
# Fork: 3 of 5
# Warmup Iteration   1: 2.275 ±(99.9%) 0.022 ms/op
# Warmup Iteration   2: 2.280 ±(99.9%) 0.047 ms/op
# Warmup Iteration   3: 2.296 ±(99.9%) 0.024 ms/op
# Warmup Iteration   4: 2.292 ±(99.9%) 0.032 ms/op
# Warmup Iteration   5: 2.281 ±(99.9%) 0.017 ms/op
Iteration   1: 2.269 ±(99.9%) 0.037 ms/op
Iteration   2: 2.290 ±(99.9%) 0.030 ms/op
Iteration   3: 2.284 ±(99.9%) 0.038 ms/op
Iteration   4: 2.269 ±(99.9%) 0.034 ms/op
Iteration   5: 2.292 ±(99.9%) 0.031 ms/op

# Run progress: 60.00% complete, ETA 00:20:05
# Fork: 4 of 5
# Warmup Iteration   1: 2.382 ±(99.9%) 0.034 ms/op
# Warmup Iteration   2: 2.322 ±(99.9%) 0.026 ms/op
# Warmup Iteration   3: 2.308 ±(99.9%) 0.014 ms/op
# Warmup Iteration   4: 2.369 ±(99.9%) 0.045 ms/op
# Warmup Iteration   5: 2.319 ±(99.9%) 0.027 ms/op
Iteration   1: 2.292 ±(99.9%) 0.014 ms/op
Iteration   2: 2.390 ±(99.9%) 0.046 ms/op
Iteration   3: 2.328 ±(99.9%) 0.030 ms/op
Iteration   4: 2.291 ±(99.9%) 0.017 ms/op
Iteration   5: 2.374 ±(99.9%) 0.046 ms/op

# Run progress: 63.33% complete, ETA 00:18:24
# Fork: 5 of 5
# Warmup Iteration   1: 2.230 ±(99.9%) 0.036 ms/op
# Warmup Iteration   2: 2.162 ±(99.9%) 0.035 ms/op
# Warmup Iteration   3: 2.169 ±(99.9%) 0.022 ms/op
# Warmup Iteration   4: 2.217 ±(99.9%) 0.051 ms/op
# Warmup Iteration   5: 2.168 ±(99.9%) 0.020 ms/op
Iteration   1: 2.176 ±(99.9%) 0.058 ms/op
Iteration   2: 2.183 ±(99.9%) 0.043 ms/op
Iteration   3: 2.146 ±(99.9%) 0.025 ms/op
Iteration   4: 2.206 ±(99.9%) 0.059 ms/op
Iteration   5: 2.183 ±(99.9%) 0.041 ms/op


Result "ellian.aragao.github.AlgoritmoRunner.Entradas10_000.entrada10_000_crecenteHeap":
  2.270 ±(99.9%) 0.046 ms/op [Average]
  (min, avg, max) = (2.146, 2.270, 2.390), stdev = 0.061
  CI (99.9%): [2.224, 2.315] (assumes normal distribution)


# JMH version: 1.37
# VM version: JDK 21.0.4, OpenJDK 64-Bit Server VM, 21.0.4+7-LTS
# VM invoker: /home/ellian/.asdf/installs/java/temurin-21.0.4+7.0.LTS/bin/java
# VM options: -Dclassworlds.conf=/home/ellian/.asdf/installs/maven/3.9.8/bin/m2.conf -Dmaven.home=/home/ellian/.asdf/installs/maven/3.9.8 -Dlibrary.jansi.path=/home/ellian/.asdf/installs/maven/3.9.8/lib/jansi-native -Dmaven.multiModuleProjectDirectory=/home/ellian/code/faculdade/IFB-AA/2024/projeto2-analise-algoritmo-sqrsort
# Blackhole mode: compiler (auto-detected, use -Djmh.blackhole.autoDetect=false to disable)
# Warmup: 5 iterations, 10 s each
# Measurement: 5 iterations, 10 s each
# Timeout: 10 min per iteration
# Threads: 12 threads, will synchronize iterations
# Benchmark mode: Average time, time/op
# Benchmark: ellian.aragao.github.AlgoritmoRunner.Entradas10_000.entrada10_000_decrecenteBubble

# Run progress: 66.67% complete, ETA 00:16:44
# Fork: 1 of 5
# Warmup Iteration   1: 13.156 ±(99.9%) 0.154 ms/op
# Warmup Iteration   2: 13.442 ±(99.9%) 0.245 ms/op
# Warmup Iteration   3: 13.246 ±(99.9%) 0.151 ms/op
# Warmup Iteration   4: 13.325 ±(99.9%) 0.252 ms/op
# Warmup Iteration   5: 13.235 ±(99.9%) 0.096 ms/op
Iteration   1: 13.515 ±(99.9%) 0.326 ms/op
Iteration   2: 13.088 ±(99.9%) 0.092 ms/op
Iteration   3: 13.205 ±(99.9%) 0.145 ms/op
Iteration   4: 13.443 ±(99.9%) 0.370 ms/op
Iteration   5: 13.247 ±(99.9%) 0.195 ms/op

# Run progress: 70.00% complete, ETA 00:15:03
# Fork: 2 of 5
# Warmup Iteration   1: 13.548 ±(99.9%) 0.302 ms/op
# Warmup Iteration   2: 13.459 ±(99.9%) 0.195 ms/op
# Warmup Iteration   3: 13.179 ±(99.9%) 0.181 ms/op
# Warmup Iteration   4: 13.196 ±(99.9%) 0.080 ms/op
# Warmup Iteration   5: 13.200 ±(99.9%) 0.168 ms/op
Iteration   1: 13.393 ±(99.9%) 0.177 ms/op
Iteration   2: 13.436 ±(99.9%) 0.329 ms/op
Iteration   3: 13.184 ±(99.9%) 0.180 ms/op
Iteration   4: 13.345 ±(99.9%) 0.197 ms/op
Iteration   5: 13.393 ±(99.9%) 0.189 ms/op

# Run progress: 73.33% complete, ETA 00:13:23
# Fork: 3 of 5
# Warmup Iteration   1: 12.891 ±(99.9%) 0.258 ms/op
# Warmup Iteration   2: 12.911 ±(99.9%) 0.184 ms/op
# Warmup Iteration   3: 13.120 ±(99.9%) 0.306 ms/op
# Warmup Iteration   4: 12.976 ±(99.9%) 0.253 ms/op
# Warmup Iteration   5: 12.737 ±(99.9%) 0.166 ms/op
Iteration   1: 13.136 ±(99.9%) 0.292 ms/op
Iteration   2: 12.810 ±(99.9%) 0.231 ms/op
Iteration   3: 12.688 ±(99.9%) 0.117 ms/op
Iteration   4: 13.043 ±(99.9%) 0.312 ms/op
Iteration   5: 12.925 ±(99.9%) 0.175 ms/op

# Run progress: 76.67% complete, ETA 00:11:42
# Fork: 4 of 5
# Warmup Iteration   1: 13.161 ±(99.9%) 0.134 ms/op
# Warmup Iteration   2: 13.343 ±(99.9%) 0.189 ms/op
# Warmup Iteration   3: 13.352 ±(99.9%) 0.252 ms/op
# Warmup Iteration   4: 13.087 ±(99.9%) 0.091 ms/op
# Warmup Iteration   5: 13.220 ±(99.9%) 0.159 ms/op
Iteration   1: 13.511 ±(99.9%) 0.261 ms/op
Iteration   2: 13.088 ±(99.9%) 0.125 ms/op
Iteration   3: 13.188 ±(99.9%) 0.241 ms/op
Iteration   4: 13.617 ±(99.9%) 0.228 ms/op
Iteration   5: 13.126 ±(99.9%) 0.136 ms/op

# Run progress: 80.00% complete, ETA 00:10:02
# Fork: 5 of 5
# Warmup Iteration   1: 13.004 ±(99.9%) 0.111 ms/op
# Warmup Iteration   2: 13.019 ±(99.9%) 0.182 ms/op
# Warmup Iteration   3: 13.019 ±(99.9%) 0.273 ms/op
# Warmup Iteration   4: 12.933 ±(99.9%) 0.197 ms/op
# Warmup Iteration   5: 12.938 ±(99.9%) 0.133 ms/op
Iteration   1: 13.136 ±(99.9%) 0.192 ms/op
Iteration   2: 12.953 ±(99.9%) 0.144 ms/op
Iteration   3: 12.935 ±(99.9%) 0.164 ms/op
Iteration   4: 13.081 ±(99.9%) 0.212 ms/op
Iteration   5: 12.968 ±(99.9%) 0.100 ms/op


Result "ellian.aragao.github.AlgoritmoRunner.Entradas10_000.entrada10_000_decrecenteBubble":
  13.178 ±(99.9%) 0.176 ms/op [Average]
  (min, avg, max) = (12.688, 13.178, 13.617), stdev = 0.235
  CI (99.9%): [13.002, 13.354] (assumes normal distribution)


# JMH version: 1.37
# VM version: JDK 21.0.4, OpenJDK 64-Bit Server VM, 21.0.4+7-LTS
# VM invoker: /home/ellian/.asdf/installs/java/temurin-21.0.4+7.0.LTS/bin/java
# VM options: -Dclassworlds.conf=/home/ellian/.asdf/installs/maven/3.9.8/bin/m2.conf -Dmaven.home=/home/ellian/.asdf/installs/maven/3.9.8 -Dlibrary.jansi.path=/home/ellian/.asdf/installs/maven/3.9.8/lib/jansi-native -Dmaven.multiModuleProjectDirectory=/home/ellian/code/faculdade/IFB-AA/2024/projeto2-analise-algoritmo-sqrsort
# Blackhole mode: compiler (auto-detected, use -Djmh.blackhole.autoDetect=false to disable)
# Warmup: 5 iterations, 10 s each
# Measurement: 5 iterations, 10 s each
# Timeout: 10 min per iteration
# Threads: 12 threads, will synchronize iterations
# Benchmark mode: Average time, time/op
# Benchmark: ellian.aragao.github.AlgoritmoRunner.Entradas10_000.entrada10_000_decrecenteHeap

# Run progress: 83.33% complete, ETA 00:08:22
# Fork: 1 of 5
# Warmup Iteration   1: 2.182 ±(99.9%) 0.023 ms/op
# Warmup Iteration   2: 2.141 ±(99.9%) 0.015 ms/op
# Warmup Iteration   3: 2.213 ±(99.9%) 0.023 ms/op
# Warmup Iteration   4: 2.148 ±(99.9%) 0.039 ms/op
# Warmup Iteration   5: 2.119 ±(99.9%) 0.018 ms/op
Iteration   1: 2.450 ±(99.9%) 0.081 ms/op
Iteration   2: 2.367 ±(99.9%) 0.104 ms/op
Iteration   3: 2.157 ±(99.9%) 0.032 ms/op
Iteration   4: 2.275 ±(99.9%) 0.065 ms/op
Iteration   5: 2.212 ±(99.9%) 0.039 ms/op

# Run progress: 86.67% complete, ETA 00:06:41
# Fork: 2 of 5
# Warmup Iteration   1: 2.183 ±(99.9%) 0.032 ms/op
# Warmup Iteration   2: 2.168 ±(99.9%) 0.023 ms/op
# Warmup Iteration   3: 2.249 ±(99.9%) 0.034 ms/op
# Warmup Iteration   4: 2.182 ±(99.9%) 0.029 ms/op
# Warmup Iteration   5: 2.163 ±(99.9%) 0.020 ms/op
Iteration   1: 2.203 ±(99.9%) 0.036 ms/op
Iteration   2: 2.173 ±(99.9%) 0.029 ms/op
Iteration   3: 2.160 ±(99.9%) 0.020 ms/op
Iteration   4: 2.159 ±(99.9%) 0.028 ms/op
Iteration   5: 2.257 ±(99.9%) 0.045 ms/op

# Run progress: 90.00% complete, ETA 00:05:01
# Fork: 3 of 5
# Warmup Iteration   1: 2.117 ±(99.9%) 0.015 ms/op
# Warmup Iteration   2: 2.098 ±(99.9%) 0.019 ms/op
# Warmup Iteration   3: 2.153 ±(99.9%) 0.036 ms/op
# Warmup Iteration   4: 2.102 ±(99.9%) 0.036 ms/op
# Warmup Iteration   5: 2.090 ±(99.9%) 0.017 ms/op
Iteration   1: 2.130 ±(99.9%) 0.036 ms/op
Iteration   2: 2.154 ±(99.9%) 0.034 ms/op
Iteration   3: 2.090 ±(99.9%) 0.017 ms/op
Iteration   4: 2.096 ±(99.9%) 0.026 ms/op
Iteration   5: 2.147 ±(99.9%) 0.033 ms/op

# Run progress: 93.33% complete, ETA 00:03:20
# Fork: 4 of 5
# Warmup Iteration   1: 2.129 ±(99.9%) 0.026 ms/op
# Warmup Iteration   2: 2.112 ±(99.9%) 0.027 ms/op
# Warmup Iteration   3: 2.197 ±(99.9%) 0.051 ms/op
# Warmup Iteration   4: 2.116 ±(99.9%) 0.063 ms/op
# Warmup Iteration   5: 2.114 ±(99.9%) 0.044 ms/op
Iteration   1: 2.146 ±(99.9%) 0.068 ms/op
Iteration   2: 2.128 ±(99.9%) 0.051 ms/op
Iteration   3: 2.110 ±(99.9%) 0.054 ms/op
Iteration   4: 2.111 ±(99.9%) 0.052 ms/op
Iteration   5: 2.216 ±(99.9%) 0.058 ms/op

# Run progress: 96.67% complete, ETA 00:01:40
# Fork: 5 of 5
# Warmup Iteration   1: 2.198 ±(99.9%) 0.037 ms/op
# Warmup Iteration   2: 2.118 ±(99.9%) 0.033 ms/op
# Warmup Iteration   3: 2.225 ±(99.9%) 0.119 ms/op
# Warmup Iteration   4: 2.163 ±(99.9%) 0.063 ms/op
# Warmup Iteration   5: 2.121 ±(99.9%) 0.069 ms/op
Iteration   1: 2.192 ±(99.9%) 0.086 ms/op
Iteration   2: 2.171 ±(99.9%) 0.073 ms/op
Iteration   3: 2.120 ±(99.9%) 0.064 ms/op
Iteration   4: 2.210 ±(99.9%) 0.078 ms/op
Iteration   5: 2.321 ±(99.9%) 0.065 ms/op


Result "ellian.aragao.github.AlgoritmoRunner.Entradas10_000.entrada10_000_decrecenteHeap":
  2.190 ±(99.9%) 0.065 ms/op [Average]
  (min, avg, max) = (2.090, 2.190, 2.450), stdev = 0.087
  CI (99.9%): [2.125, 2.255] (assumes normal distribution)


# Run complete. Total time: 00:50:12

REMEMBER: The numbers below are just data. To gain reusable insights, you need to follow up on
why the numbers are the way they are. Use profilers (see -prof, -lprof), design factorial
experiments, perform baseline and negative tests that provide experimental control, make sure
the benchmarking environment is safe on JVM/OS/HW level, ask for reviews from the domain experts.
Do not assume the numbers tell you what you want them to tell.

NOTE: Current JVM experimentally supports Compiler Blackholes, and they are in use. Please exercise
extra caution when trusting the results, look into the generated code to check the benchmark still
works, and factor in a small probability of new VM bugs. Additionally, while comparisons between
different JVMs are already problematic, the performance difference caused by different Blackhole
modes can be very significant. Please make sure you use the consistent Blackhole mode for comparisons.

Benchmark                                                      Mode  Cnt   Score   Error  Units
AlgoritmoRunner.Entradas10_000.entrada10_000_aleatoriaBubble   avgt   25  13.907 ± 0.532  ms/op
AlgoritmoRunner.Entradas10_000.entrada10_000_aleatoriaHeap     avgt   25   3.070 ± 0.041  ms/op
AlgoritmoRunner.Entradas10_000.entrada10_000_crecenteBubble    avgt   25  10.978 ± 0.210  ms/op
AlgoritmoRunner.Entradas10_000.entrada10_000_crecenteHeap      avgt   25   2.270 ± 0.046  ms/op
AlgoritmoRunner.Entradas10_000.entrada10_000_decrecenteBubble  avgt   25  13.178 ± 0.176  ms/op
AlgoritmoRunner.Entradas10_000.entrada10_000_decrecenteHeap    avgt   25   2.190 ± 0.065  ms/op
[INFO] ------------------------------------------------------------------------
[INFO] BUILD SUCCESS
[INFO] ------------------------------------------------------------------------
[INFO] Total time:  50:16 min
[INFO] Finished at: 2024-08-26T20:49:52-03:00
[INFO] ------------------------------------------------------------------------
