[INFO] Scanning for projects...
[WARNING] 
[WARNING] Some problems were encountered while building the effective model for ellian.aragao.github:projeto2-analise-algoritmo-sqrtsort:jar:1.0-SNAPSHOT
[WARNING] 'dependencies.dependency.version' for org.junit.jupiter:junit-jupiter:jar is either LATEST or RELEASE (both of them are being deprecated) @ line 48, column 22
[WARNING] 
[WARNING] It is highly recommended to fix these problems because they threaten the stability of your build.
[WARNING] 
[WARNING] For this reason, future Maven versions might no longer support building such malformed projects.
[WARNING] 
[INFO] 
[INFO] ------< ellian.aragao.github:projeto2-analise-algoritmo-sqrtsort >------
[INFO] Building projeto2-analise-algoritmo-sqrtsort 1.0-SNAPSHOT
[INFO]   from pom.xml
[INFO] --------------------------------[ jar ]---------------------------------
[INFO] 
[INFO] --- clean:3.2.0:clean (default-clean) @ projeto2-analise-algoritmo-sqrtsort ---
[INFO] Deleting /home/ellian/code/faculdade/IFB-AA/2024/projeto2-analise-algoritmo-sqrsort/target
[INFO] 
[INFO] --- dependency:3.7.0:build-classpath (build-classpath) @ projeto2-analise-algoritmo-sqrtsort ---
[INFO] Dependencies classpath:
/home/ellian/.m2/repository/org/openjdk/jmh/jmh-core/1.37/jmh-core-1.37.jar:/home/ellian/.m2/repository/net/sf/jopt-simple/jopt-simple/5.0.4/jopt-simple-5.0.4.jar:/home/ellian/.m2/repository/org/apache/commons/commons-math3/3.6.1/commons-math3-3.6.1.jar:/home/ellian/.m2/repository/org/openjdk/jmh/jmh-generator-annprocess/1.37/jmh-generator-annprocess-1.37.jar:/home/ellian/.m2/repository/org/jacoco/jacoco-maven-plugin/0.8.6/jacoco-maven-plugin-0.8.6.jar:/home/ellian/.m2/repository/org/apache/maven/maven-plugin-api/3.0/maven-plugin-api-3.0.jar:/home/ellian/.m2/repository/org/apache/maven/maven-model/3.0/maven-model-3.0.jar:/home/ellian/.m2/repository/org/apache/maven/maven-artifact/3.0/maven-artifact-3.0.jar:/home/ellian/.m2/repository/org/sonatype/sisu/sisu-inject-plexus/1.4.2/sisu-inject-plexus-1.4.2.jar:/home/ellian/.m2/repository/org/sonatype/sisu/sisu-inject-bean/1.4.2/sisu-inject-bean-1.4.2.jar:/home/ellian/.m2/repository/org/sonatype/sisu/sisu-guice/2.1.7/sisu-guice-2.1.7-noaop.jar:/home/ellian/.m2/repository/org/apache/maven/maven-core/3.0/maven-core-3.0.jar:/home/ellian/.m2/repository/org/apache/maven/maven-settings/3.0/maven-settings-3.0.jar:/home/ellian/.m2/repository/org/apache/maven/maven-settings-builder/3.0/maven-settings-builder-3.0.jar:/home/ellian/.m2/repository/org/apache/maven/maven-repository-metadata/3.0/maven-repository-metadata-3.0.jar:/home/ellian/.m2/repository/org/apache/maven/maven-model-builder/3.0/maven-model-builder-3.0.jar:/home/ellian/.m2/repository/org/apache/maven/maven-aether-provider/3.0/maven-aether-provider-3.0.jar:/home/ellian/.m2/repository/org/sonatype/aether/aether-impl/1.7/aether-impl-1.7.jar:/home/ellian/.m2/repository/org/sonatype/aether/aether-spi/1.7/aether-spi-1.7.jar:/home/ellian/.m2/repository/org/sonatype/aether/aether-api/1.7/aether-api-1.7.jar:/home/ellian/.m2/repository/org/sonatype/aether/aether-util/1.7/aether-util-1.7.jar:/home/ellian/.m2/repository/org/codehaus/plexus/plexus-interpolation/1.14/plexus-interpolation-1.14.jar:/home/ellian/.m2/repository/org/codehaus/plexus/plexus-classworlds/2.2.3/plexus-classworlds-2.2.3.jar:/home/ellian/.m2/repository/org/codehaus/plexus/plexus-component-annotations/1.5.5/plexus-component-annotations-1.5.5.jar:/home/ellian/.m2/repository/org/sonatype/plexus/plexus-sec-dispatcher/1.3/plexus-sec-dispatcher-1.3.jar:/home/ellian/.m2/repository/org/sonatype/plexus/plexus-cipher/1.4/plexus-cipher-1.4.jar:/home/ellian/.m2/repository/org/codehaus/plexus/plexus-utils/3.0.22/plexus-utils-3.0.22.jar:/home/ellian/.m2/repository/org/apache/maven/shared/file-management/1.2.1/file-management-1.2.1.jar:/home/ellian/.m2/repository/org/apache/maven/shared/maven-shared-io/1.1/maven-shared-io-1.1.jar:/home/ellian/.m2/repository/org/apache/maven/maven-artifact-manager/2.0.2/maven-artifact-manager-2.0.2.jar:/home/ellian/.m2/repository/org/apache/maven/wagon/wagon-provider-api/1.0-alpha-6/wagon-provider-api-1.0-alpha-6.jar:/home/ellian/.m2/repository/org/codehaus/plexus/plexus-container-default/1.0-alpha-9/plexus-container-default-1.0-alpha-9.jar:/home/ellian/.m2/repository/junit/junit/3.8.1/junit-3.8.1.jar:/home/ellian/.m2/repository/classworlds/classworlds/1.1-alpha-2/classworlds-1.1-alpha-2.jar:/home/ellian/.m2/repository/org/apache/maven/reporting/maven-reporting-api/3.0/maven-reporting-api-3.0.jar:/home/ellian/.m2/repository/org/apache/maven/doxia/doxia-sink-api/1.0/doxia-sink-api-1.0.jar:/home/ellian/.m2/repository/org/apache/maven/reporting/maven-reporting-impl/2.1/maven-reporting-impl-2.1.jar:/home/ellian/.m2/repository/org/apache/maven/maven-project/2.0.10/maven-project-2.0.10.jar:/home/ellian/.m2/repository/org/apache/maven/maven-profile/2.0.10/maven-profile-2.0.10.jar:/home/ellian/.m2/repository/org/apache/maven/maven-plugin-registry/2.0.10/maven-plugin-registry-2.0.10.jar:/home/ellian/.m2/repository/org/apache/maven/doxia/doxia-core/1.1.2/doxia-core-1.1.2.jar:/home/ellian/.m2/repository/org/apache/maven/doxia/doxia-logging-api/1.1.2/doxia-logging-api-1.1.2.jar:/home/ellian/.m2/repository/xerces/xercesImpl/2.8.1/xercesImpl-2.8.1.jar:/home/ellian/.m2/repository/commons-lang/commons-lang/2.4/commons-lang-2.4.jar:/home/ellian/.m2/repository/commons-httpclient/commons-httpclient/3.1/commons-httpclient-3.1.jar:/home/ellian/.m2/repository/commons-codec/commons-codec/1.2/commons-codec-1.2.jar:/home/ellian/.m2/repository/org/apache/maven/doxia/doxia-site-renderer/1.1.2/doxia-site-renderer-1.1.2.jar:/home/ellian/.m2/repository/org/apache/maven/doxia/doxia-decoration-model/1.1.2/doxia-decoration-model-1.1.2.jar:/home/ellian/.m2/repository/org/apache/maven/doxia/doxia-module-xhtml/1.1.2/doxia-module-xhtml-1.1.2.jar:/home/ellian/.m2/repository/org/apache/maven/doxia/doxia-module-fml/1.1.2/doxia-module-fml-1.1.2.jar:/home/ellian/.m2/repository/org/codehaus/plexus/plexus-i18n/1.0-beta-7/plexus-i18n-1.0-beta-7.jar:/home/ellian/.m2/repository/org/codehaus/plexus/plexus-velocity/1.1.7/plexus-velocity-1.1.7.jar:/home/ellian/.m2/repository/org/apache/velocity/velocity/1.5/velocity-1.5.jar:/home/ellian/.m2/repository/commons-collections/commons-collections/3.2/commons-collections-3.2.jar:/home/ellian/.m2/repository/commons-validator/commons-validator/1.2.0/commons-validator-1.2.0.jar:/home/ellian/.m2/repository/commons-beanutils/commons-beanutils/1.7.0/commons-beanutils-1.7.0.jar:/home/ellian/.m2/repository/commons-digester/commons-digester/1.6/commons-digester-1.6.jar:/home/ellian/.m2/repository/commons-logging/commons-logging/1.0.4/commons-logging-1.0.4.jar:/home/ellian/.m2/repository/oro/oro/2.0.8/oro-2.0.8.jar:/home/ellian/.m2/repository/xml-apis/xml-apis/1.0.b2/xml-apis-1.0.b2.jar:/home/ellian/.m2/repository/org/jacoco/org.jacoco.agent/0.8.6/org.jacoco.agent-0.8.6-runtime.jar:/home/ellian/.m2/repository/org/jacoco/org.jacoco.core/0.8.6/org.jacoco.core-0.8.6.jar:/home/ellian/.m2/repository/org/ow2/asm/asm/8.0.1/asm-8.0.1.jar:/home/ellian/.m2/repository/org/ow2/asm/asm-commons/8.0.1/asm-commons-8.0.1.jar:/home/ellian/.m2/repository/org/ow2/asm/asm-analysis/8.0.1/asm-analysis-8.0.1.jar:/home/ellian/.m2/repository/org/ow2/asm/asm-tree/8.0.1/asm-tree-8.0.1.jar:/home/ellian/.m2/repository/org/jacoco/org.jacoco.report/0.8.6/org.jacoco.report-0.8.6.jar
[INFO] 
[INFO] --- resources:3.3.1:resources (default-resources) @ projeto2-analise-algoritmo-sqrtsort ---
[INFO] skip non existing resourceDirectory /home/ellian/code/faculdade/IFB-AA/2024/projeto2-analise-algoritmo-sqrsort/src/main/resources
[INFO] 
[INFO] --- compiler:3.13.0:compile (default-compile) @ projeto2-analise-algoritmo-sqrtsort ---
[INFO] Recompiling the module because of changed source code.
[INFO] Compiling 8 source files with javac [debug target 21] to target/classes
[INFO] /home/ellian/code/faculdade/IFB-AA/2024/projeto2-analise-algoritmo-sqrsort/src/main/java/ellian/aragao/github/algoritmo/T2.java: Some input files use unchecked or unsafe operations.
[INFO] /home/ellian/code/faculdade/IFB-AA/2024/projeto2-analise-algoritmo-sqrsort/src/main/java/ellian/aragao/github/algoritmo/T2.java: Recompile with -Xlint:unchecked for details.
[INFO] 
[INFO] --- resources:3.3.1:testResources (default-testResources) @ projeto2-analise-algoritmo-sqrtsort ---
[INFO] skip non existing resourceDirectory /home/ellian/code/faculdade/IFB-AA/2024/projeto2-analise-algoritmo-sqrsort/src/test/resources
[INFO] 
[INFO] --- compiler:3.13.0:testCompile (default-testCompile) @ projeto2-analise-algoritmo-sqrtsort ---
[INFO] Recompiling the module because of changed dependency.
[INFO] Compiling 2 source files with javac [debug target 21] to target/test-classes
[INFO] 
[INFO] --- surefire:3.2.5:test (default-test) @ projeto2-analise-algoritmo-sqrtsort ---
[INFO] Using auto detected provider org.apache.maven.surefire.junitplatform.JUnitPlatformProvider
[INFO] 
[INFO] -------------------------------------------------------
[INFO]  T E S T S
[INFO] -------------------------------------------------------
[INFO] Running ellian.aragao.github.algoritmo.SqrtSortBubbleImplTest
[INFO] Tests run: 3, Failures: 0, Errors: 0, Skipped: 0, Time elapsed: 0.034 s -- in ellian.aragao.github.algoritmo.SqrtSortBubbleImplTest
[INFO] Running ellian.aragao.github.algoritmo.SqrtSortHeapImplTest
[INFO] Tests run: 1, Failures: 0, Errors: 0, Skipped: 0, Time elapsed: 0.004 s -- in ellian.aragao.github.algoritmo.SqrtSortHeapImplTest
[INFO] 
[INFO] Results:
[INFO] 
[INFO] Tests run: 4, Failures: 0, Errors: 0, Skipped: 0
[INFO] 
[INFO] 
[INFO] --- jar:3.3.0:jar (default-jar) @ projeto2-analise-algoritmo-sqrtsort ---
[INFO] Building jar: /home/ellian/code/faculdade/IFB-AA/2024/projeto2-analise-algoritmo-sqrsort/target/projeto2-analise-algoritmo-sqrtsort-1.0-SNAPSHOT.jar
[INFO] 
[INFO] --- exec:1.6.0:java (default-cli) @ projeto2-analise-algoritmo-sqrtsort ---
# Detecting actual CPU count: 12 detected
# JMH version: 1.37
# VM version: JDK 21.0.4, OpenJDK 64-Bit Server VM, 21.0.4+7-LTS
# VM invoker: /home/ellian/.asdf/installs/java/temurin-21.0.4+7.0.LTS/bin/java
# VM options: -Dclassworlds.conf=/home/ellian/.asdf/installs/maven/3.9.8/bin/m2.conf -Dmaven.home=/home/ellian/.asdf/installs/maven/3.9.8 -Dlibrary.jansi.path=/home/ellian/.asdf/installs/maven/3.9.8/lib/jansi-native -Dmaven.multiModuleProjectDirectory=/home/ellian/code/faculdade/IFB-AA/2024/projeto2-analise-algoritmo-sqrsort
# Blackhole mode: compiler (auto-detected, use -Djmh.blackhole.autoDetect=false to disable)
# Warmup: 5 iterations, 10 s each
# Measurement: 5 iterations, 10 s each
# Timeout: 10 min per iteration
# Threads: 12 threads, will synchronize iterations
# Benchmark mode: Average time, time/op
# Benchmark: ellian.aragao.github.AlgoritmoRunner.Entradas100_000.entrada100_000_aleatoriaBubble

# Run progress: 0.00% complete, ETA 03:20:00
# Fork: 1 of 5
# Warmup Iteration   1: 541.799 ±(99.9%) 12.487 ms/op
# Warmup Iteration   2: 536.925 ±(99.9%) 10.864 ms/op
# Warmup Iteration   3: 547.459 ±(99.9%) 14.174 ms/op
# Warmup Iteration   4: 538.667 ±(99.9%) 17.515 ms/op
# Warmup Iteration   5: 535.574 ±(99.9%) 14.262 ms/op
Iteration   1: 558.283 ±(99.9%) 14.121 ms/op
Iteration   2: 535.555 ±(99.9%) 14.181 ms/op
Iteration   3: 534.112 ±(99.9%) 10.168 ms/op
Iteration   4: 596.773 ±(99.9%) 30.479 ms/op
Iteration   5: 559.827 ±(99.9%) 11.533 ms/op

# Run progress: 0.83% complete, ETA 03:36:20
# Fork: 2 of 5
# Warmup Iteration   1: 519.242 ±(99.9%) 14.566 ms/op
# Warmup Iteration   2: 515.145 ±(99.9%) 12.481 ms/op
# Warmup Iteration   3: 518.518 ±(99.9%) 14.155 ms/op
# Warmup Iteration   4: 524.632 ±(99.9%) 14.545 ms/op
# Warmup Iteration   5: 507.804 ±(99.9%) 9.230 ms/op
Iteration   1: 509.179 ±(99.9%) 9.987 ms/op
Iteration   2: 508.728 ±(99.9%) 9.702 ms/op
Iteration   3: 504.569 ±(99.9%) 11.548 ms/op
Iteration   4: 524.678 ±(99.9%) 15.651 ms/op
Iteration   5: 511.816 ±(99.9%) 11.824 ms/op

# Run progress: 1.67% complete, ETA 03:33:41
# Fork: 3 of 5
# Warmup Iteration   1: 511.242 ±(99.9%) 12.799 ms/op
# Warmup Iteration   2: 506.713 ±(99.9%) 11.623 ms/op
# Warmup Iteration   3: 499.319 ±(99.9%) 13.161 ms/op
# Warmup Iteration   4: 500.753 ±(99.9%) 12.932 ms/op
# Warmup Iteration   5: 515.014 ±(99.9%) 12.103 ms/op
Iteration   1: 502.198 ±(99.9%) 9.568 ms/op
Iteration   2: 497.693 ±(99.9%) 12.679 ms/op
Iteration   3: 519.363 ±(99.9%) 11.143 ms/op
Iteration   4: 496.869 ±(99.9%) 12.396 ms/op
Iteration   5: 514.007 ±(99.9%) 8.521 ms/op

# Run progress: 2.50% complete, ETA 03:31:44
# Fork: 4 of 5
# Warmup Iteration   1: 518.583 ±(99.9%) 15.280 ms/op
# Warmup Iteration   2: 493.105 ±(99.9%) 15.035 ms/op
# Warmup Iteration   3: 490.109 ±(99.9%) 7.083 ms/op
# Warmup Iteration   4: 497.346 ±(99.9%) 10.049 ms/op
# Warmup Iteration   5: 499.941 ±(99.9%) 9.678 ms/op
Iteration   1: 501.362 ±(99.9%) 9.291 ms/op
Iteration   2: 507.426 ±(99.9%) 13.495 ms/op
Iteration   3: 507.091 ±(99.9%) 10.749 ms/op
Iteration   4: 503.759 ±(99.9%) 10.926 ms/op
Iteration   5: 504.329 ±(99.9%) 12.025 ms/op

# Run progress: 3.33% complete, ETA 03:29:40
# Fork: 5 of 5
# Warmup Iteration   1: 530.403 ±(99.9%) 9.806 ms/op
# Warmup Iteration   2: 532.756 ±(99.9%) 7.440 ms/op
# Warmup Iteration   3: 535.738 ±(99.9%) 12.349 ms/op
# Warmup Iteration   4: 531.036 ±(99.9%) 14.840 ms/op
# Warmup Iteration   5: 535.058 ±(99.9%) 7.887 ms/op
Iteration   1: 532.331 ±(99.9%) 12.264 ms/op
Iteration   2: 539.737 ±(99.9%) 8.885 ms/op
Iteration   3: 535.882 ±(99.9%) 5.085 ms/op
Iteration   4: 537.661 ±(99.9%) 14.315 ms/op
Iteration   5: 542.352 ±(99.9%) 14.048 ms/op


Result "ellian.aragao.github.AlgoritmoRunner.Entradas100_000.entrada100_000_aleatoriaBubble":
  523.423 ±(99.9%) 17.987 ms/op [Average]
  (min, avg, max) = (496.869, 523.423, 596.773), stdev = 24.012
  CI (99.9%): [505.436, 541.410] (assumes normal distribution)


# JMH version: 1.37
# VM version: JDK 21.0.4, OpenJDK 64-Bit Server VM, 21.0.4+7-LTS
# VM invoker: /home/ellian/.asdf/installs/java/temurin-21.0.4+7.0.LTS/bin/java
# VM options: -Dclassworlds.conf=/home/ellian/.asdf/installs/maven/3.9.8/bin/m2.conf -Dmaven.home=/home/ellian/.asdf/installs/maven/3.9.8 -Dlibrary.jansi.path=/home/ellian/.asdf/installs/maven/3.9.8/lib/jansi-native -Dmaven.multiModuleProjectDirectory=/home/ellian/code/faculdade/IFB-AA/2024/projeto2-analise-algoritmo-sqrsort
# Blackhole mode: compiler (auto-detected, use -Djmh.blackhole.autoDetect=false to disable)
# Warmup: 5 iterations, 10 s each
# Measurement: 5 iterations, 10 s each
# Timeout: 10 min per iteration
# Threads: 12 threads, will synchronize iterations
# Benchmark mode: Average time, time/op
# Benchmark: ellian.aragao.github.AlgoritmoRunner.Entradas100_000.entrada100_000_aleatoriaHeap

# Run progress: 4.17% complete, ETA 03:27:43
# Fork: 1 of 5
# Warmup Iteration   1: 78.959 ±(99.9%) 1.651 ms/op
# Warmup Iteration   2: 77.861 ±(99.9%) 2.438 ms/op
# Warmup Iteration   3: 80.546 ±(99.9%) 2.697 ms/op
# Warmup Iteration   4: 78.449 ±(99.9%) 2.443 ms/op
# Warmup Iteration   5: 77.325 ±(99.9%) 2.487 ms/op
Iteration   1: 77.820 ±(99.9%) 4.159 ms/op
Iteration   2: 76.597 ±(99.9%) 2.720 ms/op
Iteration   3: 79.377 ±(99.9%) 2.210 ms/op
Iteration   4: 76.419 ±(99.9%) 1.889 ms/op
Iteration   5: 77.217 ±(99.9%) 2.142 ms/op

# Run progress: 5.00% complete, ETA 03:23:43
# Fork: 2 of 5
# Warmup Iteration   1: 78.889 ±(99.9%) 2.607 ms/op
# Warmup Iteration   2: 79.358 ±(99.9%) 3.047 ms/op
# Warmup Iteration   3: 76.992 ±(99.9%) 2.640 ms/op
# Warmup Iteration   4: 78.561 ±(99.9%) 1.088 ms/op
# Warmup Iteration   5: 82.513 ±(99.9%) 2.693 ms/op
Iteration   1: 79.005 ±(99.9%) 2.445 ms/op
Iteration   2: 76.632 ±(99.9%) 2.520 ms/op
Iteration   3: 81.475 ±(99.9%) 2.644 ms/op
Iteration   4: 78.114 ±(99.9%) 1.590 ms/op
Iteration   5: 76.039 ±(99.9%) 1.799 ms/op

# Run progress: 5.83% complete, ETA 03:20:26
# Fork: 3 of 5
# Warmup Iteration   1: 78.454 ±(99.9%) 2.160 ms/op
# Warmup Iteration   2: 78.619 ±(99.9%) 3.193 ms/op
# Warmup Iteration   3: 76.517 ±(99.9%) 1.215 ms/op
# Warmup Iteration   4: 76.859 ±(99.9%) 2.685 ms/op
# Warmup Iteration   5: 80.886 ±(99.9%) 2.603 ms/op
Iteration   1: 77.743 ±(99.9%) 2.456 ms/op
Iteration   2: 76.602 ±(99.9%) 1.902 ms/op
Iteration   3: 78.515 ±(99.9%) 3.078 ms/op
Iteration   4: 76.897 ±(99.9%) 1.987 ms/op
Iteration   5: 75.868 ±(99.9%) 2.320 ms/op

# Run progress: 6.67% complete, ETA 03:17:32
# Fork: 4 of 5
# Warmup Iteration   1: 77.987 ±(99.9%) 2.933 ms/op
# Warmup Iteration   2: 79.558 ±(99.9%) 2.284 ms/op
# Warmup Iteration   3: 76.275 ±(99.9%) 2.340 ms/op
# Warmup Iteration   4: 76.668 ±(99.9%) 2.773 ms/op
# Warmup Iteration   5: 78.749 ±(99.9%) 3.419 ms/op
Iteration   1: 77.102 ±(99.9%) 2.292 ms/op
Iteration   2: 76.099 ±(99.9%) 3.202 ms/op
Iteration   3: 78.703 ±(99.9%) 2.438 ms/op
Iteration   4: 77.726 ±(99.9%) 2.513 ms/op
Iteration   5: 76.169 ±(99.9%) 2.015 ms/op

# Run progress: 7.50% complete, ETA 03:14:52
# Fork: 5 of 5
# Warmup Iteration   1: 79.028 ±(99.9%) 1.611 ms/op
# Warmup Iteration   2: 80.972 ±(99.9%) 4.335 ms/op
# Warmup Iteration   3: 77.628 ±(99.9%) 3.167 ms/op
# Warmup Iteration   4: 77.499 ±(99.9%) 3.825 ms/op
# Warmup Iteration   5: 80.952 ±(99.9%) 1.729 ms/op
Iteration   1: 78.218 ±(99.9%) 2.369 ms/op
Iteration   2: 77.738 ±(99.9%) 2.068 ms/op
Iteration   3: 79.029 ±(99.9%) 2.725 ms/op
Iteration   4: 78.864 ±(99.9%) 3.052 ms/op
Iteration   5: 78.434 ±(99.9%) 2.215 ms/op


Result "ellian.aragao.github.AlgoritmoRunner.Entradas100_000.entrada100_000_aleatoriaHeap":
  77.696 ±(99.9%) 0.991 ms/op [Average]
  (min, avg, max) = (75.868, 77.696, 81.475), stdev = 1.323
  CI (99.9%): [76.705, 78.687] (assumes normal distribution)


# JMH version: 1.37
# VM version: JDK 21.0.4, OpenJDK 64-Bit Server VM, 21.0.4+7-LTS
# VM invoker: /home/ellian/.asdf/installs/java/temurin-21.0.4+7.0.LTS/bin/java
# VM options: -Dclassworlds.conf=/home/ellian/.asdf/installs/maven/3.9.8/bin/m2.conf -Dmaven.home=/home/ellian/.asdf/installs/maven/3.9.8 -Dlibrary.jansi.path=/home/ellian/.asdf/installs/maven/3.9.8/lib/jansi-native -Dmaven.multiModuleProjectDirectory=/home/ellian/code/faculdade/IFB-AA/2024/projeto2-analise-algoritmo-sqrsort
# Blackhole mode: compiler (auto-detected, use -Djmh.blackhole.autoDetect=false to disable)
# Warmup: 5 iterations, 10 s each
# Measurement: 5 iterations, 10 s each
# Timeout: 10 min per iteration
# Threads: 12 threads, will synchronize iterations
# Benchmark mode: Average time, time/op
# Benchmark: ellian.aragao.github.AlgoritmoRunner.Entradas100_000.entrada100_000_crecenteBubble

# Run progress: 8.33% complete, ETA 03:12:25
# Fork: 1 of 5
# Warmup Iteration   1: 383.489 ±(99.9%) 7.444 ms/op
# Warmup Iteration   2: 384.732 ±(99.9%) 11.909 ms/op
# Warmup Iteration   3: 372.673 ±(99.9%) 6.800 ms/op
# Warmup Iteration   4: 384.141 ±(99.9%) 10.398 ms/op
# Warmup Iteration   5: 379.744 ±(99.9%) 6.438 ms/op
Iteration   1: 382.471 ±(99.9%) 6.321 ms/op
Iteration   2: 381.765 ±(99.9%) 10.752 ms/op
Iteration   3: 376.519 ±(99.9%) 4.878 ms/op
Iteration   4: 385.134 ±(99.9%) 9.539 ms/op
Iteration   5: 382.460 ±(99.9%) 8.142 ms/op

# Run progress: 9.17% complete, ETA 03:10:52
# Fork: 2 of 5
# Warmup Iteration   1: 405.034 ±(99.9%) 10.201 ms/op
# Warmup Iteration   2: 405.802 ±(99.9%) 10.530 ms/op
# Warmup Iteration   3: 430.292 ±(99.9%) 11.628 ms/op
# Warmup Iteration   4: 420.833 ±(99.9%) 17.559 ms/op
# Warmup Iteration   5: 413.058 ±(99.9%) 10.233 ms/op
Iteration   1: 405.650 ±(99.9%) 9.779 ms/op
Iteration   2: 417.084 ±(99.9%) 14.748 ms/op
Iteration   3: 427.843 ±(99.9%) 19.244 ms/op
Iteration   4: 462.586 ±(99.9%) 22.428 ms/op
Iteration   5: 429.949 ±(99.9%) 18.376 ms/op

# Run progress: 10.00% complete, ETA 03:09:24
# Fork: 3 of 5
# Warmup Iteration   1: 397.818 ±(99.9%) 10.752 ms/op
# Warmup Iteration   2: 389.942 ±(99.9%) 12.606 ms/op
# Warmup Iteration   3: 406.907 ±(99.9%) 13.662 ms/op
# Warmup Iteration   4: 394.730 ±(99.9%) 8.995 ms/op
# Warmup Iteration   5: 383.876 ±(99.9%) 7.064 ms/op
Iteration   1: 391.782 ±(99.9%) 14.294 ms/op
Iteration   2: 382.846 ±(99.9%) 8.101 ms/op
Iteration   3: 380.731 ±(99.9%) 4.029 ms/op
Iteration   4: 386.901 ±(99.9%) 8.851 ms/op
Iteration   5: 386.609 ±(99.9%) 5.866 ms/op

# Run progress: 10.83% complete, ETA 03:07:50
# Fork: 4 of 5
# Warmup Iteration   1: 371.711 ±(99.9%) 6.155 ms/op
# Warmup Iteration   2: 374.276 ±(99.9%) 5.618 ms/op
# Warmup Iteration   3: 380.059 ±(99.9%) 12.195 ms/op
# Warmup Iteration   4: 373.329 ±(99.9%) 6.389 ms/op
# Warmup Iteration   5: 380.623 ±(99.9%) 7.807 ms/op
Iteration   1: 378.022 ±(99.9%) 10.386 ms/op
Iteration   2: 367.858 ±(99.9%) 7.214 ms/op
Iteration   3: 380.442 ±(99.9%) 9.791 ms/op
Iteration   4: 381.132 ±(99.9%) 7.405 ms/op
Iteration   5: 368.120 ±(99.9%) 7.399 ms/op

# Run progress: 11.67% complete, ETA 03:06:10
# Fork: 5 of 5
# Warmup Iteration   1: 385.409 ±(99.9%) 5.862 ms/op
# Warmup Iteration   2: 385.269 ±(99.9%) 7.724 ms/op
# Warmup Iteration   3: 378.858 ±(99.9%) 9.799 ms/op
# Warmup Iteration   4: 387.609 ±(99.9%) 7.279 ms/op
# Warmup Iteration   5: 395.658 ±(99.9%) 8.964 ms/op
Iteration   1: 386.391 ±(99.9%) 6.661 ms/op
Iteration   2: 387.173 ±(99.9%) 5.455 ms/op
Iteration   3: 393.031 ±(99.9%) 7.345 ms/op
Iteration   4: 390.196 ±(99.9%) 9.092 ms/op
Iteration   5: 384.943 ±(99.9%) 6.187 ms/op


Result "ellian.aragao.github.AlgoritmoRunner.Entradas100_000.entrada100_000_crecenteBubble":
  391.906 ±(99.9%) 16.088 ms/op [Average]
  (min, avg, max) = (367.858, 391.906, 462.586), stdev = 21.478
  CI (99.9%): [375.817, 407.994] (assumes normal distribution)


# JMH version: 1.37
# VM version: JDK 21.0.4, OpenJDK 64-Bit Server VM, 21.0.4+7-LTS
# VM invoker: /home/ellian/.asdf/installs/java/temurin-21.0.4+7.0.LTS/bin/java
# VM options: -Dclassworlds.conf=/home/ellian/.asdf/installs/maven/3.9.8/bin/m2.conf -Dmaven.home=/home/ellian/.asdf/installs/maven/3.9.8 -Dlibrary.jansi.path=/home/ellian/.asdf/installs/maven/3.9.8/lib/jansi-native -Dmaven.multiModuleProjectDirectory=/home/ellian/code/faculdade/IFB-AA/2024/projeto2-analise-algoritmo-sqrsort
# Blackhole mode: compiler (auto-detected, use -Djmh.blackhole.autoDetect=false to disable)
# Warmup: 5 iterations, 10 s each
# Measurement: 5 iterations, 10 s each
# Timeout: 10 min per iteration
# Threads: 12 threads, will synchronize iterations
# Benchmark mode: Average time, time/op
# Benchmark: ellian.aragao.github.AlgoritmoRunner.Entradas100_000.entrada100_000_crecenteHeap

# Run progress: 12.50% complete, ETA 03:04:32
# Fork: 1 of 5
# Warmup Iteration   1: 31.252 ±(99.9%) 0.512 ms/op
# Warmup Iteration   2: 31.601 ±(99.9%) 0.846 ms/op
# Warmup Iteration   3: 30.739 ±(99.9%) 0.614 ms/op
# Warmup Iteration   4: 30.658 ±(99.9%) 0.465 ms/op
# Warmup Iteration   5: 31.092 ±(99.9%) 0.535 ms/op
Iteration   1: 30.569 ±(99.9%) 0.592 ms/op
Iteration   2: 30.507 ±(99.9%) 0.481 ms/op
Iteration   3: 30.958 ±(99.9%) 0.749 ms/op
Iteration   4: 30.765 ±(99.9%) 0.550 ms/op
Iteration   5: 30.410 ±(99.9%) 0.508 ms/op

# Run progress: 13.33% complete, ETA 03:02:17
# Fork: 2 of 5
# Warmup Iteration   1: 31.250 ±(99.9%) 0.506 ms/op
# Warmup Iteration   2: 31.969 ±(99.9%) 0.501 ms/op
# Warmup Iteration   3: 30.972 ±(99.9%) 0.443 ms/op
# Warmup Iteration   4: 30.864 ±(99.9%) 0.322 ms/op
# Warmup Iteration   5: 31.666 ±(99.9%) 0.662 ms/op
Iteration   1: 30.878 ±(99.9%) 0.497 ms/op
Iteration   2: 30.753 ±(99.9%) 0.475 ms/op
Iteration   3: 31.288 ±(99.9%) 0.565 ms/op
Iteration   4: 31.156 ±(99.9%) 0.610 ms/op
Iteration   5: 30.800 ±(99.9%) 0.360 ms/op

# Run progress: 14.17% complete, ETA 03:00:06
# Fork: 3 of 5
# Warmup Iteration   1: 31.128 ±(99.9%) 0.485 ms/op
# Warmup Iteration   2: 31.443 ±(99.9%) 0.510 ms/op
# Warmup Iteration   3: 30.568 ±(99.9%) 0.409 ms/op
# Warmup Iteration   4: 30.749 ±(99.9%) 0.245 ms/op
# Warmup Iteration   5: 31.306 ±(99.9%) 0.652 ms/op
Iteration   1: 30.638 ±(99.9%) 0.496 ms/op
Iteration   2: 30.678 ±(99.9%) 0.411 ms/op
Iteration   3: 30.854 ±(99.9%) 0.608 ms/op
Iteration   4: 31.032 ±(99.9%) 0.544 ms/op
Iteration   5: 30.547 ±(99.9%) 0.792 ms/op

# Run progress: 15.00% complete, ETA 02:57:58
# Fork: 4 of 5
# Warmup Iteration   1: 31.648 ±(99.9%) 0.442 ms/op
# Warmup Iteration   2: 31.920 ±(99.9%) 0.307 ms/op
# Warmup Iteration   3: 31.406 ±(99.9%) 0.594 ms/op
# Warmup Iteration   4: 31.271 ±(99.9%) 0.445 ms/op
# Warmup Iteration   5: 32.011 ±(99.9%) 0.429 ms/op
Iteration   1: 31.627 ±(99.9%) 0.628 ms/op
Iteration   2: 31.242 ±(99.9%) 0.402 ms/op
Iteration   3: 31.313 ±(99.9%) 0.459 ms/op
Iteration   4: 32.099 ±(99.9%) 0.787 ms/op
Iteration   5: 31.332 ±(99.9%) 0.428 ms/op

# Run progress: 15.83% complete, ETA 02:55:53
# Fork: 5 of 5
# Warmup Iteration   1: 31.651 ±(99.9%) 0.566 ms/op
# Warmup Iteration   2: 32.092 ±(99.9%) 0.439 ms/op
# Warmup Iteration   3: 31.565 ±(99.9%) 0.573 ms/op
# Warmup Iteration   4: 31.318 ±(99.9%) 0.512 ms/op
# Warmup Iteration   5: 32.119 ±(99.9%) 0.719 ms/op
Iteration   1: 31.503 ±(99.9%) 0.436 ms/op
Iteration   2: 31.398 ±(99.9%) 0.337 ms/op
Iteration   3: 31.360 ±(99.9%) 0.550 ms/op
Iteration   4: 32.222 ±(99.9%) 0.767 ms/op
Iteration   5: 31.371 ±(99.9%) 0.536 ms/op


Result "ellian.aragao.github.AlgoritmoRunner.Entradas100_000.entrada100_000_crecenteHeap":
  31.092 ±(99.9%) 0.354 ms/op [Average]
  (min, avg, max) = (30.410, 31.092, 32.222), stdev = 0.472
  CI (99.9%): [30.738, 31.446] (assumes normal distribution)


# JMH version: 1.37
# VM version: JDK 21.0.4, OpenJDK 64-Bit Server VM, 21.0.4+7-LTS
# VM invoker: /home/ellian/.asdf/installs/java/temurin-21.0.4+7.0.LTS/bin/java
# VM options: -Dclassworlds.conf=/home/ellian/.asdf/installs/maven/3.9.8/bin/m2.conf -Dmaven.home=/home/ellian/.asdf/installs/maven/3.9.8 -Dlibrary.jansi.path=/home/ellian/.asdf/installs/maven/3.9.8/lib/jansi-native -Dmaven.multiModuleProjectDirectory=/home/ellian/code/faculdade/IFB-AA/2024/projeto2-analise-algoritmo-sqrsort
# Blackhole mode: compiler (auto-detected, use -Djmh.blackhole.autoDetect=false to disable)
# Warmup: 5 iterations, 10 s each
# Measurement: 5 iterations, 10 s each
# Timeout: 10 min per iteration
# Threads: 12 threads, will synchronize iterations
# Benchmark mode: Average time, time/op
# Benchmark: ellian.aragao.github.AlgoritmoRunner.Entradas100_000.entrada100_000_decrecenteBubble

# Run progress: 16.67% complete, ETA 02:53:50
# Fork: 1 of 5
# Warmup Iteration   1: 456.827 ±(99.9%) 11.287 ms/op
# Warmup Iteration   2: 472.416 ±(99.9%) 9.634 ms/op
# Warmup Iteration   3: 449.281 ±(99.9%) 6.815 ms/op
# Warmup Iteration   4: 461.147 ±(99.9%) 9.971 ms/op
# Warmup Iteration   5: 475.833 ±(99.9%) 7.996 ms/op
Iteration   1: 453.078 ±(99.9%) 10.970 ms/op
Iteration   2: 458.922 ±(99.9%) 9.441 ms/op
Iteration   3: 471.963 ±(99.9%) 13.833 ms/op
Iteration   4: 448.438 ±(99.9%) 9.113 ms/op
Iteration   5: 457.445 ±(99.9%) 6.433 ms/op

# Run progress: 17.50% complete, ETA 02:52:21
# Fork: 2 of 5
# Warmup Iteration   1: 454.088 ±(99.9%) 11.112 ms/op
# Warmup Iteration   2: 456.439 ±(99.9%) 4.944 ms/op
# Warmup Iteration   3: 445.937 ±(99.9%) 12.174 ms/op
# Warmup Iteration   4: 452.335 ±(99.9%) 10.058 ms/op
# Warmup Iteration   5: 464.221 ±(99.9%) 8.835 ms/op
Iteration   1: 450.970 ±(99.9%) 6.741 ms/op
Iteration   2: 453.318 ±(99.9%) 11.311 ms/op
Iteration   3: 469.132 ±(99.9%) 11.515 ms/op
Iteration   4: 457.003 ±(99.9%) 5.981 ms/op
Iteration   5: 452.282 ±(99.9%) 9.445 ms/op

# Run progress: 18.33% complete, ETA 02:50:50
# Fork: 3 of 5
# Warmup Iteration   1: 465.579 ±(99.9%) 6.774 ms/op
# Warmup Iteration   2: 458.368 ±(99.9%) 12.130 ms/op
# Warmup Iteration   3: 466.260 ±(99.9%) 5.616 ms/op
# Warmup Iteration   4: 472.922 ±(99.9%) 9.975 ms/op
# Warmup Iteration   5: 464.091 ±(99.9%) 10.014 ms/op
Iteration   1: 457.362 ±(99.9%) 12.986 ms/op
Iteration   2: 473.638 ±(99.9%) 11.108 ms/op
Iteration   3: 464.339 ±(99.9%) 13.032 ms/op
Iteration   4: 469.159 ±(99.9%) 12.486 ms/op
Iteration   5: 464.732 ±(99.9%) 9.676 ms/op

# Run progress: 19.17% complete, ETA 02:49:17
# Fork: 4 of 5
# Warmup Iteration   1: 470.979 ±(99.9%) 13.158 ms/op
# Warmup Iteration   2: 456.064 ±(99.9%) 2.811 ms/op
# Warmup Iteration   3: 465.685 ±(99.9%) 10.335 ms/op
# Warmup Iteration   4: 456.412 ±(99.9%) 9.693 ms/op
# Warmup Iteration   5: 455.745 ±(99.9%) 8.738 ms/op
Iteration   1: 463.398 ±(99.9%) 11.783 ms/op
Iteration   2: 470.555 ±(99.9%) 11.104 ms/op
Iteration   3: 455.289 ±(99.9%) 14.954 ms/op
Iteration   4: 456.593 ±(99.9%) 11.454 ms/op
Iteration   5: 469.701 ±(99.9%) 14.202 ms/op

# Run progress: 20.00% complete, ETA 02:47:44
# Fork: 5 of 5
# Warmup Iteration   1: 476.266 ±(99.9%) 12.862 ms/op
# Warmup Iteration   2: 488.848 ±(99.9%) 8.468 ms/op
# Warmup Iteration   3: 483.351 ±(99.9%) 8.687 ms/op
# Warmup Iteration   4: 487.315 ±(99.9%) 8.676 ms/op
# Warmup Iteration   5: 484.210 ±(99.9%) 7.325 ms/op
Iteration   1: 490.500 ±(99.9%) 9.929 ms/op
Iteration   2: 481.885 ±(99.9%) 12.582 ms/op
Iteration   3: 480.488 ±(99.9%) 9.495 ms/op
Iteration   4: 499.415 ±(99.9%) 13.529 ms/op
Iteration   5: 480.216 ±(99.9%) 11.495 ms/op


Result "ellian.aragao.github.AlgoritmoRunner.Entradas100_000.entrada100_000_decrecenteBubble":
  465.993 ±(99.9%) 9.758 ms/op [Average]
  (min, avg, max) = (448.438, 465.993, 499.415), stdev = 13.027
  CI (99.9%): [456.235, 475.751] (assumes normal distribution)


# JMH version: 1.37
# VM version: JDK 21.0.4, OpenJDK 64-Bit Server VM, 21.0.4+7-LTS
# VM invoker: /home/ellian/.asdf/installs/java/temurin-21.0.4+7.0.LTS/bin/java
# VM options: -Dclassworlds.conf=/home/ellian/.asdf/installs/maven/3.9.8/bin/m2.conf -Dmaven.home=/home/ellian/.asdf/installs/maven/3.9.8 -Dlibrary.jansi.path=/home/ellian/.asdf/installs/maven/3.9.8/lib/jansi-native -Dmaven.multiModuleProjectDirectory=/home/ellian/code/faculdade/IFB-AA/2024/projeto2-analise-algoritmo-sqrsort
# Blackhole mode: compiler (auto-detected, use -Djmh.blackhole.autoDetect=false to disable)
# Warmup: 5 iterations, 10 s each
# Measurement: 5 iterations, 10 s each
# Timeout: 10 min per iteration
# Threads: 12 threads, will synchronize iterations
# Benchmark mode: Average time, time/op
# Benchmark: ellian.aragao.github.AlgoritmoRunner.Entradas100_000.entrada100_000_decrecenteHeap

# Run progress: 20.83% complete, ETA 02:46:10
# Fork: 1 of 5
# Warmup Iteration   1: 28.762 ±(99.9%) 0.659 ms/op
# Warmup Iteration   2: 28.387 ±(99.9%) 0.577 ms/op
# Warmup Iteration   3: 28.812 ±(99.9%) 0.475 ms/op
# Warmup Iteration   4: 28.002 ±(99.9%) 0.514 ms/op
# Warmup Iteration   5: 28.551 ±(99.9%) 0.606 ms/op
Iteration   1: 28.722 ±(99.9%) 0.785 ms/op
Iteration   2: 28.138 ±(99.9%) 0.811 ms/op
Iteration   3: 28.169 ±(99.9%) 0.644 ms/op
Iteration   4: 28.807 ±(99.9%) 0.791 ms/op
Iteration   5: 28.380 ±(99.9%) 1.081 ms/op

# Run progress: 21.67% complete, ETA 02:44:10
# Fork: 2 of 5
# Warmup Iteration   1: 29.667 ±(99.9%) 0.562 ms/op
# Warmup Iteration   2: 29.596 ±(99.9%) 0.427 ms/op
# Warmup Iteration   3: 30.286 ±(99.9%) 0.477 ms/op
# Warmup Iteration   4: 29.186 ±(99.9%) 0.414 ms/op
# Warmup Iteration   5: 29.439 ±(99.9%) 0.491 ms/op
Iteration   1: 29.792 ±(99.9%) 0.385 ms/op
Iteration   2: 29.475 ±(99.9%) 0.366 ms/op
Iteration   3: 29.957 ±(99.9%) 0.609 ms/op
Iteration   4: 30.267 ±(99.9%) 0.547 ms/op
Iteration   5: 29.995 ±(99.9%) 0.353 ms/op

# Run progress: 22.50% complete, ETA 02:42:12
# Fork: 3 of 5
# Warmup Iteration   1: 29.264 ±(99.9%) 0.506 ms/op
# Warmup Iteration   2: 29.343 ±(99.9%) 0.593 ms/op
# Warmup Iteration   3: 28.655 ±(99.9%) 0.386 ms/op
# Warmup Iteration   4: 28.665 ±(99.9%) 0.368 ms/op
# Warmup Iteration   5: 29.127 ±(99.9%) 0.445 ms/op
Iteration   1: 29.904 ±(99.9%) 0.635 ms/op
Iteration   2: 28.660 ±(99.9%) 0.402 ms/op
Iteration   3: 30.141 ±(99.9%) 0.667 ms/op
Iteration   4: 28.691 ±(99.9%) 0.693 ms/op
Iteration   5: 27.844 ±(99.9%) 0.369 ms/op

# Run progress: 23.33% complete, ETA 02:40:15
# Fork: 4 of 5
# Warmup Iteration   1: 33.248 ±(99.9%) 0.796 ms/op
# Warmup Iteration   2: 32.423 ±(99.9%) 0.643 ms/op
# Warmup Iteration   3: 31.110 ±(99.9%) 0.374 ms/op
# Warmup Iteration   4: 30.945 ±(99.9%) 0.393 ms/op
# Warmup Iteration   5: 31.627 ±(99.9%) 0.509 ms/op
Iteration   1: 30.977 ±(99.9%) 0.401 ms/op
Iteration   2: 30.984 ±(99.9%) 0.433 ms/op
Iteration   3: 31.375 ±(99.9%) 0.483 ms/op
Iteration   4: 32.102 ±(99.9%) 0.833 ms/op
Iteration   5: 31.369 ±(99.9%) 0.390 ms/op

# Run progress: 24.17% complete, ETA 02:38:19
# Fork: 5 of 5
# Warmup Iteration   1: 28.466 ±(99.9%) 0.386 ms/op
# Warmup Iteration   2: 28.476 ±(99.9%) 0.370 ms/op
# Warmup Iteration   3: 28.062 ±(99.9%) 0.351 ms/op
# Warmup Iteration   4: 27.818 ±(99.9%) 0.520 ms/op
# Warmup Iteration   5: 28.713 ±(99.9%) 0.584 ms/op
Iteration   1: 28.547 ±(99.9%) 0.439 ms/op
Iteration   2: 28.020 ±(99.9%) 0.279 ms/op
Iteration   3: 28.015 ±(99.9%) 0.266 ms/op
Iteration   4: 28.780 ±(99.9%) 0.348 ms/op
Iteration   5: 28.509 ±(99.9%) 0.258 ms/op


Result "ellian.aragao.github.AlgoritmoRunner.Entradas100_000.entrada100_000_decrecenteHeap":
  29.425 ±(99.9%) 0.925 ms/op [Average]
  (min, avg, max) = (27.844, 29.425, 32.102), stdev = 1.235
  CI (99.9%): [28.500, 30.350] (assumes normal distribution)


# JMH version: 1.37
# VM version: JDK 21.0.4, OpenJDK 64-Bit Server VM, 21.0.4+7-LTS
# VM invoker: /home/ellian/.asdf/installs/java/temurin-21.0.4+7.0.LTS/bin/java
# VM options: -Dclassworlds.conf=/home/ellian/.asdf/installs/maven/3.9.8/bin/m2.conf -Dmaven.home=/home/ellian/.asdf/installs/maven/3.9.8 -Dlibrary.jansi.path=/home/ellian/.asdf/installs/maven/3.9.8/lib/jansi-native -Dmaven.multiModuleProjectDirectory=/home/ellian/code/faculdade/IFB-AA/2024/projeto2-analise-algoritmo-sqrsort
# Blackhole mode: compiler (auto-detected, use -Djmh.blackhole.autoDetect=false to disable)
# Warmup: 5 iterations, 10 s each
# Measurement: 5 iterations, 10 s each
# Timeout: 10 min per iteration
# Threads: 12 threads, will synchronize iterations
# Benchmark mode: Average time, time/op
# Benchmark: ellian.aragao.github.AlgoritmoRunner.Entradas10_000.entrada10_000_aleatoriaBubble

# Run progress: 25.00% complete, ETA 02:36:24
# Fork: 1 of 5
# Warmup Iteration   1: 13.897 ±(99.9%) 0.220 ms/op
# Warmup Iteration   2: 13.932 ±(99.9%) 0.261 ms/op
# Warmup Iteration   3: 14.210 ±(99.9%) 0.310 ms/op
# Warmup Iteration   4: 13.701 ±(99.9%) 0.183 ms/op
# Warmup Iteration   5: 13.712 ±(99.9%) 0.216 ms/op
Iteration   1: 13.978 ±(99.9%) 0.262 ms/op
Iteration   2: 13.748 ±(99.9%) 0.174 ms/op
Iteration   3: 13.882 ±(99.9%) 0.317 ms/op
Iteration   4: 13.730 ±(99.9%) 0.236 ms/op
Iteration   5: 13.856 ±(99.9%) 0.245 ms/op

# Run progress: 25.83% complete, ETA 02:34:29
# Fork: 2 of 5
# Warmup Iteration   1: 13.831 ±(99.9%) 0.176 ms/op
# Warmup Iteration   2: 13.803 ±(99.9%) 0.231 ms/op
# Warmup Iteration   3: 14.186 ±(99.9%) 0.287 ms/op
# Warmup Iteration   4: 13.731 ±(99.9%) 0.175 ms/op
# Warmup Iteration   5: 13.624 ±(99.9%) 0.101 ms/op
Iteration   1: 13.845 ±(99.9%) 0.246 ms/op
Iteration   2: 13.740 ±(99.9%) 0.142 ms/op
Iteration   3: 13.589 ±(99.9%) 0.086 ms/op
Iteration   4: 13.613 ±(99.9%) 0.112 ms/op
Iteration   5: 13.865 ±(99.9%) 0.261 ms/op

# Run progress: 26.67% complete, ETA 02:32:34
# Fork: 3 of 5
# Warmup Iteration   1: 14.049 ±(99.9%) 0.173 ms/op
# Warmup Iteration   2: 14.062 ±(99.9%) 0.264 ms/op
# Warmup Iteration   3: 14.266 ±(99.9%) 0.175 ms/op
# Warmup Iteration   4: 14.045 ±(99.9%) 0.118 ms/op
# Warmup Iteration   5: 13.990 ±(99.9%) 0.085 ms/op
Iteration   1: 14.212 ±(99.9%) 0.342 ms/op
Iteration   2: 14.388 ±(99.9%) 0.315 ms/op
Iteration   3: 13.958 ±(99.9%) 0.160 ms/op
Iteration   4: 14.012 ±(99.9%) 0.128 ms/op
Iteration   5: 14.297 ±(99.9%) 0.237 ms/op

# Run progress: 27.50% complete, ETA 02:30:41
# Fork: 4 of 5
# Warmup Iteration   1: 13.645 ±(99.9%) 0.145 ms/op
# Warmup Iteration   2: 13.625 ±(99.9%) 0.092 ms/op
# Warmup Iteration   3: 13.653 ±(99.9%) 0.085 ms/op
# Warmup Iteration   4: 13.782 ±(99.9%) 0.205 ms/op
# Warmup Iteration   5: 13.610 ±(99.9%) 0.137 ms/op
Iteration   1: 13.622 ±(99.9%) 0.106 ms/op
Iteration   2: 13.907 ±(99.9%) 0.138 ms/op
Iteration   3: 13.566 ±(99.9%) 0.171 ms/op
Iteration   4: 13.540 ±(99.9%) 0.133 ms/op
Iteration   5: 13.839 ±(99.9%) 0.173 ms/op

# Run progress: 28.33% complete, ETA 02:28:49
# Fork: 5 of 5
# Warmup Iteration   1: 13.700 ±(99.9%) 0.255 ms/op
# Warmup Iteration   2: 13.593 ±(99.9%) 0.168 ms/op
# Warmup Iteration   3: 13.631 ±(99.9%) 0.293 ms/op
# Warmup Iteration   4: 13.731 ±(99.9%) 0.173 ms/op
# Warmup Iteration   5: 13.587 ±(99.9%) 0.176 ms/op
Iteration   1: 13.578 ±(99.9%) 0.111 ms/op
Iteration   2: 13.878 ±(99.9%) 0.266 ms/op
Iteration   3: 13.615 ±(99.9%) 0.133 ms/op
Iteration   4: 13.553 ±(99.9%) 0.181 ms/op
Iteration   5: 13.810 ±(99.9%) 0.301 ms/op


Result "ellian.aragao.github.AlgoritmoRunner.Entradas10_000.entrada10_000_aleatoriaBubble":
  13.825 ±(99.9%) 0.172 ms/op [Average]
  (min, avg, max) = (13.540, 13.825, 14.388), stdev = 0.230
  CI (99.9%): [13.652, 13.997] (assumes normal distribution)


# JMH version: 1.37
# VM version: JDK 21.0.4, OpenJDK 64-Bit Server VM, 21.0.4+7-LTS
# VM invoker: /home/ellian/.asdf/installs/java/temurin-21.0.4+7.0.LTS/bin/java
# VM options: -Dclassworlds.conf=/home/ellian/.asdf/installs/maven/3.9.8/bin/m2.conf -Dmaven.home=/home/ellian/.asdf/installs/maven/3.9.8 -Dlibrary.jansi.path=/home/ellian/.asdf/installs/maven/3.9.8/lib/jansi-native -Dmaven.multiModuleProjectDirectory=/home/ellian/code/faculdade/IFB-AA/2024/projeto2-analise-algoritmo-sqrsort
# Blackhole mode: compiler (auto-detected, use -Djmh.blackhole.autoDetect=false to disable)
# Warmup: 5 iterations, 10 s each
# Measurement: 5 iterations, 10 s each
# Timeout: 10 min per iteration
# Threads: 12 threads, will synchronize iterations
# Benchmark mode: Average time, time/op
# Benchmark: ellian.aragao.github.AlgoritmoRunner.Entradas10_000.entrada10_000_aleatoriaHeap

# Run progress: 29.17% complete, ETA 02:26:57
# Fork: 1 of 5
# Warmup Iteration   1: 3.062 ±(99.9%) 0.019 ms/op
# Warmup Iteration   2: 3.021 ±(99.9%) 0.028 ms/op
# Warmup Iteration   3: 3.036 ±(99.9%) 0.019 ms/op
# Warmup Iteration   4: 3.115 ±(99.9%) 0.045 ms/op
# Warmup Iteration   5: 3.040 ±(99.9%) 0.011 ms/op
Iteration   1: 3.036 ±(99.9%) 0.023 ms/op
Iteration   2: 3.115 ±(99.9%) 0.052 ms/op
Iteration   3: 3.046 ±(99.9%) 0.026 ms/op
Iteration   4: 3.046 ±(99.9%) 0.017 ms/op
Iteration   5: 3.110 ±(99.9%) 0.049 ms/op

# Run progress: 30.00% complete, ETA 02:25:05
# Fork: 2 of 5
# Warmup Iteration   1: 3.013 ±(99.9%) 0.026 ms/op
# Warmup Iteration   2: 2.964 ±(99.9%) 0.013 ms/op
# Warmup Iteration   3: 2.969 ±(99.9%) 0.018 ms/op
# Warmup Iteration   4: 3.070 ±(99.9%) 0.040 ms/op
# Warmup Iteration   5: 2.993 ±(99.9%) 0.023 ms/op
Iteration   1: 2.995 ±(99.9%) 0.018 ms/op
Iteration   2: 3.058 ±(99.9%) 0.030 ms/op
Iteration   3: 2.994 ±(99.9%) 0.015 ms/op
Iteration   4: 2.987 ±(99.9%) 0.017 ms/op
Iteration   5: 3.043 ±(99.9%) 0.052 ms/op

# Run progress: 30.83% complete, ETA 02:23:14
# Fork: 3 of 5
# Warmup Iteration   1: 3.049 ±(99.9%) 0.021 ms/op
# Warmup Iteration   2: 3.016 ±(99.9%) 0.026 ms/op
# Warmup Iteration   3: 2.997 ±(99.9%) 0.021 ms/op
# Warmup Iteration   4: 3.092 ±(99.9%) 0.058 ms/op
# Warmup Iteration   5: 3.021 ±(99.9%) 0.019 ms/op
Iteration   1: 3.015 ±(99.9%) 0.016 ms/op
Iteration   2: 3.089 ±(99.9%) 0.047 ms/op
Iteration   3: 3.035 ±(99.9%) 0.016 ms/op
Iteration   4: 3.016 ±(99.9%) 0.024 ms/op
Iteration   5: 3.078 ±(99.9%) 0.053 ms/op

# Run progress: 31.67% complete, ETA 02:21:24
# Fork: 4 of 5
# Warmup Iteration   1: 3.024 ±(99.9%) 0.031 ms/op
# Warmup Iteration   2: 2.970 ±(99.9%) 0.016 ms/op
# Warmup Iteration   3: 2.985 ±(99.9%) 0.023 ms/op
# Warmup Iteration   4: 3.073 ±(99.9%) 0.043 ms/op
# Warmup Iteration   5: 2.968 ±(99.9%) 0.017 ms/op
Iteration   1: 2.970 ±(99.9%) 0.018 ms/op
Iteration   2: 3.038 ±(99.9%) 0.051 ms/op
Iteration   3: 2.977 ±(99.9%) 0.022 ms/op
Iteration   4: 2.973 ±(99.9%) 0.020 ms/op
Iteration   5: 3.020 ±(99.9%) 0.039 ms/op

# Run progress: 32.50% complete, ETA 02:19:34
# Fork: 5 of 5
# Warmup Iteration   1: 2.985 ±(99.9%) 0.021 ms/op
# Warmup Iteration   2: 2.927 ±(99.9%) 0.012 ms/op
# Warmup Iteration   3: 2.934 ±(99.9%) 0.016 ms/op
# Warmup Iteration   4: 3.021 ±(99.9%) 0.030 ms/op
# Warmup Iteration   5: 2.976 ±(99.9%) 0.022 ms/op
Iteration   1: 2.970 ±(99.9%) 0.026 ms/op
Iteration   2: 3.029 ±(99.9%) 0.040 ms/op
Iteration   3: 2.970 ±(99.9%) 0.027 ms/op
Iteration   4: 2.966 ±(99.9%) 0.021 ms/op
Iteration   5: 3.009 ±(99.9%) 0.025 ms/op


Result "ellian.aragao.github.AlgoritmoRunner.Entradas10_000.entrada10_000_aleatoriaHeap":
  3.023 ±(99.9%) 0.033 ms/op [Average]
  (min, avg, max) = (2.966, 3.023, 3.115), stdev = 0.044
  CI (99.9%): [2.990, 3.056] (assumes normal distribution)


# JMH version: 1.37
# VM version: JDK 21.0.4, OpenJDK 64-Bit Server VM, 21.0.4+7-LTS
# VM invoker: /home/ellian/.asdf/installs/java/temurin-21.0.4+7.0.LTS/bin/java
# VM options: -Dclassworlds.conf=/home/ellian/.asdf/installs/maven/3.9.8/bin/m2.conf -Dmaven.home=/home/ellian/.asdf/installs/maven/3.9.8 -Dlibrary.jansi.path=/home/ellian/.asdf/installs/maven/3.9.8/lib/jansi-native -Dmaven.multiModuleProjectDirectory=/home/ellian/code/faculdade/IFB-AA/2024/projeto2-analise-algoritmo-sqrsort
# Blackhole mode: compiler (auto-detected, use -Djmh.blackhole.autoDetect=false to disable)
# Warmup: 5 iterations, 10 s each
# Measurement: 5 iterations, 10 s each
# Timeout: 10 min per iteration
# Threads: 12 threads, will synchronize iterations
# Benchmark mode: Average time, time/op
# Benchmark: ellian.aragao.github.AlgoritmoRunner.Entradas10_000.entrada10_000_crecenteBubble

# Run progress: 33.33% complete, ETA 02:17:44
# Fork: 1 of 5
# Warmup Iteration   1: 10.632 ±(99.9%) 0.119 ms/op
# Warmup Iteration   2: 10.507 ±(99.9%) 0.064 ms/op
# Warmup Iteration   3: 10.503 ±(99.9%) 0.113 ms/op
# Warmup Iteration   4: 10.724 ±(99.9%) 0.184 ms/op
# Warmup Iteration   5: 10.500 ±(99.9%) 0.084 ms/op
Iteration   1: 10.489 ±(99.9%) 0.067 ms/op
Iteration   2: 10.712 ±(99.9%) 0.133 ms/op
Iteration   3: 10.554 ±(99.9%) 0.097 ms/op
Iteration   4: 10.489 ±(99.9%) 0.047 ms/op
Iteration   5: 10.578 ±(99.9%) 0.114 ms/op

# Run progress: 34.17% complete, ETA 02:15:55
# Fork: 2 of 5
# Warmup Iteration   1: 10.742 ±(99.9%) 0.169 ms/op
# Warmup Iteration   2: 10.552 ±(99.9%) 0.099 ms/op
# Warmup Iteration   3: 10.495 ±(99.9%) 0.093 ms/op
# Warmup Iteration   4: 10.721 ±(99.9%) 0.272 ms/op
# Warmup Iteration   5: 10.470 ±(99.9%) 0.065 ms/op
Iteration   1: 10.467 ±(99.9%) 0.065 ms/op
Iteration   2: 10.771 ±(99.9%) 0.165 ms/op
Iteration   3: 10.588 ±(99.9%) 0.119 ms/op
Iteration   4: 10.496 ±(99.9%) 0.078 ms/op
Iteration   5: 10.489 ±(99.9%) 0.080 ms/op

# Run progress: 35.00% complete, ETA 02:14:07
# Fork: 3 of 5
# Warmup Iteration   1: 11.117 ±(99.9%) 0.177 ms/op
# Warmup Iteration   2: 10.890 ±(99.9%) 0.065 ms/op
# Warmup Iteration   3: 10.880 ±(99.9%) 0.106 ms/op
# Warmup Iteration   4: 11.212 ±(99.9%) 0.285 ms/op
# Warmup Iteration   5: 10.913 ±(99.9%) 0.089 ms/op
Iteration   1: 10.892 ±(99.9%) 0.063 ms/op
Iteration   2: 11.023 ±(99.9%) 0.117 ms/op
Iteration   3: 10.939 ±(99.9%) 0.086 ms/op
Iteration   4: 10.881 ±(99.9%) 0.051 ms/op
Iteration   5: 10.941 ±(99.9%) 0.129 ms/op

# Run progress: 35.83% complete, ETA 02:12:19
# Fork: 4 of 5
# Warmup Iteration   1: 11.204 ±(99.9%) 0.196 ms/op
# Warmup Iteration   2: 10.928 ±(99.9%) 0.057 ms/op
# Warmup Iteration   3: 10.892 ±(99.9%) 0.083 ms/op
# Warmup Iteration   4: 11.106 ±(99.9%) 0.203 ms/op
# Warmup Iteration   5: 10.924 ±(99.9%) 0.092 ms/op
Iteration   1: 10.888 ±(99.9%) 0.070 ms/op
Iteration   2: 11.028 ±(99.9%) 0.103 ms/op
Iteration   3: 11.055 ±(99.9%) 0.110 ms/op
Iteration   4: 10.906 ±(99.9%) 0.067 ms/op
Iteration   5: 10.918 ±(99.9%) 0.045 ms/op

# Run progress: 36.67% complete, ETA 02:10:31
# Fork: 5 of 5
# Warmup Iteration   1: 11.111 ±(99.9%) 0.258 ms/op
# Warmup Iteration   2: 10.841 ±(99.9%) 0.054 ms/op
# Warmup Iteration   3: 10.831 ±(99.9%) 0.073 ms/op
# Warmup Iteration   4: 11.080 ±(99.9%) 0.169 ms/op
# Warmup Iteration   5: 10.857 ±(99.9%) 0.078 ms/op
Iteration   1: 10.846 ±(99.9%) 0.055 ms/op
Iteration   2: 10.861 ±(99.9%) 0.075 ms/op
Iteration   3: 10.843 ±(99.9%) 0.054 ms/op
Iteration   4: 10.837 ±(99.9%) 0.051 ms/op
Iteration   5: 11.088 ±(99.9%) 0.208 ms/op


Result "ellian.aragao.github.AlgoritmoRunner.Entradas10_000.entrada10_000_crecenteBubble":
  10.783 ±(99.9%) 0.152 ms/op [Average]
  (min, avg, max) = (10.467, 10.783, 11.088), stdev = 0.204
  CI (99.9%): [10.631, 10.936] (assumes normal distribution)


# JMH version: 1.37
# VM version: JDK 21.0.4, OpenJDK 64-Bit Server VM, 21.0.4+7-LTS
# VM invoker: /home/ellian/.asdf/installs/java/temurin-21.0.4+7.0.LTS/bin/java
# VM options: -Dclassworlds.conf=/home/ellian/.asdf/installs/maven/3.9.8/bin/m2.conf -Dmaven.home=/home/ellian/.asdf/installs/maven/3.9.8 -Dlibrary.jansi.path=/home/ellian/.asdf/installs/maven/3.9.8/lib/jansi-native -Dmaven.multiModuleProjectDirectory=/home/ellian/code/faculdade/IFB-AA/2024/projeto2-analise-algoritmo-sqrsort
# Blackhole mode: compiler (auto-detected, use -Djmh.blackhole.autoDetect=false to disable)
# Warmup: 5 iterations, 10 s each
# Measurement: 5 iterations, 10 s each
# Timeout: 10 min per iteration
# Threads: 12 threads, will synchronize iterations
# Benchmark mode: Average time, time/op
# Benchmark: ellian.aragao.github.AlgoritmoRunner.Entradas10_000.entrada10_000_crecenteHeap

# Run progress: 37.50% complete, ETA 02:08:44
# Fork: 1 of 5
# Warmup Iteration   1: 2.345 ±(99.9%) 0.020 ms/op
# Warmup Iteration   2: 2.319 ±(99.9%) 0.018 ms/op
# Warmup Iteration   3: 2.336 ±(99.9%) 0.082 ms/op
# Warmup Iteration   4: 2.411 ±(99.9%) 0.178 ms/op
# Warmup Iteration   5: 2.269 ±(99.9%) 0.111 ms/op
Iteration   1: 2.274 ±(99.9%) 0.112 ms/op
Iteration   2: 2.314 ±(99.9%) 0.113 ms/op
Iteration   3: 2.272 ±(99.9%) 0.122 ms/op
Iteration   4: 2.262 ±(99.9%) 0.115 ms/op
Iteration   5: 2.307 ±(99.9%) 0.135 ms/op

# Run progress: 38.33% complete, ETA 02:06:57
# Fork: 2 of 5
# Warmup Iteration   1: 2.260 ±(99.9%) 0.016 ms/op
# Warmup Iteration   2: 2.239 ±(99.9%) 0.021 ms/op
# Warmup Iteration   3: 2.231 ±(99.9%) 0.019 ms/op
# Warmup Iteration   4: 2.279 ±(99.9%) 0.032 ms/op
# Warmup Iteration   5: 2.229 ±(99.9%) 0.027 ms/op
Iteration   1: 2.222 ±(99.9%) 0.016 ms/op
Iteration   2: 2.272 ±(99.9%) 0.029 ms/op
Iteration   3: 2.243 ±(99.9%) 0.023 ms/op
Iteration   4: 2.225 ±(99.9%) 0.015 ms/op
Iteration   5: 2.272 ±(99.9%) 0.029 ms/op

# Run progress: 39.17% complete, ETA 02:05:10
# Fork: 3 of 5
# Warmup Iteration   1: 2.398 ±(99.9%) 0.018 ms/op
# Warmup Iteration   2: 2.376 ±(99.9%) 0.025 ms/op
# Warmup Iteration   3: 2.380 ±(99.9%) 0.018 ms/op
# Warmup Iteration   4: 2.435 ±(99.9%) 0.035 ms/op
# Warmup Iteration   5: 2.369 ±(99.9%) 0.021 ms/op
Iteration   1: 2.365 ±(99.9%) 0.015 ms/op
Iteration   2: 2.417 ±(99.9%) 0.038 ms/op
Iteration   3: 2.372 ±(99.9%) 0.024 ms/op
Iteration   4: 2.364 ±(99.9%) 0.017 ms/op
Iteration   5: 2.419 ±(99.9%) 0.026 ms/op

# Run progress: 40.00% complete, ETA 02:03:23
# Fork: 4 of 5
# Warmup Iteration   1: 2.338 ±(99.9%) 0.014 ms/op
# Warmup Iteration   2: 2.310 ±(99.9%) 0.021 ms/op
# Warmup Iteration   3: 2.314 ±(99.9%) 0.018 ms/op
# Warmup Iteration   4: 2.360 ±(99.9%) 0.023 ms/op
# Warmup Iteration   5: 2.306 ±(99.9%) 0.009 ms/op
Iteration   1: 2.310 ±(99.9%) 0.019 ms/op
Iteration   2: 2.360 ±(99.9%) 0.038 ms/op
Iteration   3: 2.317 ±(99.9%) 0.017 ms/op
Iteration   4: 2.305 ±(99.9%) 0.017 ms/op
Iteration   5: 2.350 ±(99.9%) 0.026 ms/op

# Run progress: 40.83% complete, ETA 02:01:36
# Fork: 5 of 5
# Warmup Iteration   1: 2.240 ±(99.9%) 0.023 ms/op
# Warmup Iteration   2: 2.219 ±(99.9%) 0.018 ms/op
# Warmup Iteration   3: 2.221 ±(99.9%) 0.019 ms/op
# Warmup Iteration   4: 2.269 ±(99.9%) 0.035 ms/op
# Warmup Iteration   5: 2.209 ±(99.9%) 0.018 ms/op
Iteration   1: 2.210 ±(99.9%) 0.010 ms/op
Iteration   2: 2.277 ±(99.9%) 0.038 ms/op
Iteration   3: 2.223 ±(99.9%) 0.019 ms/op
Iteration   4: 2.218 ±(99.9%) 0.011 ms/op
Iteration   5: 2.255 ±(99.9%) 0.019 ms/op


Result "ellian.aragao.github.AlgoritmoRunner.Entradas10_000.entrada10_000_crecenteHeap":
  2.297 ±(99.9%) 0.046 ms/op [Average]
  (min, avg, max) = (2.210, 2.297, 2.419), stdev = 0.062
  CI (99.9%): [2.251, 2.343] (assumes normal distribution)


# JMH version: 1.37
# VM version: JDK 21.0.4, OpenJDK 64-Bit Server VM, 21.0.4+7-LTS
# VM invoker: /home/ellian/.asdf/installs/java/temurin-21.0.4+7.0.LTS/bin/java
# VM options: -Dclassworlds.conf=/home/ellian/.asdf/installs/maven/3.9.8/bin/m2.conf -Dmaven.home=/home/ellian/.asdf/installs/maven/3.9.8 -Dlibrary.jansi.path=/home/ellian/.asdf/installs/maven/3.9.8/lib/jansi-native -Dmaven.multiModuleProjectDirectory=/home/ellian/code/faculdade/IFB-AA/2024/projeto2-analise-algoritmo-sqrsort
# Blackhole mode: compiler (auto-detected, use -Djmh.blackhole.autoDetect=false to disable)
# Warmup: 5 iterations, 10 s each
# Measurement: 5 iterations, 10 s each
# Timeout: 10 min per iteration
# Threads: 12 threads, will synchronize iterations
# Benchmark mode: Average time, time/op
# Benchmark: ellian.aragao.github.AlgoritmoRunner.Entradas10_000.entrada10_000_decrecenteBubble

# Run progress: 41.67% complete, ETA 01:59:50
# Fork: 1 of 5
# Warmup Iteration   1: 13.150 ±(99.9%) 0.099 ms/op
# Warmup Iteration   2: 13.136 ±(99.9%) 0.186 ms/op
# Warmup Iteration   3: 13.035 ±(99.9%) 0.088 ms/op
# Warmup Iteration   4: 13.351 ±(99.9%) 0.322 ms/op
# Warmup Iteration   5: 13.095 ±(99.9%) 0.104 ms/op
Iteration   1: 13.057 ±(99.9%) 0.072 ms/op
Iteration   2: 13.293 ±(99.9%) 0.228 ms/op
Iteration   3: 13.093 ±(99.9%) 0.105 ms/op
Iteration   4: 13.054 ±(99.9%) 0.063 ms/op
Iteration   5: 13.264 ±(99.9%) 0.222 ms/op

# Run progress: 42.50% complete, ETA 01:58:04
# Fork: 2 of 5
# Warmup Iteration   1: 11.731 ±(99.9%) 0.136 ms/op
# Warmup Iteration   2: 11.602 ±(99.9%) 0.060 ms/op
# Warmup Iteration   3: 11.607 ±(99.9%) 0.080 ms/op
# Warmup Iteration   4: 11.858 ±(99.9%) 0.203 ms/op
# Warmup Iteration   5: 11.614 ±(99.9%) 0.087 ms/op
Iteration   1: 11.618 ±(99.9%) 0.125 ms/op
Iteration   2: 11.854 ±(99.9%) 0.140 ms/op
Iteration   3: 11.668 ±(99.9%) 0.070 ms/op
Iteration   4: 11.606 ±(99.9%) 0.072 ms/op
Iteration   5: 11.734 ±(99.9%) 0.225 ms/op

# Run progress: 43.33% complete, ETA 01:56:19
# Fork: 3 of 5
# Warmup Iteration   1: 12.953 ±(99.9%) 0.169 ms/op
# Warmup Iteration   2: 12.844 ±(99.9%) 0.156 ms/op
# Warmup Iteration   3: 12.822 ±(99.9%) 0.107 ms/op
# Warmup Iteration   4: 13.081 ±(99.9%) 0.308 ms/op
# Warmup Iteration   5: 12.793 ±(99.9%) 0.084 ms/op
Iteration   1: 12.794 ±(99.9%) 0.053 ms/op
Iteration   2: 13.060 ±(99.9%) 0.241 ms/op
Iteration   3: 13.057 ±(99.9%) 0.183 ms/op
Iteration   4: 12.929 ±(99.9%) 0.135 ms/op
Iteration   5: 12.872 ±(99.9%) 0.112 ms/op

# Run progress: 44.17% complete, ETA 01:54:34
# Fork: 4 of 5
# Warmup Iteration   1: 13.335 ±(99.9%) 0.213 ms/op
# Warmup Iteration   2: 13.070 ±(99.9%) 0.080 ms/op
# Warmup Iteration   3: 13.055 ±(99.9%) 0.069 ms/op
# Warmup Iteration   4: 13.553 ±(99.9%) 0.318 ms/op
# Warmup Iteration   5: 13.128 ±(99.9%) 0.095 ms/op
Iteration   1: 13.076 ±(99.9%) 0.086 ms/op
Iteration   2: 13.295 ±(99.9%) 0.201 ms/op
Iteration   3: 13.116 ±(99.9%) 0.077 ms/op
Iteration   4: 13.056 ±(99.9%) 0.076 ms/op
Iteration   5: 13.172 ±(99.9%) 0.162 ms/op

# Run progress: 45.00% complete, ETA 01:52:48
# Fork: 5 of 5
# Warmup Iteration   1: 13.315 ±(99.9%) 0.305 ms/op
# Warmup Iteration   2: 12.871 ±(99.9%) 0.195 ms/op
# Warmup Iteration   3: 12.850 ±(99.9%) 0.197 ms/op
# Warmup Iteration   4: 13.109 ±(99.9%) 0.291 ms/op
# Warmup Iteration   5: 12.877 ±(99.9%) 0.238 ms/op
Iteration   1: 12.873 ±(99.9%) 0.165 ms/op
Iteration   2: 13.361 ±(99.9%) 0.588 ms/op
Iteration   3: 12.992 ±(99.9%) 0.164 ms/op
Iteration   4: 12.813 ±(99.9%) 0.074 ms/op
Iteration   5: 12.809 ±(99.9%) 0.074 ms/op


Result "ellian.aragao.github.AlgoritmoRunner.Entradas10_000.entrada10_000_decrecenteBubble":
  12.781 ±(99.9%) 0.431 ms/op [Average]
  (min, avg, max) = (11.606, 12.781, 13.361), stdev = 0.575
  CI (99.9%): [12.350, 13.212] (assumes normal distribution)


# JMH version: 1.37
# VM version: JDK 21.0.4, OpenJDK 64-Bit Server VM, 21.0.4+7-LTS
# VM invoker: /home/ellian/.asdf/installs/java/temurin-21.0.4+7.0.LTS/bin/java
# VM options: -Dclassworlds.conf=/home/ellian/.asdf/installs/maven/3.9.8/bin/m2.conf -Dmaven.home=/home/ellian/.asdf/installs/maven/3.9.8 -Dlibrary.jansi.path=/home/ellian/.asdf/installs/maven/3.9.8/lib/jansi-native -Dmaven.multiModuleProjectDirectory=/home/ellian/code/faculdade/IFB-AA/2024/projeto2-analise-algoritmo-sqrsort
# Blackhole mode: compiler (auto-detected, use -Djmh.blackhole.autoDetect=false to disable)
# Warmup: 5 iterations, 10 s each
# Measurement: 5 iterations, 10 s each
# Timeout: 10 min per iteration
# Threads: 12 threads, will synchronize iterations
# Benchmark mode: Average time, time/op
# Benchmark: ellian.aragao.github.AlgoritmoRunner.Entradas10_000.entrada10_000_decrecenteHeap

# Run progress: 45.83% complete, ETA 01:51:03
# Fork: 1 of 5
# Warmup Iteration   1: 2.170 ±(99.9%) 0.029 ms/op
# Warmup Iteration   2: 2.111 ±(99.9%) 0.023 ms/op
# Warmup Iteration   3: 2.134 ±(99.9%) 0.022 ms/op
# Warmup Iteration   4: 2.164 ±(99.9%) 0.034 ms/op
# Warmup Iteration   5: 2.103 ±(99.9%) 0.013 ms/op
Iteration   1: 2.096 ±(99.9%) 0.012 ms/op
Iteration   2: 2.131 ±(99.9%) 0.019 ms/op
Iteration   3: 2.120 ±(99.9%) 0.022 ms/op
Iteration   4: 2.104 ±(99.9%) 0.016 ms/op
Iteration   5: 2.124 ±(99.9%) 0.009 ms/op

# Run progress: 46.67% complete, ETA 01:49:18
# Fork: 2 of 5
# Warmup Iteration   1: 2.169 ±(99.9%) 0.036 ms/op
# Warmup Iteration   2: 2.097 ±(99.9%) 0.010 ms/op
# Warmup Iteration   3: 2.095 ±(99.9%) 0.009 ms/op
# Warmup Iteration   4: 2.138 ±(99.9%) 0.024 ms/op
# Warmup Iteration   5: 2.125 ±(99.9%) 0.019 ms/op
Iteration   1: 2.113 ±(99.9%) 0.022 ms/op
Iteration   2: 2.157 ±(99.9%) 0.035 ms/op
Iteration   3: 2.136 ±(99.9%) 0.030 ms/op
Iteration   4: 2.107 ±(99.9%) 0.013 ms/op
Iteration   5: 2.113 ±(99.9%) 0.013 ms/op

# Run progress: 47.50% complete, ETA 01:47:34
# Fork: 3 of 5
# Warmup Iteration   1: 2.172 ±(99.9%) 0.033 ms/op
# Warmup Iteration   2: 2.086 ±(99.9%) 0.016 ms/op
# Warmup Iteration   3: 2.089 ±(99.9%) 0.017 ms/op
# Warmup Iteration   4: 2.123 ±(99.9%) 0.029 ms/op
# Warmup Iteration   5: 2.118 ±(99.9%) 0.018 ms/op
Iteration   1: 2.109 ±(99.9%) 0.015 ms/op
Iteration   2: 2.139 ±(99.9%) 0.026 ms/op
Iteration   3: 2.130 ±(99.9%) 0.016 ms/op
Iteration   4: 2.105 ±(99.9%) 0.019 ms/op
Iteration   5: 2.106 ±(99.9%) 0.016 ms/op

# Run progress: 48.33% complete, ETA 01:45:49
# Fork: 4 of 5
# Warmup Iteration   1: 2.140 ±(99.9%) 0.032 ms/op
# Warmup Iteration   2: 2.079 ±(99.9%) 0.013 ms/op
# Warmup Iteration   3: 2.083 ±(99.9%) 0.016 ms/op
# Warmup Iteration   4: 2.124 ±(99.9%) 0.032 ms/op
# Warmup Iteration   5: 2.112 ±(99.9%) 0.016 ms/op
Iteration   1: 2.102 ±(99.9%) 0.018 ms/op
Iteration   2: 2.123 ±(99.9%) 0.024 ms/op
Iteration   3: 2.133 ±(99.9%) 0.025 ms/op
Iteration   4: 2.102 ±(99.9%) 0.015 ms/op
Iteration   5: 2.106 ±(99.9%) 0.019 ms/op

# Run progress: 49.17% complete, ETA 01:44:04
# Fork: 5 of 5
# Warmup Iteration   1: 2.161 ±(99.9%) 0.023 ms/op
# Warmup Iteration   2: 2.091 ±(99.9%) 0.012 ms/op
# Warmup Iteration   3: 2.098 ±(99.9%) 0.008 ms/op
# Warmup Iteration   4: 2.139 ±(99.9%) 0.024 ms/op
# Warmup Iteration   5: 2.098 ±(99.9%) 0.016 ms/op
Iteration   1: 2.092 ±(99.9%) 0.014 ms/op
Iteration   2: 2.107 ±(99.9%) 0.020 ms/op
Iteration   3: 2.119 ±(99.9%) 0.034 ms/op
Iteration   4: 2.089 ±(99.9%) 0.021 ms/op
Iteration   5: 2.095 ±(99.9%) 0.022 ms/op


Result "ellian.aragao.github.AlgoritmoRunner.Entradas10_000.entrada10_000_decrecenteHeap":
  2.114 ±(99.9%) 0.012 ms/op [Average]
  (min, avg, max) = (2.089, 2.114, 2.157), stdev = 0.017
  CI (99.9%): [2.102, 2.127] (assumes normal distribution)


# JMH version: 1.37
# VM version: JDK 21.0.4, OpenJDK 64-Bit Server VM, 21.0.4+7-LTS
# VM invoker: /home/ellian/.asdf/installs/java/temurin-21.0.4+7.0.LTS/bin/java
# VM options: -Dclassworlds.conf=/home/ellian/.asdf/installs/maven/3.9.8/bin/m2.conf -Dmaven.home=/home/ellian/.asdf/installs/maven/3.9.8 -Dlibrary.jansi.path=/home/ellian/.asdf/installs/maven/3.9.8/lib/jansi-native -Dmaven.multiModuleProjectDirectory=/home/ellian/code/faculdade/IFB-AA/2024/projeto2-analise-algoritmo-sqrsort
# Blackhole mode: compiler (auto-detected, use -Djmh.blackhole.autoDetect=false to disable)
# Warmup: 5 iterations, 10 s each
# Measurement: 5 iterations, 10 s each
# Timeout: 10 min per iteration
# Threads: 12 threads, will synchronize iterations
# Benchmark mode: Average time, time/op
# Benchmark: ellian.aragao.github.AlgoritmoRunner.Entradas10_000_000.entrada10_000_000_aleatoriaBubble

# Run progress: 50.00% complete, ETA 01:42:20
# Fork: 1 of 5
# Warmup Iteration   1: (benchmark timed out, interrupted 6649 times) <failure>

java.lang.OutOfMemoryError: Java heap space
	at java.base/java.util.ArrayList$SubList.subList(ArrayList.java:1483)
	at ellian.aragao.github.algoritmo.SqrtSortBubbleImpl.sqrtSort(SqrtSortBubbleImpl.java:59)
	at ellian.aragao.github.AlgoritmoRunner$Entradas10_000_000.entrada10_000_000_aleatoriaBubble(AlgoritmoRunner.java:220)
	at ellian.aragao.github.jmh_generated.AlgoritmoRunner_Entradas10_000_000_entrada10_000_000_aleatoriaBubble_jmhTest.entrada10_000_000_aleatoriaBubble_AverageTime(AlgoritmoRunner_Entradas10_000_000_entrada10_000_000_aleatoriaBubble_jmhTest.java:147)
	at java.base/java.lang.invoke.DirectMethodHandle$Holder.invokeSpecial(DirectMethodHandle$Holder)
	at java.base/java.lang.invoke.LambdaForm$MH/0x0000743a8802d000.invoke(LambdaForm$MH)
	at java.base/java.lang.invoke.LambdaForm$MH/0x0000743a8802b000.invokeExact_MT(LambdaForm$MH)
	at java.base/jdk.internal.reflect.DirectMethodHandleAccessor.invokeImpl(DirectMethodHandleAccessor.java:155)
	at java.base/jdk.internal.reflect.DirectMethodHandleAccessor.invoke(DirectMethodHandleAccessor.java:103)
	at java.base/java.lang.reflect.Method.invoke(Method.java:580)
	at org.openjdk.jmh.runner.BenchmarkHandler$BenchmarkTask.call(BenchmarkHandler.java:527)
	at org.openjdk.jmh.runner.BenchmarkHandler$BenchmarkTask.call(BenchmarkHandler.java:504)
	at java.base/java.util.concurrent.FutureTask.run(FutureTask.java:317)
	at java.base/java.util.concurrent.Executors$RunnableAdapter.call(Executors.java:572)
	at java.base/java.util.concurrent.FutureTask.run(FutureTask.java:317)
	at java.base/java.util.concurrent.ThreadPoolExecutor.runWorker(ThreadPoolExecutor.java:1144)
	at java.base/java.util.concurrent.ThreadPoolExecutor$Worker.run(ThreadPoolExecutor.java:642)
	at java.base/java.lang.Thread.runWith(Thread.java:1596)
	at java.base/java.lang.Thread.run(Thread.java:1583)

java.lang.OutOfMemoryError: Java heap space
	at java.base/java.util.ArrayList$SubList.subList(ArrayList.java:1483)
	at ellian.aragao.github.algoritmo.SqrtSortBubbleImpl.sqrtSort(SqrtSortBubbleImpl.java:59)
	at ellian.aragao.github.AlgoritmoRunner$Entradas10_000_000.entrada10_000_000_aleatoriaBubble(AlgoritmoRunner.java:220)
	at ellian.aragao.github.jmh_generated.AlgoritmoRunner_Entradas10_000_000_entrada10_000_000_aleatoriaBubble_jmhTest.entrada10_000_000_aleatoriaBubble_AverageTime(AlgoritmoRunner_Entradas10_000_000_entrada10_000_000_aleatoriaBubble_jmhTest.java:147)
	at java.base/java.lang.invoke.DirectMethodHandle$Holder.invokeSpecial(DirectMethodHandle$Holder)
	at java.base/java.lang.invoke.LambdaForm$MH/0x0000743a8802ac00.invoke(LambdaForm$MH)
	at java.base/java.lang.invoke.LambdaForm$MH/0x0000743a8802b000.invokeExact_MT(LambdaForm$MH)
	at java.base/jdk.internal.reflect.DirectMethodHandleAccessor.invokeImpl(DirectMethodHandleAccessor.java:155)
	at java.base/jdk.internal.reflect.DirectMethodHandleAccessor.invoke(DirectMethodHandleAccessor.java:103)
	at java.base/java.lang.reflect.Method.invoke(Method.java:580)
	at org.openjdk.jmh.runner.BenchmarkHandler$BenchmarkTask.call(BenchmarkHandler.java:527)
	at org.openjdk.jmh.runner.BenchmarkHandler$BenchmarkTask.call(BenchmarkHandler.java:504)
	at java.base/java.util.concurrent.FutureTask.run(FutureTask.java:317)
	at java.base/java.util.concurrent.Executors$RunnableAdapter.call(Executors.java:572)
	at java.base/java.util.concurrent.FutureTask.run(FutureTask.java:317)
	at java.base/java.util.concurrent.ThreadPoolExecutor.runWorker(ThreadPoolExecutor.java:1144)
	at java.base/java.util.concurrent.ThreadPoolExecutor$Worker.run(ThreadPoolExecutor.java:642)
	at java.base/java.lang.Thread.runWith(Thread.java:1596)
	at java.base/java.lang.Thread.run(Thread.java:1583)

java.lang.OutOfMemoryError: Java heap space
	at java.base/java.util.ArrayList$SubList.subList(ArrayList.java:1483)
	at ellian.aragao.github.algoritmo.SqrtSortBubbleImpl.sqrtSort(SqrtSortBubbleImpl.java:59)
	at ellian.aragao.github.AlgoritmoRunner$Entradas10_000_000.entrada10_000_000_aleatoriaBubble(AlgoritmoRunner.java:220)
	at ellian.aragao.github.jmh_generated.AlgoritmoRunner_Entradas10_000_000_entrada10_000_000_aleatoriaBubble_jmhTest.entrada10_000_000_aleatoriaBubble_AverageTime(AlgoritmoRunner_Entradas10_000_000_entrada10_000_000_aleatoriaBubble_jmhTest.java:147)
	at java.base/java.lang.invoke.DirectMethodHandle$Holder.invokeSpecial(DirectMethodHandle$Holder)
	at java.base/java.lang.invoke.LambdaForm$MH/0x0000743a8802ac00.invoke(LambdaForm$MH)
	at java.base/java.lang.invoke.LambdaForm$MH/0x0000743a8802b000.invokeExact_MT(LambdaForm$MH)
	at java.base/jdk.internal.reflect.DirectMethodHandleAccessor.invokeImpl(DirectMethodHandleAccessor.java:155)
	at java.base/jdk.internal.reflect.DirectMethodHandleAccessor.invoke(DirectMethodHandleAccessor.java:103)
	at java.base/java.lang.reflect.Method.invoke(Method.java:580)
	at org.openjdk.jmh.runner.BenchmarkHandler$BenchmarkTask.call(BenchmarkHandler.java:527)
	at org.openjdk.jmh.runner.BenchmarkHandler$BenchmarkTask.call(BenchmarkHandler.java:504)
	at java.base/java.util.concurrent.FutureTask.run(FutureTask.java:317)
	at java.base/java.util.concurrent.Executors$RunnableAdapter.call(Executors.java:572)
	at java.base/java.util.concurrent.FutureTask.run(FutureTask.java:317)
	at java.base/java.util.concurrent.ThreadPoolExecutor.runWorker(ThreadPoolExecutor.java:1144)
	at java.base/java.util.concurrent.ThreadPoolExecutor$Worker.run(ThreadPoolExecutor.java:642)
	at java.base/java.lang.Thread.runWith(Thread.java:1596)
	at java.base/java.lang.Thread.run(Thread.java:1583)

java.lang.OutOfMemoryError: Java heap space
	at java.base/java.util.ArrayList$SubList.subList(ArrayList.java:1483)
	at ellian.aragao.github.algoritmo.SqrtSortBubbleImpl.sqrtSort(SqrtSortBubbleImpl.java:59)
	at ellian.aragao.github.AlgoritmoRunner$Entradas10_000_000.entrada10_000_000_aleatoriaBubble(AlgoritmoRunner.java:220)
	at ellian.aragao.github.jmh_generated.AlgoritmoRunner_Entradas10_000_000_entrada10_000_000_aleatoriaBubble_jmhTest.entrada10_000_000_aleatoriaBubble_AverageTime(AlgoritmoRunner_Entradas10_000_000_entrada10_000_000_aleatoriaBubble_jmhTest.java:147)
	at java.base/java.lang.invoke.DirectMethodHandle$Holder.invokeSpecial(DirectMethodHandle$Holder)
	at java.base/java.lang.invoke.LambdaForm$MH/0x0000743a8802ac00.invoke(LambdaForm$MH)
	at java.base/java.lang.invoke.LambdaForm$MH/0x0000743a8802b000.invokeExact_MT(LambdaForm$MH)
	at java.base/jdk.internal.reflect.DirectMethodHandleAccessor.invokeImpl(DirectMethodHandleAccessor.java:155)
	at java.base/jdk.internal.reflect.DirectMethodHandleAccessor.invoke(DirectMethodHandleAccessor.java:103)
	at java.base/java.lang.reflect.Method.invoke(Method.java:580)
	at org.openjdk.jmh.runner.BenchmarkHandler$BenchmarkTask.call(BenchmarkHandler.java:527)
	at org.openjdk.jmh.runner.BenchmarkHandler$BenchmarkTask.call(BenchmarkHandler.java:504)
	at java.base/java.util.concurrent.FutureTask.run(FutureTask.java:317)
	at java.base/java.util.concurrent.Executors$RunnableAdapter.call(Executors.java:572)
	at java.base/java.util.concurrent.FutureTask.run(FutureTask.java:317)
	at java.base/java.util.concurrent.ThreadPoolExecutor.runWorker(ThreadPoolExecutor.java:1144)
	at java.base/java.util.concurrent.ThreadPoolExecutor$Worker.run(ThreadPoolExecutor.java:642)
	at java.base/java.lang.Thread.runWith(Thread.java:1596)
	at java.base/java.lang.Thread.run(Thread.java:1583)

java.lang.OutOfMemoryError: Java heap space

java.lang.OutOfMemoryError: Java heap space



# Run progress: 50.83% complete, ETA 02:18:47
# Fork: 2 of 5
# Warmup Iteration   1: <failure: VM prematurely exited before JMH had finished with it, explicit System.exit was called?>
