[INFO] Scanning for projects...
[WARNING] 
[WARNING] Some problems were encountered while building the effective model for ellian.aragao.github:projeto2-analise-algoritmo-sqrtsort:jar:1.0-SNAPSHOT
[WARNING] 'dependencies.dependency.version' for org.junit.jupiter:junit-jupiter:jar is either LATEST or RELEASE (both of them are being deprecated) @ line 48, column 22
[WARNING] 
[WARNING] It is highly recommended to fix these problems because they threaten the stability of your build.
[WARNING] 
[WARNING] For this reason, future Maven versions might no longer support building such malformed projects.
[WARNING] 
[INFO] 
[INFO] ------< ellian.aragao.github:projeto2-analise-algoritmo-sqrtsort >------
[INFO] Building projeto2-analise-algoritmo-sqrtsort 1.0-SNAPSHOT
[INFO]   from pom.xml
[INFO] --------------------------------[ jar ]---------------------------------
[INFO] 
[INFO] --- clean:3.2.0:clean (default-clean) @ projeto2-analise-algoritmo-sqrtsort ---
[INFO] Deleting /home/ellian/code/faculdade/IFB-AA/2024/projeto2-analise-algoritmo-sqrsort/target
[INFO] 
[INFO] --- dependency:3.7.0:build-classpath (build-classpath) @ projeto2-analise-algoritmo-sqrtsort ---
[INFO] Dependencies classpath:
/home/ellian/.m2/repository/org/openjdk/jmh/jmh-core/1.37/jmh-core-1.37.jar:/home/ellian/.m2/repository/net/sf/jopt-simple/jopt-simple/5.0.4/jopt-simple-5.0.4.jar:/home/ellian/.m2/repository/org/apache/commons/commons-math3/3.6.1/commons-math3-3.6.1.jar:/home/ellian/.m2/repository/org/openjdk/jmh/jmh-generator-annprocess/1.37/jmh-generator-annprocess-1.37.jar:/home/ellian/.m2/repository/org/jacoco/jacoco-maven-plugin/0.8.6/jacoco-maven-plugin-0.8.6.jar:/home/ellian/.m2/repository/org/apache/maven/maven-plugin-api/3.0/maven-plugin-api-3.0.jar:/home/ellian/.m2/repository/org/apache/maven/maven-model/3.0/maven-model-3.0.jar:/home/ellian/.m2/repository/org/apache/maven/maven-artifact/3.0/maven-artifact-3.0.jar:/home/ellian/.m2/repository/org/sonatype/sisu/sisu-inject-plexus/1.4.2/sisu-inject-plexus-1.4.2.jar:/home/ellian/.m2/repository/org/sonatype/sisu/sisu-inject-bean/1.4.2/sisu-inject-bean-1.4.2.jar:/home/ellian/.m2/repository/org/sonatype/sisu/sisu-guice/2.1.7/sisu-guice-2.1.7-noaop.jar:/home/ellian/.m2/repository/org/apache/maven/maven-core/3.0/maven-core-3.0.jar:/home/ellian/.m2/repository/org/apache/maven/maven-settings/3.0/maven-settings-3.0.jar:/home/ellian/.m2/repository/org/apache/maven/maven-settings-builder/3.0/maven-settings-builder-3.0.jar:/home/ellian/.m2/repository/org/apache/maven/maven-repository-metadata/3.0/maven-repository-metadata-3.0.jar:/home/ellian/.m2/repository/org/apache/maven/maven-model-builder/3.0/maven-model-builder-3.0.jar:/home/ellian/.m2/repository/org/apache/maven/maven-aether-provider/3.0/maven-aether-provider-3.0.jar:/home/ellian/.m2/repository/org/sonatype/aether/aether-impl/1.7/aether-impl-1.7.jar:/home/ellian/.m2/repository/org/sonatype/aether/aether-spi/1.7/aether-spi-1.7.jar:/home/ellian/.m2/repository/org/sonatype/aether/aether-api/1.7/aether-api-1.7.jar:/home/ellian/.m2/repository/org/sonatype/aether/aether-util/1.7/aether-util-1.7.jar:/home/ellian/.m2/repository/org/codehaus/plexus/plexus-interpolation/1.14/plexus-interpolation-1.14.jar:/home/ellian/.m2/repository/org/codehaus/plexus/plexus-classworlds/2.2.3/plexus-classworlds-2.2.3.jar:/home/ellian/.m2/repository/org/codehaus/plexus/plexus-component-annotations/1.5.5/plexus-component-annotations-1.5.5.jar:/home/ellian/.m2/repository/org/sonatype/plexus/plexus-sec-dispatcher/1.3/plexus-sec-dispatcher-1.3.jar:/home/ellian/.m2/repository/org/sonatype/plexus/plexus-cipher/1.4/plexus-cipher-1.4.jar:/home/ellian/.m2/repository/org/codehaus/plexus/plexus-utils/3.0.22/plexus-utils-3.0.22.jar:/home/ellian/.m2/repository/org/apache/maven/shared/file-management/1.2.1/file-management-1.2.1.jar:/home/ellian/.m2/repository/org/apache/maven/shared/maven-shared-io/1.1/maven-shared-io-1.1.jar:/home/ellian/.m2/repository/org/apache/maven/maven-artifact-manager/2.0.2/maven-artifact-manager-2.0.2.jar:/home/ellian/.m2/repository/org/apache/maven/wagon/wagon-provider-api/1.0-alpha-6/wagon-provider-api-1.0-alpha-6.jar:/home/ellian/.m2/repository/org/codehaus/plexus/plexus-container-default/1.0-alpha-9/plexus-container-default-1.0-alpha-9.jar:/home/ellian/.m2/repository/junit/junit/3.8.1/junit-3.8.1.jar:/home/ellian/.m2/repository/classworlds/classworlds/1.1-alpha-2/classworlds-1.1-alpha-2.jar:/home/ellian/.m2/repository/org/apache/maven/reporting/maven-reporting-api/3.0/maven-reporting-api-3.0.jar:/home/ellian/.m2/repository/org/apache/maven/doxia/doxia-sink-api/1.0/doxia-sink-api-1.0.jar:/home/ellian/.m2/repository/org/apache/maven/reporting/maven-reporting-impl/2.1/maven-reporting-impl-2.1.jar:/home/ellian/.m2/repository/org/apache/maven/maven-project/2.0.10/maven-project-2.0.10.jar:/home/ellian/.m2/repository/org/apache/maven/maven-profile/2.0.10/maven-profile-2.0.10.jar:/home/ellian/.m2/repository/org/apache/maven/maven-plugin-registry/2.0.10/maven-plugin-registry-2.0.10.jar:/home/ellian/.m2/repository/org/apache/maven/doxia/doxia-core/1.1.2/doxia-core-1.1.2.jar:/home/ellian/.m2/repository/org/apache/maven/doxia/doxia-logging-api/1.1.2/doxia-logging-api-1.1.2.jar:/home/ellian/.m2/repository/xerces/xercesImpl/2.8.1/xercesImpl-2.8.1.jar:/home/ellian/.m2/repository/commons-lang/commons-lang/2.4/commons-lang-2.4.jar:/home/ellian/.m2/repository/commons-httpclient/commons-httpclient/3.1/commons-httpclient-3.1.jar:/home/ellian/.m2/repository/commons-codec/commons-codec/1.2/commons-codec-1.2.jar:/home/ellian/.m2/repository/org/apache/maven/doxia/doxia-site-renderer/1.1.2/doxia-site-renderer-1.1.2.jar:/home/ellian/.m2/repository/org/apache/maven/doxia/doxia-decoration-model/1.1.2/doxia-decoration-model-1.1.2.jar:/home/ellian/.m2/repository/org/apache/maven/doxia/doxia-module-xhtml/1.1.2/doxia-module-xhtml-1.1.2.jar:/home/ellian/.m2/repository/org/apache/maven/doxia/doxia-module-fml/1.1.2/doxia-module-fml-1.1.2.jar:/home/ellian/.m2/repository/org/codehaus/plexus/plexus-i18n/1.0-beta-7/plexus-i18n-1.0-beta-7.jar:/home/ellian/.m2/repository/org/codehaus/plexus/plexus-velocity/1.1.7/plexus-velocity-1.1.7.jar:/home/ellian/.m2/repository/org/apache/velocity/velocity/1.5/velocity-1.5.jar:/home/ellian/.m2/repository/commons-collections/commons-collections/3.2/commons-collections-3.2.jar:/home/ellian/.m2/repository/commons-validator/commons-validator/1.2.0/commons-validator-1.2.0.jar:/home/ellian/.m2/repository/commons-beanutils/commons-beanutils/1.7.0/commons-beanutils-1.7.0.jar:/home/ellian/.m2/repository/commons-digester/commons-digester/1.6/commons-digester-1.6.jar:/home/ellian/.m2/repository/commons-logging/commons-logging/1.0.4/commons-logging-1.0.4.jar:/home/ellian/.m2/repository/oro/oro/2.0.8/oro-2.0.8.jar:/home/ellian/.m2/repository/xml-apis/xml-apis/1.0.b2/xml-apis-1.0.b2.jar:/home/ellian/.m2/repository/org/jacoco/org.jacoco.agent/0.8.6/org.jacoco.agent-0.8.6-runtime.jar:/home/ellian/.m2/repository/org/jacoco/org.jacoco.core/0.8.6/org.jacoco.core-0.8.6.jar:/home/ellian/.m2/repository/org/ow2/asm/asm/8.0.1/asm-8.0.1.jar:/home/ellian/.m2/repository/org/ow2/asm/asm-commons/8.0.1/asm-commons-8.0.1.jar:/home/ellian/.m2/repository/org/ow2/asm/asm-analysis/8.0.1/asm-analysis-8.0.1.jar:/home/ellian/.m2/repository/org/ow2/asm/asm-tree/8.0.1/asm-tree-8.0.1.jar:/home/ellian/.m2/repository/org/jacoco/org.jacoco.report/0.8.6/org.jacoco.report-0.8.6.jar
[INFO] 
[INFO] --- resources:3.3.1:resources (default-resources) @ projeto2-analise-algoritmo-sqrtsort ---
[INFO] skip non existing resourceDirectory /home/ellian/code/faculdade/IFB-AA/2024/projeto2-analise-algoritmo-sqrsort/src/main/resources
[INFO] 
[INFO] --- compiler:3.13.0:compile (default-compile) @ projeto2-analise-algoritmo-sqrtsort ---
[INFO] Recompiling the module because of changed source code.
[INFO] Compiling 8 source files with javac [debug target 21] to target/classes
[INFO] /home/ellian/code/faculdade/IFB-AA/2024/projeto2-analise-algoritmo-sqrsort/src/main/java/ellian/aragao/github/algoritmo/T2.java: Some input files use unchecked or unsafe operations.
[INFO] /home/ellian/code/faculdade/IFB-AA/2024/projeto2-analise-algoritmo-sqrsort/src/main/java/ellian/aragao/github/algoritmo/T2.java: Recompile with -Xlint:unchecked for details.
[INFO] 
[INFO] --- resources:3.3.1:testResources (default-testResources) @ projeto2-analise-algoritmo-sqrtsort ---
[INFO] skip non existing resourceDirectory /home/ellian/code/faculdade/IFB-AA/2024/projeto2-analise-algoritmo-sqrsort/src/test/resources
[INFO] 
[INFO] --- compiler:3.13.0:testCompile (default-testCompile) @ projeto2-analise-algoritmo-sqrtsort ---
[INFO] Recompiling the module because of changed dependency.
[INFO] Compiling 2 source files with javac [debug target 21] to target/test-classes
[INFO] 
[INFO] --- surefire:3.2.5:test (default-test) @ projeto2-analise-algoritmo-sqrtsort ---
[INFO] Using auto detected provider org.apache.maven.surefire.junitplatform.JUnitPlatformProvider
[INFO] 
[INFO] -------------------------------------------------------
[INFO]  T E S T S
[INFO] -------------------------------------------------------
[INFO] Running ellian.aragao.github.algoritmo.SqrtSortBubbleImplTest
[INFO] Tests run: 3, Failures: 0, Errors: 0, Skipped: 0, Time elapsed: 0.032 s -- in ellian.aragao.github.algoritmo.SqrtSortBubbleImplTest
[INFO] Running ellian.aragao.github.algoritmo.SqrtSortHeapImplTest
[INFO] Tests run: 1, Failures: 0, Errors: 0, Skipped: 0, Time elapsed: 0.002 s -- in ellian.aragao.github.algoritmo.SqrtSortHeapImplTest
[INFO] 
[INFO] Results:
[INFO] 
[INFO] Tests run: 4, Failures: 0, Errors: 0, Skipped: 0
[INFO] 
[INFO] 
[INFO] --- jar:3.3.0:jar (default-jar) @ projeto2-analise-algoritmo-sqrtsort ---
[INFO] Building jar: /home/ellian/code/faculdade/IFB-AA/2024/projeto2-analise-algoritmo-sqrsort/target/projeto2-analise-algoritmo-sqrtsort-1.0-SNAPSHOT.jar
[INFO] 
[INFO] --- exec:1.6.0:java (default-cli) @ projeto2-analise-algoritmo-sqrtsort ---
# Detecting actual CPU count: 12 detected
# JMH version: 1.37
# VM version: JDK 21.0.4, OpenJDK 64-Bit Server VM, 21.0.4+7-LTS
# VM invoker: /home/ellian/.asdf/installs/java/temurin-21.0.4+7.0.LTS/bin/java
# VM options: -Xms5G -Xmx8G -Dclassworlds.conf=/home/ellian/.asdf/installs/maven/3.9.8/bin/m2.conf -Dmaven.home=/home/ellian/.asdf/installs/maven/3.9.8 -Dlibrary.jansi.path=/home/ellian/.asdf/installs/maven/3.9.8/lib/jansi-native -Dmaven.multiModuleProjectDirectory=/home/ellian/code/faculdade/IFB-AA/2024/projeto2-analise-algoritmo-sqrsort
# Blackhole mode: compiler (auto-detected, use -Djmh.blackhole.autoDetect=false to disable)
# Warmup: 5 iterations, 10 s each
# Measurement: 5 iterations, 10 s each
# Timeout: 1 day per iteration
# Threads: 12 threads, will synchronize iterations
# Benchmark mode: Average time, time/op
# Benchmark: ellian.aragao.github.AlgoritmoRunner.Entradas10_000_000.entrada10_000_000_aleatoriaBubble

# Run progress: 0.00% complete, ETA 00:10:00
# Warmup Fork: 1 of 1
# Warmup Iteration   1: 1310294.708 ±(99.9%) 102763.876 ms/op
# Warmup Iteration   2: 1021027.315 ±(99.9%) 97292.583 ms/op
# Warmup Iteration   3: 1019490.248 ±(99.9%) 52721.543 ms/op
# Warmup Iteration   4: 1028042.333 ±(99.9%) 67266.912 ms/op
# Warmup Iteration   5: 1004322.725 ±(99.9%) 58371.062 ms/op
Iteration   1: 999527.998 ±(99.9%) 67965.775 ms/op
Iteration   2: 1010391.827 ±(99.9%) 53709.398 ms/op
Iteration   3: 998105.434 ±(99.9%) 62840.415 ms/op
Iteration   4: 1015742.783 ±(99.9%) 54906.051 ms/op
Iteration   5: 1022418.591 ±(99.9%) 61508.532 ms/op

# Run progress: 16.67% complete, ETA 1 days, 17:55:17
# Fork: 1 of 1
# Warmup Iteration   1: 1294349.835 ±(99.9%) 106138.074 ms/op
# Warmup Iteration   2: 1025925.068 ±(99.9%) 49104.749 ms/op
# Warmup Iteration   3: 1027957.153 ±(99.9%) 61446.381 ms/op
# Warmup Iteration   4: 1023696.233 ±(99.9%) 49124.769 ms/op
# Warmup Iteration   5: 1036206.876 ±(99.9%) 39768.785 ms/op
Iteration   1: 1026172.872 ±(99.9%) 53370.297 ms/op
Iteration   2: 998786.506 ±(99.9%) 41205.792 ms/op
Iteration   3: 1029077.411 ±(99.9%) 67766.514 ms/op
Iteration   4: 1013054.815 ±(99.9%) 42714.120 ms/op
Iteration   5: 1016093.661 ±(99.9%) 53144.890 ms/op


Result "ellian.aragao.github.AlgoritmoRunner.Entradas10_000_000.entrada10_000_000_aleatoriaBubble":
  1016637.053 ±(99.9%) 46266.416 ms/op [Average]
  (min, avg, max) = (998786.506, 1016637.053, 1029077.411), stdev = 12015.241
  CI (99.9%): [970370.637, 1062903.469] (assumes normal distribution)


# JMH version: 1.37
# VM version: JDK 21.0.4, OpenJDK 64-Bit Server VM, 21.0.4+7-LTS
# VM invoker: /home/ellian/.asdf/installs/java/temurin-21.0.4+7.0.LTS/bin/java
# VM options: -Xms5G -Xmx8G -Dclassworlds.conf=/home/ellian/.asdf/installs/maven/3.9.8/bin/m2.conf -Dmaven.home=/home/ellian/.asdf/installs/maven/3.9.8 -Dlibrary.jansi.path=/home/ellian/.asdf/installs/maven/3.9.8/lib/jansi-native -Dmaven.multiModuleProjectDirectory=/home/ellian/code/faculdade/IFB-AA/2024/projeto2-analise-algoritmo-sqrsort
# Blackhole mode: compiler (auto-detected, use -Djmh.blackhole.autoDetect=false to disable)
# Warmup: 5 iterations, 10 s each
# Measurement: 5 iterations, 10 s each
# Timeout: 1 day per iteration
# Threads: 12 threads, will synchronize iterations
# Benchmark mode: Average time, time/op
# Benchmark: ellian.aragao.github.AlgoritmoRunner.Entradas10_000_000.entrada10_000_000_crecenteBubble

# Run progress: 33.33% complete, ETA 1 days, 09:23:36
# Warmup Fork: 1 of 1
# Warmup Iteration   1: 643707.094 ±(99.9%) 62595.589 ms/op
# Warmup Iteration   2: 559695.033 ±(99.9%) 42421.774 ms/op
# Warmup Iteration   3: 559412.083 ±(99.9%) 35826.644 ms/op
# Warmup Iteration   4: 574972.278 ±(99.9%) 33730.276 ms/op
# Warmup Iteration   5: 562817.500 ±(99.9%) 29747.789 ms/op
Iteration   1: 559529.608 ±(99.9%) 19943.134 ms/op
Iteration   2: 567292.430 ±(99.9%) 14870.565 ms/op
Iteration   3: 557920.143 ±(99.9%) 35858.089 ms/op
Iteration   4: 567657.211 ±(99.9%) 16664.056 ms/op
Iteration   5: 566082.897 ±(99.9%) 22004.373 ms/op

# Run progress: 50.00% complete, ETA 21:22:11
# Fork: 1 of 1
# Warmup Iteration   1: 635254.594 ±(99.9%) 66385.399 ms/op
# Warmup Iteration   2: 572731.830 ±(99.9%) 49079.866 ms/op
# Warmup Iteration   3: 574473.730 ±(99.9%) 34259.396 ms/op
# Warmup Iteration   4: 571981.184 ±(99.9%) 27489.582 ms/op
# Warmup Iteration   5: 565363.610 ±(99.9%) 18029.882 ms/op
Iteration   1: 568209.474 ±(99.9%) 15236.249 ms/op
Iteration   2: 562000.274 ±(99.9%) 36409.779 ms/op
Iteration   3: 569431.466 ±(99.9%) 28742.858 ms/op
Iteration   4: 560655.456 ±(99.9%) 37420.381 ms/op
Iteration   5: 569626.108 ±(99.9%) 23652.332 ms/op


Result "ellian.aragao.github.AlgoritmoRunner.Entradas10_000_000.entrada10_000_000_crecenteBubble":
  565984.556 ±(99.9%) 16603.171 ms/op [Average]
  (min, avg, max) = (560655.456, 565984.556, 569626.108), stdev = 4311.791
  CI (99.9%): [549381.384, 582587.727] (assumes normal distribution)


# JMH version: 1.37
# VM version: JDK 21.0.4, OpenJDK 64-Bit Server VM, 21.0.4+7-LTS
# VM invoker: /home/ellian/.asdf/installs/java/temurin-21.0.4+7.0.LTS/bin/java
# VM options: -Xms5G -Xmx8G -Dclassworlds.conf=/home/ellian/.asdf/installs/maven/3.9.8/bin/m2.conf -Dmaven.home=/home/ellian/.asdf/installs/maven/3.9.8 -Dlibrary.jansi.path=/home/ellian/.asdf/installs/maven/3.9.8/lib/jansi-native -Dmaven.multiModuleProjectDirectory=/home/ellian/code/faculdade/IFB-AA/2024/projeto2-analise-algoritmo-sqrsort
# Blackhole mode: compiler (auto-detected, use -Djmh.blackhole.autoDetect=false to disable)
# Warmup: 5 iterations, 10 s each
# Measurement: 5 iterations, 10 s each
# Timeout: 1 day per iteration
# Threads: 12 threads, will synchronize iterations
# Benchmark mode: Average time, time/op
# Benchmark: ellian.aragao.github.AlgoritmoRunner.Entradas10_000_000.entrada10_000_000_decrecenteBubble

# Run progress: 66.67% complete, ETA 13:01:45
# Warmup Fork: 1 of 1
# Warmup Iteration   1: 741911.191 ±(99.9%) 66343.881 ms/op
# Warmup Iteration   2: 689885.460 ±(99.9%) 15846.463 ms/op
# Warmup Iteration   3: 684371.268 ±(99.9%) 28825.705 ms/op
# Warmup Iteration   4: 686263.514 ±(99.9%) 31553.111 ms/op
# Warmup Iteration   5: 685434.310 ±(99.9%) 34250.695 ms/op
Iteration   1: 695326.775 ±(99.9%) 26252.012 ms/op
Iteration   2: 689653.297 ±(99.9%) 26985.535 ms/op
Iteration   3: 696530.827 ±(99.9%) 21226.086 ms/op
Iteration   4: 693604.325 ±(99.9%) 31224.286 ms/op
Iteration   5: 699024.836 ±(99.9%) 18968.919 ms/op

# Run progress: 83.33% complete, ETA 06:20:54
# Fork: 1 of 1
# Warmup Iteration   1: 743360.873 ±(99.9%) 69210.475 ms/op
# Warmup Iteration   2: 689942.215 ±(99.9%) 24157.221 ms/op
# Warmup Iteration   3: 684905.817 ±(99.9%) 32279.535 ms/op
# Warmup Iteration   4: 702077.155 ±(99.9%) 36651.349 ms/op
# Warmup Iteration   5: 693461.102 ±(99.9%) 42990.968 ms/op
Iteration   1: 695800.584 ±(99.9%) 27954.473 ms/op
Iteration   2: 687355.383 ±(99.9%) 28179.466 ms/op
Iteration   3: 688272.154 ±(99.9%) 27715.760 ms/op
Iteration   4: 691269.731 ±(99.9%) 40551.859 ms/op
Iteration   5: 695471.085 ±(99.9%) 38786.661 ms/op


Result "ellian.aragao.github.AlgoritmoRunner.Entradas10_000_000.entrada10_000_000_decrecenteBubble":
  691633.787 ±(99.9%) 15138.579 ms/op [Average]
  (min, avg, max) = (687355.383, 691633.787, 695800.584), stdev = 3931.441
  CI (99.9%): [676495.208, 706772.367] (assumes normal distribution)


# Run complete. Total time: 1 days, 13:26:13

REMEMBER: The numbers below are just data. To gain reusable insights, you need to follow up on
why the numbers are the way they are. Use profilers (see -prof, -lprof), design factorial
experiments, perform baseline and negative tests that provide experimental control, make sure
the benchmarking environment is safe on JVM/OS/HW level, ask for reviews from the domain experts.
Do not assume the numbers tell you what you want them to tell.

NOTE: Current JVM experimentally supports Compiler Blackholes, and they are in use. Please exercise
extra caution when trusting the results, look into the generated code to check the benchmark still
works, and factor in a small probability of new VM bugs. Additionally, while comparisons between
different JVMs are already problematic, the performance difference caused by different Blackhole
modes can be very significant. Please make sure you use the consistent Blackhole mode for comparisons.

Benchmark                                                              Mode  Cnt        Score       Error  Units
AlgoritmoRunner.Entradas10_000_000.entrada10_000_000_aleatoriaBubble   avgt    5  1016637.053 ± 46266.416  ms/op
AlgoritmoRunner.Entradas10_000_000.entrada10_000_000_crecenteBubble    avgt    5   565984.556 ± 16603.171  ms/op
AlgoritmoRunner.Entradas10_000_000.entrada10_000_000_decrecenteBubble  avgt    5   691633.787 ± 15138.579  ms/op
[INFO] ------------------------------------------------------------------------
[INFO] BUILD SUCCESS
[INFO] ------------------------------------------------------------------------
[INFO] Total time:  1 d 13:26 h
[INFO] Finished at: 2024-08-30T01:06:48-03:00
[INFO] ------------------------------------------------------------------------
