[INFO] Scanning for projects...
[WARNING] 
[WARNING] Some problems were encountered while building the effective model for ellian.aragao.github:projeto2-analise-algoritmo-sqrtsort:jar:1.0-SNAPSHOT
[WARNING] 'dependencies.dependency.version' for org.junit.jupiter:junit-jupiter:jar is either LATEST or RELEASE (both of them are being deprecated) @ line 48, column 22
[WARNING] 
[WARNING] It is highly recommended to fix these problems because they threaten the stability of your build.
[WARNING] 
[WARNING] For this reason, future Maven versions might no longer support building such malformed projects.
[WARNING] 
[INFO] 
[INFO] ------< ellian.aragao.github:projeto2-analise-algoritmo-sqrtsort >------
[INFO] Building projeto2-analise-algoritmo-sqrtsort 1.0-SNAPSHOT
[INFO]   from pom.xml
[INFO] --------------------------------[ jar ]---------------------------------
[INFO] 
[INFO] --- clean:3.2.0:clean (default-clean) @ projeto2-analise-algoritmo-sqrtsort ---
[INFO] Deleting /home/ellian/code/faculdade/IFB-AA/2024/projeto2-analise-algoritmo-sqrsort/target
[INFO] 
[INFO] --- dependency:3.7.0:build-classpath (build-classpath) @ projeto2-analise-algoritmo-sqrtsort ---
[INFO] Dependencies classpath:
/home/ellian/.m2/repository/org/openjdk/jmh/jmh-core/1.37/jmh-core-1.37.jar:/home/ellian/.m2/repository/net/sf/jopt-simple/jopt-simple/5.0.4/jopt-simple-5.0.4.jar:/home/ellian/.m2/repository/org/apache/commons/commons-math3/3.6.1/commons-math3-3.6.1.jar:/home/ellian/.m2/repository/org/openjdk/jmh/jmh-generator-annprocess/1.37/jmh-generator-annprocess-1.37.jar:/home/ellian/.m2/repository/org/jacoco/jacoco-maven-plugin/0.8.6/jacoco-maven-plugin-0.8.6.jar:/home/ellian/.m2/repository/org/apache/maven/maven-plugin-api/3.0/maven-plugin-api-3.0.jar:/home/ellian/.m2/repository/org/apache/maven/maven-model/3.0/maven-model-3.0.jar:/home/ellian/.m2/repository/org/apache/maven/maven-artifact/3.0/maven-artifact-3.0.jar:/home/ellian/.m2/repository/org/sonatype/sisu/sisu-inject-plexus/1.4.2/sisu-inject-plexus-1.4.2.jar:/home/ellian/.m2/repository/org/sonatype/sisu/sisu-inject-bean/1.4.2/sisu-inject-bean-1.4.2.jar:/home/ellian/.m2/repository/org/sonatype/sisu/sisu-guice/2.1.7/sisu-guice-2.1.7-noaop.jar:/home/ellian/.m2/repository/org/apache/maven/maven-core/3.0/maven-core-3.0.jar:/home/ellian/.m2/repository/org/apache/maven/maven-settings/3.0/maven-settings-3.0.jar:/home/ellian/.m2/repository/org/apache/maven/maven-settings-builder/3.0/maven-settings-builder-3.0.jar:/home/ellian/.m2/repository/org/apache/maven/maven-repository-metadata/3.0/maven-repository-metadata-3.0.jar:/home/ellian/.m2/repository/org/apache/maven/maven-model-builder/3.0/maven-model-builder-3.0.jar:/home/ellian/.m2/repository/org/apache/maven/maven-aether-provider/3.0/maven-aether-provider-3.0.jar:/home/ellian/.m2/repository/org/sonatype/aether/aether-impl/1.7/aether-impl-1.7.jar:/home/ellian/.m2/repository/org/sonatype/aether/aether-spi/1.7/aether-spi-1.7.jar:/home/ellian/.m2/repository/org/sonatype/aether/aether-api/1.7/aether-api-1.7.jar:/home/ellian/.m2/repository/org/sonatype/aether/aether-util/1.7/aether-util-1.7.jar:/home/ellian/.m2/repository/org/codehaus/plexus/plexus-interpolation/1.14/plexus-interpolation-1.14.jar:/home/ellian/.m2/repository/org/codehaus/plexus/plexus-classworlds/2.2.3/plexus-classworlds-2.2.3.jar:/home/ellian/.m2/repository/org/codehaus/plexus/plexus-component-annotations/1.5.5/plexus-component-annotations-1.5.5.jar:/home/ellian/.m2/repository/org/sonatype/plexus/plexus-sec-dispatcher/1.3/plexus-sec-dispatcher-1.3.jar:/home/ellian/.m2/repository/org/sonatype/plexus/plexus-cipher/1.4/plexus-cipher-1.4.jar:/home/ellian/.m2/repository/org/codehaus/plexus/plexus-utils/3.0.22/plexus-utils-3.0.22.jar:/home/ellian/.m2/repository/org/apache/maven/shared/file-management/1.2.1/file-management-1.2.1.jar:/home/ellian/.m2/repository/org/apache/maven/shared/maven-shared-io/1.1/maven-shared-io-1.1.jar:/home/ellian/.m2/repository/org/apache/maven/maven-artifact-manager/2.0.2/maven-artifact-manager-2.0.2.jar:/home/ellian/.m2/repository/org/apache/maven/wagon/wagon-provider-api/1.0-alpha-6/wagon-provider-api-1.0-alpha-6.jar:/home/ellian/.m2/repository/org/codehaus/plexus/plexus-container-default/1.0-alpha-9/plexus-container-default-1.0-alpha-9.jar:/home/ellian/.m2/repository/junit/junit/3.8.1/junit-3.8.1.jar:/home/ellian/.m2/repository/classworlds/classworlds/1.1-alpha-2/classworlds-1.1-alpha-2.jar:/home/ellian/.m2/repository/org/apache/maven/reporting/maven-reporting-api/3.0/maven-reporting-api-3.0.jar:/home/ellian/.m2/repository/org/apache/maven/doxia/doxia-sink-api/1.0/doxia-sink-api-1.0.jar:/home/ellian/.m2/repository/org/apache/maven/reporting/maven-reporting-impl/2.1/maven-reporting-impl-2.1.jar:/home/ellian/.m2/repository/org/apache/maven/maven-project/2.0.10/maven-project-2.0.10.jar:/home/ellian/.m2/repository/org/apache/maven/maven-profile/2.0.10/maven-profile-2.0.10.jar:/home/ellian/.m2/repository/org/apache/maven/maven-plugin-registry/2.0.10/maven-plugin-registry-2.0.10.jar:/home/ellian/.m2/repository/org/apache/maven/doxia/doxia-core/1.1.2/doxia-core-1.1.2.jar:/home/ellian/.m2/repository/org/apache/maven/doxia/doxia-logging-api/1.1.2/doxia-logging-api-1.1.2.jar:/home/ellian/.m2/repository/xerces/xercesImpl/2.8.1/xercesImpl-2.8.1.jar:/home/ellian/.m2/repository/commons-lang/commons-lang/2.4/commons-lang-2.4.jar:/home/ellian/.m2/repository/commons-httpclient/commons-httpclient/3.1/commons-httpclient-3.1.jar:/home/ellian/.m2/repository/commons-codec/commons-codec/1.2/commons-codec-1.2.jar:/home/ellian/.m2/repository/org/apache/maven/doxia/doxia-site-renderer/1.1.2/doxia-site-renderer-1.1.2.jar:/home/ellian/.m2/repository/org/apache/maven/doxia/doxia-decoration-model/1.1.2/doxia-decoration-model-1.1.2.jar:/home/ellian/.m2/repository/org/apache/maven/doxia/doxia-module-xhtml/1.1.2/doxia-module-xhtml-1.1.2.jar:/home/ellian/.m2/repository/org/apache/maven/doxia/doxia-module-fml/1.1.2/doxia-module-fml-1.1.2.jar:/home/ellian/.m2/repository/org/codehaus/plexus/plexus-i18n/1.0-beta-7/plexus-i18n-1.0-beta-7.jar:/home/ellian/.m2/repository/org/codehaus/plexus/plexus-velocity/1.1.7/plexus-velocity-1.1.7.jar:/home/ellian/.m2/repository/org/apache/velocity/velocity/1.5/velocity-1.5.jar:/home/ellian/.m2/repository/commons-collections/commons-collections/3.2/commons-collections-3.2.jar:/home/ellian/.m2/repository/commons-validator/commons-validator/1.2.0/commons-validator-1.2.0.jar:/home/ellian/.m2/repository/commons-beanutils/commons-beanutils/1.7.0/commons-beanutils-1.7.0.jar:/home/ellian/.m2/repository/commons-digester/commons-digester/1.6/commons-digester-1.6.jar:/home/ellian/.m2/repository/commons-logging/commons-logging/1.0.4/commons-logging-1.0.4.jar:/home/ellian/.m2/repository/oro/oro/2.0.8/oro-2.0.8.jar:/home/ellian/.m2/repository/xml-apis/xml-apis/1.0.b2/xml-apis-1.0.b2.jar:/home/ellian/.m2/repository/org/jacoco/org.jacoco.agent/0.8.6/org.jacoco.agent-0.8.6-runtime.jar:/home/ellian/.m2/repository/org/jacoco/org.jacoco.core/0.8.6/org.jacoco.core-0.8.6.jar:/home/ellian/.m2/repository/org/ow2/asm/asm/8.0.1/asm-8.0.1.jar:/home/ellian/.m2/repository/org/ow2/asm/asm-commons/8.0.1/asm-commons-8.0.1.jar:/home/ellian/.m2/repository/org/ow2/asm/asm-analysis/8.0.1/asm-analysis-8.0.1.jar:/home/ellian/.m2/repository/org/ow2/asm/asm-tree/8.0.1/asm-tree-8.0.1.jar:/home/ellian/.m2/repository/org/jacoco/org.jacoco.report/0.8.6/org.jacoco.report-0.8.6.jar
[INFO] 
[INFO] --- resources:3.3.1:resources (default-resources) @ projeto2-analise-algoritmo-sqrtsort ---
[INFO] skip non existing resourceDirectory /home/ellian/code/faculdade/IFB-AA/2024/projeto2-analise-algoritmo-sqrsort/src/main/resources
[INFO] 
[INFO] --- compiler:3.13.0:compile (default-compile) @ projeto2-analise-algoritmo-sqrtsort ---
[INFO] Recompiling the module because of changed source code.
[INFO] Compiling 8 source files with javac [debug target 21] to target/classes
[INFO] /home/ellian/code/faculdade/IFB-AA/2024/projeto2-analise-algoritmo-sqrsort/src/main/java/ellian/aragao/github/algoritmo/T2.java: Some input files use unchecked or unsafe operations.
[INFO] /home/ellian/code/faculdade/IFB-AA/2024/projeto2-analise-algoritmo-sqrsort/src/main/java/ellian/aragao/github/algoritmo/T2.java: Recompile with -Xlint:unchecked for details.
[INFO] 
[INFO] --- resources:3.3.1:testResources (default-testResources) @ projeto2-analise-algoritmo-sqrtsort ---
[INFO] skip non existing resourceDirectory /home/ellian/code/faculdade/IFB-AA/2024/projeto2-analise-algoritmo-sqrsort/src/test/resources
[INFO] 
[INFO] --- compiler:3.13.0:testCompile (default-testCompile) @ projeto2-analise-algoritmo-sqrtsort ---
[INFO] Recompiling the module because of changed dependency.
[INFO] Compiling 2 source files with javac [debug target 21] to target/test-classes
[INFO] 
[INFO] --- surefire:3.2.5:test (default-test) @ projeto2-analise-algoritmo-sqrtsort ---
[INFO] Using auto detected provider org.apache.maven.surefire.junitplatform.JUnitPlatformProvider
[INFO] 
[INFO] -------------------------------------------------------
[INFO]  T E S T S
[INFO] -------------------------------------------------------
[INFO] Running ellian.aragao.github.algoritmo.SqrtSortBubbleImplTest
[INFO] Tests run: 3, Failures: 0, Errors: 0, Skipped: 0, Time elapsed: 0.033 s -- in ellian.aragao.github.algoritmo.SqrtSortBubbleImplTest
[INFO] Running ellian.aragao.github.algoritmo.SqrtSortHeapImplTest
[INFO] Tests run: 1, Failures: 0, Errors: 0, Skipped: 0, Time elapsed: 0.002 s -- in ellian.aragao.github.algoritmo.SqrtSortHeapImplTest
[INFO] 
[INFO] Results:
[INFO] 
[INFO] Tests run: 4, Failures: 0, Errors: 0, Skipped: 0
[INFO] 
[INFO] 
[INFO] --- jar:3.3.0:jar (default-jar) @ projeto2-analise-algoritmo-sqrtsort ---
[INFO] Building jar: /home/ellian/code/faculdade/IFB-AA/2024/projeto2-analise-algoritmo-sqrsort/target/projeto2-analise-algoritmo-sqrtsort-1.0-SNAPSHOT.jar
[INFO] 
[INFO] --- exec:1.6.0:java (default-cli) @ projeto2-analise-algoritmo-sqrtsort ---
# Detecting actual CPU count: 12 detected
# JMH version: 1.37
# VM version: JDK 21.0.4, OpenJDK 64-Bit Server VM, 21.0.4+7-LTS
# VM invoker: /home/ellian/.asdf/installs/java/temurin-21.0.4+7.0.LTS/bin/java
# VM options: -Dclassworlds.conf=/home/ellian/.asdf/installs/maven/3.9.8/bin/m2.conf -Dmaven.home=/home/ellian/.asdf/installs/maven/3.9.8 -Dlibrary.jansi.path=/home/ellian/.asdf/installs/maven/3.9.8/lib/jansi-native -Dmaven.multiModuleProjectDirectory=/home/ellian/code/faculdade/IFB-AA/2024/projeto2-analise-algoritmo-sqrsort
# Blackhole mode: compiler (auto-detected, use -Djmh.blackhole.autoDetect=false to disable)
# Warmup: 5 iterations, 10 s each
# Measurement: 5 iterations, 10 s each
# Timeout: 10 min per iteration
# Threads: 12 threads, will synchronize iterations
# Benchmark mode: Average time, time/op
# Benchmark: ellian.aragao.github.AlgoritmoRunner.Entradas100_000.entrada100_000_aleatoriaBubble

# Run progress: 0.00% complete, ETA 00:50:00
# Fork: 1 of 5
# Warmup Iteration   1: 492.023 ±(99.9%) 9.638 ms/op
# Warmup Iteration   2: 506.655 ±(99.9%) 15.868 ms/op
# Warmup Iteration   3: 512.660 ±(99.9%) 18.321 ms/op
# Warmup Iteration   4: 500.364 ±(99.9%) 9.572 ms/op
# Warmup Iteration   5: 515.588 ±(99.9%) 6.038 ms/op
Iteration   1: 481.381 ±(99.9%) 5.247 ms/op
Iteration   2: 489.421 ±(99.9%) 9.548 ms/op
Iteration   3: 512.522 ±(99.9%) 23.009 ms/op
Iteration   4: 487.570 ±(99.9%) 5.912 ms/op
Iteration   5: 482.806 ±(99.9%) 4.497 ms/op

# Run progress: 3.33% complete, ETA 00:52:04
# Fork: 2 of 5
# Warmup Iteration   1: 465.520 ±(99.9%) 12.261 ms/op
# Warmup Iteration   2: 438.108 ±(99.9%) 4.028 ms/op
# Warmup Iteration   3: 436.778 ±(99.9%) 5.301 ms/op
# Warmup Iteration   4: 470.547 ±(99.9%) 9.196 ms/op
# Warmup Iteration   5: 450.420 ±(99.9%) 5.389 ms/op
Iteration   1: 449.421 ±(99.9%) 6.151 ms/op
Iteration   2: 451.717 ±(99.9%) 10.288 ms/op
Iteration   3: 456.229 ±(99.9%) 7.124 ms/op
Iteration   4: 452.549 ±(99.9%) 6.259 ms/op
Iteration   5: 456.198 ±(99.9%) 7.304 ms/op

# Run progress: 6.67% complete, ETA 00:50:14
# Fork: 3 of 5
# Warmup Iteration   1: 511.573 ±(99.9%) 8.059 ms/op
# Warmup Iteration   2: 511.703 ±(99.9%) 6.849 ms/op
# Warmup Iteration   3: 514.504 ±(99.9%) 7.323 ms/op
# Warmup Iteration   4: 509.617 ±(99.9%) 10.862 ms/op
# Warmup Iteration   5: 514.632 ±(99.9%) 4.815 ms/op
Iteration   1: 518.799 ±(99.9%) 2.423 ms/op
Iteration   2: 510.200 ±(99.9%) 10.638 ms/op
Iteration   3: 513.859 ±(99.9%) 5.582 ms/op
Iteration   4: 513.293 ±(99.9%) 5.159 ms/op
Iteration   5: 522.570 ±(99.9%) 10.629 ms/op

# Run progress: 10.00% complete, ETA 00:48:34
# Fork: 4 of 5
# Warmup Iteration   1: 455.190 ±(99.9%) 5.706 ms/op
# Warmup Iteration   2: 452.861 ±(99.9%) 5.361 ms/op
# Warmup Iteration   3: 464.484 ±(99.9%) 4.030 ms/op
# Warmup Iteration   4: 455.917 ±(99.9%) 4.573 ms/op
# Warmup Iteration   5: 450.078 ±(99.9%) 5.247 ms/op
Iteration   1: 468.051 ±(99.9%) 6.112 ms/op
Iteration   2: 449.521 ±(99.9%) 4.523 ms/op
Iteration   3: 455.178 ±(99.9%) 4.217 ms/op
Iteration   4: 466.099 ±(99.9%) 12.293 ms/op
Iteration   5: 453.507 ±(99.9%) 5.710 ms/op

# Run progress: 13.33% complete, ETA 00:46:42
# Fork: 5 of 5
# Warmup Iteration   1: 454.586 ±(99.9%) 3.433 ms/op
# Warmup Iteration   2: 450.646 ±(99.9%) 6.740 ms/op
# Warmup Iteration   3: 453.411 ±(99.9%) 3.618 ms/op
# Warmup Iteration   4: 451.103 ±(99.9%) 4.676 ms/op
# Warmup Iteration   5: 450.282 ±(99.9%) 8.775 ms/op
Iteration   1: 456.626 ±(99.9%) 9.559 ms/op
Iteration   2: 452.282 ±(99.9%) 3.939 ms/op
Iteration   3: 443.701 ±(99.9%) 5.028 ms/op
Iteration   4: 454.699 ±(99.9%) 9.307 ms/op
Iteration   5: 448.279 ±(99.9%) 3.908 ms/op


Result "ellian.aragao.github.AlgoritmoRunner.Entradas100_000.entrada100_000_aleatoriaBubble":
  473.859 ±(99.9%) 20.075 ms/op [Average]
  (min, avg, max) = (443.701, 473.859, 522.570), stdev = 26.799
  CI (99.9%): [453.784, 493.934] (assumes normal distribution)


# JMH version: 1.37
# VM version: JDK 21.0.4, OpenJDK 64-Bit Server VM, 21.0.4+7-LTS
# VM invoker: /home/ellian/.asdf/installs/java/temurin-21.0.4+7.0.LTS/bin/java
# VM options: -Dclassworlds.conf=/home/ellian/.asdf/installs/maven/3.9.8/bin/m2.conf -Dmaven.home=/home/ellian/.asdf/installs/maven/3.9.8 -Dlibrary.jansi.path=/home/ellian/.asdf/installs/maven/3.9.8/lib/jansi-native -Dmaven.multiModuleProjectDirectory=/home/ellian/code/faculdade/IFB-AA/2024/projeto2-analise-algoritmo-sqrsort
# Blackhole mode: compiler (auto-detected, use -Djmh.blackhole.autoDetect=false to disable)
# Warmup: 5 iterations, 10 s each
# Measurement: 5 iterations, 10 s each
# Timeout: 10 min per iteration
# Threads: 12 threads, will synchronize iterations
# Benchmark mode: Average time, time/op
# Benchmark: ellian.aragao.github.AlgoritmoRunner.Entradas100_000.entrada100_000_aleatoriaHeap

# Run progress: 16.67% complete, ETA 00:44:53
# Fork: 1 of 5
# Warmup Iteration   1: 68.157 ±(99.9%) 1.568 ms/op
# Warmup Iteration   2: 69.183 ±(99.9%) 2.487 ms/op
# Warmup Iteration   3: 67.504 ±(99.9%) 2.124 ms/op
# Warmup Iteration   4: 67.480 ±(99.9%) 1.883 ms/op
# Warmup Iteration   5: 68.985 ±(99.9%) 2.483 ms/op
Iteration   1: 67.334 ±(99.9%) 1.248 ms/op
Iteration   2: 67.221 ±(99.9%) 0.856 ms/op
Iteration   3: 66.955 ±(99.9%) 1.108 ms/op
Iteration   4: 69.382 ±(99.9%) 1.882 ms/op
Iteration   5: 67.930 ±(99.9%) 1.888 ms/op

# Run progress: 20.00% complete, ETA 00:42:40
# Fork: 2 of 5
# Warmup Iteration   1: 67.110 ±(99.9%) 0.800 ms/op
# Warmup Iteration   2: 70.746 ±(99.9%) 2.229 ms/op
# Warmup Iteration   3: 68.073 ±(99.9%) 1.103 ms/op
# Warmup Iteration   4: 66.774 ±(99.9%) 0.817 ms/op
# Warmup Iteration   5: 68.592 ±(99.9%) 1.823 ms/op
Iteration   1: 68.574 ±(99.9%) 1.341 ms/op
Iteration   2: 66.524 ±(99.9%) 0.866 ms/op
Iteration   3: 66.968 ±(99.9%) 0.657 ms/op
Iteration   4: 69.887 ±(99.9%) 2.090 ms/op
Iteration   5: 66.818 ±(99.9%) 1.034 ms/op

# Run progress: 23.33% complete, ETA 00:40:36
# Fork: 3 of 5
# Warmup Iteration   1: 68.036 ±(99.9%) 1.012 ms/op
# Warmup Iteration   2: 70.767 ±(99.9%) 2.436 ms/op
# Warmup Iteration   3: 66.572 ±(99.9%) 0.871 ms/op
# Warmup Iteration   4: 67.035 ±(99.9%) 0.889 ms/op
# Warmup Iteration   5: 68.134 ±(99.9%) 1.426 ms/op
Iteration   1: 68.528 ±(99.9%) 1.229 ms/op
Iteration   2: 66.911 ±(99.9%) 0.971 ms/op
Iteration   3: 66.822 ±(99.9%) 0.547 ms/op
Iteration   4: 68.533 ±(99.9%) 1.777 ms/op
Iteration   5: 66.791 ±(99.9%) 0.682 ms/op

# Run progress: 26.67% complete, ETA 00:38:38
# Fork: 4 of 5
# Warmup Iteration   1: 68.187 ±(99.9%) 2.428 ms/op
# Warmup Iteration   2: 69.184 ±(99.9%) 2.691 ms/op
# Warmup Iteration   3: 67.639 ±(99.9%) 3.221 ms/op
# Warmup Iteration   4: 67.415 ±(99.9%) 2.323 ms/op
# Warmup Iteration   5: 67.319 ±(99.9%) 2.016 ms/op
Iteration   1: 72.023 ±(99.9%) 2.882 ms/op
Iteration   2: 69.902 ±(99.9%) 1.389 ms/op
Iteration   3: 67.894 ±(99.9%) 2.102 ms/op
Iteration   4: 68.774 ±(99.9%) 3.004 ms/op
Iteration   5: 68.334 ±(99.9%) 2.302 ms/op

# Run progress: 30.00% complete, ETA 00:36:43
# Fork: 5 of 5
# Warmup Iteration   1: 67.951 ±(99.9%) 1.249 ms/op
# Warmup Iteration   2: 67.727 ±(99.9%) 1.909 ms/op
# Warmup Iteration   3: 71.094 ±(99.9%) 1.136 ms/op
# Warmup Iteration   4: 67.540 ±(99.9%) 1.330 ms/op
# Warmup Iteration   5: 66.672 ±(99.9%) 0.554 ms/op
Iteration   1: 69.418 ±(99.9%) 1.442 ms/op
Iteration   2: 67.367 ±(99.9%) 0.496 ms/op
Iteration   3: 66.618 ±(99.9%) 0.948 ms/op
Iteration   4: 68.878 ±(99.9%) 1.393 ms/op
Iteration   5: 70.212 ±(99.9%) 2.299 ms/op


Result "ellian.aragao.github.AlgoritmoRunner.Entradas100_000.entrada100_000_aleatoriaHeap":
  68.184 ±(99.9%) 1.047 ms/op [Average]
  (min, avg, max) = (66.524, 68.184, 72.023), stdev = 1.397
  CI (99.9%): [67.137, 69.230] (assumes normal distribution)


# JMH version: 1.37
# VM version: JDK 21.0.4, OpenJDK 64-Bit Server VM, 21.0.4+7-LTS
# VM invoker: /home/ellian/.asdf/installs/java/temurin-21.0.4+7.0.LTS/bin/java
# VM options: -Dclassworlds.conf=/home/ellian/.asdf/installs/maven/3.9.8/bin/m2.conf -Dmaven.home=/home/ellian/.asdf/installs/maven/3.9.8 -Dlibrary.jansi.path=/home/ellian/.asdf/installs/maven/3.9.8/lib/jansi-native -Dmaven.multiModuleProjectDirectory=/home/ellian/code/faculdade/IFB-AA/2024/projeto2-analise-algoritmo-sqrsort
# Blackhole mode: compiler (auto-detected, use -Djmh.blackhole.autoDetect=false to disable)
# Warmup: 5 iterations, 10 s each
# Measurement: 5 iterations, 10 s each
# Timeout: 10 min per iteration
# Threads: 12 threads, will synchronize iterations
# Benchmark mode: Average time, time/op
# Benchmark: ellian.aragao.github.AlgoritmoRunner.Entradas100_000.entrada100_000_crecenteBubble

# Run progress: 33.33% complete, ETA 00:34:51
# Fork: 1 of 5
# Warmup Iteration   1: 365.092 ±(99.9%) 4.061 ms/op
# Warmup Iteration   2: 363.342 ±(99.9%) 4.456 ms/op
# Warmup Iteration   3: 363.458 ±(99.9%) 6.271 ms/op
# Warmup Iteration   4: 352.434 ±(99.9%) 2.564 ms/op
# Warmup Iteration   5: 357.978 ±(99.9%) 8.177 ms/op
Iteration   1: 363.935 ±(99.9%) 8.886 ms/op
Iteration   2: 353.361 ±(99.9%) 3.296 ms/op
Iteration   3: 352.476 ±(99.9%) 2.861 ms/op
Iteration   4: 360.432 ±(99.9%) 6.623 ms/op
Iteration   5: 354.926 ±(99.9%) 3.881 ms/op

# Run progress: 36.67% complete, ETA 00:33:09
# Fork: 2 of 5
# Warmup Iteration   1: 332.406 ±(99.9%) 4.259 ms/op
# Warmup Iteration   2: 350.889 ±(99.9%) 5.492 ms/op
# Warmup Iteration   3: 340.125 ±(99.9%) 6.189 ms/op
# Warmup Iteration   4: 335.184 ±(99.9%) 3.328 ms/op
# Warmup Iteration   5: 338.586 ±(99.9%) 3.342 ms/op
Iteration   1: 346.253 ±(99.9%) 7.239 ms/op
Iteration   2: 337.540 ±(99.9%) 2.659 ms/op
Iteration   3: 338.986 ±(99.9%) 4.200 ms/op
Iteration   4: 346.609 ±(99.9%) 7.481 ms/op
Iteration   5: 335.582 ±(99.9%) 4.801 ms/op

# Run progress: 40.00% complete, ETA 00:31:25
# Fork: 3 of 5
# Warmup Iteration   1: 355.586 ±(99.9%) 4.091 ms/op
# Warmup Iteration   2: 365.394 ±(99.9%) 7.228 ms/op
# Warmup Iteration   3: 361.534 ±(99.9%) 5.631 ms/op
# Warmup Iteration   4: 360.938 ±(99.9%) 3.207 ms/op
# Warmup Iteration   5: 364.802 ±(99.9%) 8.428 ms/op
Iteration   1: 358.920 ±(99.9%) 3.344 ms/op
Iteration   2: 360.596 ±(99.9%) 2.871 ms/op
Iteration   3: 363.010 ±(99.9%) 5.668 ms/op
Iteration   4: 360.814 ±(99.9%) 3.847 ms/op
Iteration   5: 358.187 ±(99.9%) 2.392 ms/op

# Run progress: 43.33% complete, ETA 00:29:42
# Fork: 4 of 5
# Warmup Iteration   1: 359.198 ±(99.9%) 3.159 ms/op
# Warmup Iteration   2: 365.795 ±(99.9%) 5.033 ms/op
# Warmup Iteration   3: 358.523 ±(99.9%) 3.845 ms/op
# Warmup Iteration   4: 363.546 ±(99.9%) 4.645 ms/op
# Warmup Iteration   5: 369.752 ±(99.9%) 9.298 ms/op
Iteration   1: 362.818 ±(99.9%) 6.215 ms/op
Iteration   2: 357.859 ±(99.9%) 2.863 ms/op
Iteration   3: 367.856 ±(99.9%) 5.654 ms/op
Iteration   4: 361.849 ±(99.9%) 3.220 ms/op
Iteration   5: 360.614 ±(99.9%) 3.391 ms/op

# Run progress: 46.67% complete, ETA 00:27:58
# Fork: 5 of 5
# Warmup Iteration   1: 344.787 ±(99.9%) 9.692 ms/op
# Warmup Iteration   2: 340.702 ±(99.9%) 3.855 ms/op
# Warmup Iteration   3: 331.266 ±(99.9%) 2.138 ms/op
# Warmup Iteration   4: 339.852 ±(99.9%) 1.488 ms/op
# Warmup Iteration   5: 340.011 ±(99.9%) 3.361 ms/op
Iteration   1: 337.139 ±(99.9%) 3.176 ms/op
Iteration   2: 343.237 ±(99.9%) 6.198 ms/op
Iteration   3: 336.488 ±(99.9%) 4.276 ms/op
Iteration   4: 337.748 ±(99.9%) 6.530 ms/op
Iteration   5: 346.831 ±(99.9%) 10.701 ms/op


Result "ellian.aragao.github.AlgoritmoRunner.Entradas100_000.entrada100_000_crecenteBubble":
  352.163 ±(99.9%) 7.848 ms/op [Average]
  (min, avg, max) = (335.582, 352.163, 367.856), stdev = 10.477
  CI (99.9%): [344.314, 360.011] (assumes normal distribution)


# JMH version: 1.37
# VM version: JDK 21.0.4, OpenJDK 64-Bit Server VM, 21.0.4+7-LTS
# VM invoker: /home/ellian/.asdf/installs/java/temurin-21.0.4+7.0.LTS/bin/java
# VM options: -Dclassworlds.conf=/home/ellian/.asdf/installs/maven/3.9.8/bin/m2.conf -Dmaven.home=/home/ellian/.asdf/installs/maven/3.9.8 -Dlibrary.jansi.path=/home/ellian/.asdf/installs/maven/3.9.8/lib/jansi-native -Dmaven.multiModuleProjectDirectory=/home/ellian/code/faculdade/IFB-AA/2024/projeto2-analise-algoritmo-sqrsort
# Blackhole mode: compiler (auto-detected, use -Djmh.blackhole.autoDetect=false to disable)
# Warmup: 5 iterations, 10 s each
# Measurement: 5 iterations, 10 s each
# Timeout: 10 min per iteration
# Threads: 12 threads, will synchronize iterations
# Benchmark mode: Average time, time/op
# Benchmark: ellian.aragao.github.AlgoritmoRunner.Entradas100_000.entrada100_000_crecenteHeap

# Run progress: 50.00% complete, ETA 00:26:14
# Fork: 1 of 5
# Warmup Iteration   1: 29.511 ±(99.9%) 0.226 ms/op
# Warmup Iteration   2: 28.974 ±(99.9%) 0.160 ms/op
# Warmup Iteration   3: 29.295 ±(99.9%) 0.270 ms/op
# Warmup Iteration   4: 29.738 ±(99.9%) 0.452 ms/op
# Warmup Iteration   5: 28.970 ±(99.9%) 0.207 ms/op
Iteration   1: 29.141 ±(99.9%) 0.118 ms/op
Iteration   2: 29.814 ±(99.9%) 0.298 ms/op
Iteration   3: 29.072 ±(99.9%) 0.191 ms/op
Iteration   4: 29.149 ±(99.9%) 0.393 ms/op
Iteration   5: 29.637 ±(99.9%) 0.635 ms/op

# Run progress: 53.33% complete, ETA 00:24:26
# Fork: 2 of 5
# Warmup Iteration   1: 28.086 ±(99.9%) 0.316 ms/op
# Warmup Iteration   2: 27.800 ±(99.9%) 0.197 ms/op
# Warmup Iteration   3: 28.028 ±(99.9%) 0.340 ms/op
# Warmup Iteration   4: 28.401 ±(99.9%) 0.395 ms/op
# Warmup Iteration   5: 28.577 ±(99.9%) 0.616 ms/op
Iteration   1: 28.087 ±(99.9%) 0.290 ms/op
Iteration   2: 28.330 ±(99.9%) 0.568 ms/op
Iteration   3: 27.862 ±(99.9%) 0.185 ms/op
Iteration   4: 27.737 ±(99.9%) 0.195 ms/op
Iteration   5: 28.117 ±(99.9%) 0.323 ms/op

# Run progress: 56.67% complete, ETA 00:22:38
# Fork: 3 of 5
# Warmup Iteration   1: 30.700 ±(99.9%) 0.598 ms/op
# Warmup Iteration   2: 30.131 ±(99.9%) 0.192 ms/op
# Warmup Iteration   3: 29.937 ±(99.9%) 0.261 ms/op
# Warmup Iteration   4: 34.684 ±(99.9%) 1.289 ms/op
# Warmup Iteration   5: 32.267 ±(99.9%) 1.062 ms/op
Iteration   1: 32.326 ±(99.9%) 0.769 ms/op
Iteration   2: 32.689 ±(99.9%) 0.888 ms/op
Iteration   3: 32.327 ±(99.9%) 0.702 ms/op
Iteration   4: 31.442 ±(99.9%) 0.516 ms/op
Iteration   5: 32.378 ±(99.9%) 0.871 ms/op

# Run progress: 60.00% complete, ETA 00:20:51
# Fork: 4 of 5
# Warmup Iteration   1: 31.378 ±(99.9%) 0.742 ms/op
# Warmup Iteration   2: 30.593 ±(99.9%) 0.490 ms/op
# Warmup Iteration   3: 30.999 ±(99.9%) 0.458 ms/op
# Warmup Iteration   4: 33.399 ±(99.9%) 1.314 ms/op
# Warmup Iteration   5: 30.251 ±(99.9%) 0.471 ms/op
Iteration   1: 30.756 ±(99.9%) 0.534 ms/op
Iteration   2: 33.132 ±(99.9%) 1.066 ms/op
Iteration   3: 30.566 ±(99.9%) 0.564 ms/op
Iteration   4: 30.749 ±(99.9%) 0.842 ms/op
Iteration   5: 29.490 ±(99.9%) 0.302 ms/op

# Run progress: 63.33% complete, ETA 00:19:05
# Fork: 5 of 5
# Warmup Iteration   1: 30.215 ±(99.9%) 0.568 ms/op
# Warmup Iteration   2: 29.513 ±(99.9%) 0.397 ms/op
# Warmup Iteration   3: 29.699 ±(99.9%) 0.511 ms/op
# Warmup Iteration   4: 30.926 ±(99.9%) 0.488 ms/op
# Warmup Iteration   5: 29.742 ±(99.9%) 0.408 ms/op
Iteration   1: 30.191 ±(99.9%) 0.691 ms/op
Iteration   2: 30.663 ±(99.9%) 0.773 ms/op
Iteration   3: 29.765 ±(99.9%) 0.179 ms/op
Iteration   4: 29.693 ±(99.9%) 0.437 ms/op
Iteration   5: 29.601 ±(99.9%) 0.277 ms/op


Result "ellian.aragao.github.AlgoritmoRunner.Entradas100_000.entrada100_000_crecenteHeap":
  30.109 ±(99.9%) 1.184 ms/op [Average]
  (min, avg, max) = (27.737, 30.109, 33.132), stdev = 1.581
  CI (99.9%): [28.924, 31.293] (assumes normal distribution)


# JMH version: 1.37
# VM version: JDK 21.0.4, OpenJDK 64-Bit Server VM, 21.0.4+7-LTS
# VM invoker: /home/ellian/.asdf/installs/java/temurin-21.0.4+7.0.LTS/bin/java
# VM options: -Dclassworlds.conf=/home/ellian/.asdf/installs/maven/3.9.8/bin/m2.conf -Dmaven.home=/home/ellian/.asdf/installs/maven/3.9.8 -Dlibrary.jansi.path=/home/ellian/.asdf/installs/maven/3.9.8/lib/jansi-native -Dmaven.multiModuleProjectDirectory=/home/ellian/code/faculdade/IFB-AA/2024/projeto2-analise-algoritmo-sqrsort
# Blackhole mode: compiler (auto-detected, use -Djmh.blackhole.autoDetect=false to disable)
# Warmup: 5 iterations, 10 s each
# Measurement: 5 iterations, 10 s each
# Timeout: 10 min per iteration
# Threads: 12 threads, will synchronize iterations
# Benchmark mode: Average time, time/op
# Benchmark: ellian.aragao.github.AlgoritmoRunner.Entradas100_000.entrada100_000_decrecenteBubble

# Run progress: 66.67% complete, ETA 00:17:19
# Fork: 1 of 5
# Warmup Iteration   1: 455.002 ±(99.9%) 12.908 ms/op
# Warmup Iteration   2: 441.590 ±(99.9%) 6.741 ms/op
# Warmup Iteration   3: 440.466 ±(99.9%) 5.223 ms/op
# Warmup Iteration   4: 458.286 ±(99.9%) 11.549 ms/op
# Warmup Iteration   5: 443.495 ±(99.9%) 3.960 ms/op
Iteration   1: 449.905 ±(99.9%) 5.795 ms/op
Iteration   2: 457.863 ±(99.9%) 16.018 ms/op
Iteration   3: 446.417 ±(99.9%) 5.346 ms/op
Iteration   4: 443.448 ±(99.9%) 7.020 ms/op
Iteration   5: 462.088 ±(99.9%) 11.324 ms/op

# Run progress: 70.00% complete, ETA 00:15:36
# Fork: 2 of 5
# Warmup Iteration   1: 455.591 ±(99.9%) 8.577 ms/op
# Warmup Iteration   2: 444.975 ±(99.9%) 2.882 ms/op
# Warmup Iteration   3: 450.204 ±(99.9%) 5.461 ms/op
# Warmup Iteration   4: 449.251 ±(99.9%) 7.687 ms/op
# Warmup Iteration   5: 444.622 ±(99.9%) 2.248 ms/op
Iteration   1: 453.163 ±(99.9%) 8.324 ms/op
Iteration   2: 453.894 ±(99.9%) 12.240 ms/op
Iteration   3: 449.972 ±(99.9%) 2.605 ms/op
Iteration   4: 441.922 ±(99.9%) 3.133 ms/op
Iteration   5: 453.496 ±(99.9%) 11.646 ms/op

# Run progress: 73.33% complete, ETA 00:13:53
# Fork: 3 of 5
# Warmup Iteration   1: 464.250 ±(99.9%) 5.473 ms/op
# Warmup Iteration   2: 463.035 ±(99.9%) 5.301 ms/op
# Warmup Iteration   3: 477.129 ±(99.9%) 6.547 ms/op
# Warmup Iteration   4: 463.412 ±(99.9%) 4.380 ms/op
# Warmup Iteration   5: 467.182 ±(99.9%) 6.682 ms/op
Iteration   1: 476.100 ±(99.9%) 8.801 ms/op
Iteration   2: 466.746 ±(99.9%) 2.976 ms/op
Iteration   3: 463.868 ±(99.9%) 2.601 ms/op
Iteration   4: 472.448 ±(99.9%) 12.316 ms/op
Iteration   5: 456.683 ±(99.9%) 4.733 ms/op

# Run progress: 76.67% complete, ETA 00:12:10
# Fork: 4 of 5
# Warmup Iteration   1: 453.866 ±(99.9%) 10.107 ms/op
# Warmup Iteration   2: 449.734 ±(99.9%) 4.796 ms/op
# Warmup Iteration   3: 451.029 ±(99.9%) 6.397 ms/op
# Warmup Iteration   4: 440.003 ±(99.9%) 3.839 ms/op
# Warmup Iteration   5: 442.798 ±(99.9%) 3.316 ms/op
Iteration   1: 452.199 ±(99.9%) 7.511 ms/op
Iteration   2: 441.296 ±(99.9%) 3.100 ms/op
Iteration   3: 448.978 ±(99.9%) 6.760 ms/op
Iteration   4: 451.466 ±(99.9%) 7.334 ms/op
Iteration   5: 442.668 ±(99.9%) 4.218 ms/op

# Run progress: 80.00% complete, ETA 00:10:26
# Fork: 5 of 5
# Warmup Iteration   1: 437.390 ±(99.9%) 7.255 ms/op
# Warmup Iteration   2: 437.390 ±(99.9%) 7.833 ms/op
# Warmup Iteration   3: 429.204 ±(99.9%) 2.966 ms/op
# Warmup Iteration   4: 438.454 ±(99.9%) 3.242 ms/op
# Warmup Iteration   5: 440.110 ±(99.9%) 12.823 ms/op
Iteration   1: 434.971 ±(99.9%) 4.310 ms/op
Iteration   2: 431.336 ±(99.9%) 1.431 ms/op
Iteration   3: 448.383 ±(99.9%) 11.563 ms/op
Iteration   4: 436.301 ±(99.9%) 9.305 ms/op
Iteration   5: 432.834 ±(99.9%) 1.311 ms/op


Result "ellian.aragao.github.AlgoritmoRunner.Entradas100_000.entrada100_000_decrecenteBubble":
  450.738 ±(99.9%) 8.720 ms/op [Average]
  (min, avg, max) = (431.336, 450.738, 476.100), stdev = 11.641
  CI (99.9%): [442.018, 459.458] (assumes normal distribution)


# JMH version: 1.37
# VM version: JDK 21.0.4, OpenJDK 64-Bit Server VM, 21.0.4+7-LTS
# VM invoker: /home/ellian/.asdf/installs/java/temurin-21.0.4+7.0.LTS/bin/java
# VM options: -Dclassworlds.conf=/home/ellian/.asdf/installs/maven/3.9.8/bin/m2.conf -Dmaven.home=/home/ellian/.asdf/installs/maven/3.9.8 -Dlibrary.jansi.path=/home/ellian/.asdf/installs/maven/3.9.8/lib/jansi-native -Dmaven.multiModuleProjectDirectory=/home/ellian/code/faculdade/IFB-AA/2024/projeto2-analise-algoritmo-sqrsort
# Blackhole mode: compiler (auto-detected, use -Djmh.blackhole.autoDetect=false to disable)
# Warmup: 5 iterations, 10 s each
# Measurement: 5 iterations, 10 s each
# Timeout: 10 min per iteration
# Threads: 12 threads, will synchronize iterations
# Benchmark mode: Average time, time/op
# Benchmark: ellian.aragao.github.AlgoritmoRunner.Entradas100_000.entrada100_000_decrecenteHeap

# Run progress: 83.33% complete, ETA 00:08:42
# Fork: 1 of 5
# Warmup Iteration   1: 27.874 ±(99.9%) 0.544 ms/op
# Warmup Iteration   2: 27.288 ±(99.9%) 0.209 ms/op
# Warmup Iteration   3: 26.988 ±(99.9%) 0.245 ms/op
# Warmup Iteration   4: 27.014 ±(99.9%) 0.157 ms/op
# Warmup Iteration   5: 27.903 ±(99.9%) 0.626 ms/op
Iteration   1: 26.935 ±(99.9%) 0.137 ms/op
Iteration   2: 27.017 ±(99.9%) 0.142 ms/op
Iteration   3: 27.840 ±(99.9%) 0.681 ms/op
Iteration   4: 27.045 ±(99.9%) 0.178 ms/op
Iteration   5: 27.004 ±(99.9%) 0.120 ms/op

# Run progress: 86.67% complete, ETA 00:06:57
# Fork: 2 of 5
# Warmup Iteration   1: 29.879 ±(99.9%) 0.268 ms/op
# Warmup Iteration   2: 29.831 ±(99.9%) 0.502 ms/op
# Warmup Iteration   3: 29.430 ±(99.9%) 0.323 ms/op
# Warmup Iteration   4: 29.216 ±(99.9%) 0.357 ms/op
# Warmup Iteration   5: 29.854 ±(99.9%) 0.597 ms/op
Iteration   1: 29.540 ±(99.9%) 0.578 ms/op
Iteration   2: 29.550 ±(99.9%) 0.270 ms/op
Iteration   3: 29.879 ±(99.9%) 0.479 ms/op
Iteration   4: 29.669 ±(99.9%) 0.448 ms/op
Iteration   5: 29.826 ±(99.9%) 0.345 ms/op

# Run progress: 90.00% complete, ETA 00:05:12
# Fork: 3 of 5
# Warmup Iteration   1: 27.736 ±(99.9%) 0.221 ms/op
# Warmup Iteration   2: 28.185 ±(99.9%) 0.795 ms/op
# Warmup Iteration   3: 27.636 ±(99.9%) 0.758 ms/op
# Warmup Iteration   4: 26.947 ±(99.9%) 0.190 ms/op
# Warmup Iteration   5: 26.736 ±(99.9%) 0.205 ms/op
Iteration   1: 27.658 ±(99.9%) 0.586 ms/op
Iteration   2: 27.115 ±(99.9%) 0.444 ms/op
Iteration   3: 26.810 ±(99.9%) 0.322 ms/op
Iteration   4: 28.106 ±(99.9%) 0.591 ms/op
Iteration   5: 26.942 ±(99.9%) 0.239 ms/op

# Run progress: 93.33% complete, ETA 00:03:28
# Fork: 4 of 5
# Warmup Iteration   1: 27.364 ±(99.9%) 0.262 ms/op
# Warmup Iteration   2: 27.698 ±(99.9%) 0.431 ms/op
# Warmup Iteration   3: 27.314 ±(99.9%) 0.336 ms/op
# Warmup Iteration   4: 27.130 ±(99.9%) 0.132 ms/op
# Warmup Iteration   5: 27.527 ±(99.9%) 0.281 ms/op
Iteration   1: 28.289 ±(99.9%) 0.495 ms/op
Iteration   2: 27.448 ±(99.9%) 0.415 ms/op
Iteration   3: 27.226 ±(99.9%) 0.187 ms/op
Iteration   4: 27.799 ±(99.9%) 0.260 ms/op
Iteration   5: 27.221 ±(99.9%) 0.213 ms/op

# Run progress: 96.67% complete, ETA 00:01:44
# Fork: 5 of 5
# Warmup Iteration   1: 27.203 ±(99.9%) 0.237 ms/op
# Warmup Iteration   2: 27.886 ±(99.9%) 0.592 ms/op
# Warmup Iteration   3: 27.260 ±(99.9%) 0.467 ms/op
# Warmup Iteration   4: 26.708 ±(99.9%) 0.145 ms/op
# Warmup Iteration   5: 26.775 ±(99.9%) 0.119 ms/op
Iteration   1: 27.293 ±(99.9%) 0.545 ms/op
Iteration   2: 26.859 ±(99.9%) 0.271 ms/op
Iteration   3: 26.675 ±(99.9%) 0.171 ms/op
Iteration   4: 27.886 ±(99.9%) 0.498 ms/op
Iteration   5: 26.967 ±(99.9%) 0.260 ms/op


Result "ellian.aragao.github.AlgoritmoRunner.Entradas100_000.entrada100_000_decrecenteHeap":
  27.784 ±(99.9%) 0.795 ms/op [Average]
  (min, avg, max) = (26.675, 27.784, 29.879), stdev = 1.061
  CI (99.9%): [26.989, 28.579] (assumes normal distribution)


# Run complete. Total time: 00:51:58

REMEMBER: The numbers below are just data. To gain reusable insights, you need to follow up on
why the numbers are the way they are. Use profilers (see -prof, -lprof), design factorial
experiments, perform baseline and negative tests that provide experimental control, make sure
the benchmarking environment is safe on JVM/OS/HW level, ask for reviews from the domain experts.
Do not assume the numbers tell you what you want them to tell.

NOTE: Current JVM experimentally supports Compiler Blackholes, and they are in use. Please exercise
extra caution when trusting the results, look into the generated code to check the benchmark still
works, and factor in a small probability of new VM bugs. Additionally, while comparisons between
different JVMs are already problematic, the performance difference caused by different Blackhole
modes can be very significant. Please make sure you use the consistent Blackhole mode for comparisons.

Benchmark                                                        Mode  Cnt    Score    Error  Units
AlgoritmoRunner.Entradas100_000.entrada100_000_aleatoriaBubble   avgt   25  473.859 ± 20.075  ms/op
AlgoritmoRunner.Entradas100_000.entrada100_000_aleatoriaHeap     avgt   25   68.184 ±  1.047  ms/op
AlgoritmoRunner.Entradas100_000.entrada100_000_crecenteBubble    avgt   25  352.163 ±  7.848  ms/op
AlgoritmoRunner.Entradas100_000.entrada100_000_crecenteHeap      avgt   25   30.109 ±  1.184  ms/op
AlgoritmoRunner.Entradas100_000.entrada100_000_decrecenteBubble  avgt   25  450.738 ±  8.720  ms/op
AlgoritmoRunner.Entradas100_000.entrada100_000_decrecenteHeap    avgt   25   27.784 ±  0.795  ms/op
[INFO] ------------------------------------------------------------------------
[INFO] BUILD SUCCESS
[INFO] ------------------------------------------------------------------------
[INFO] Total time:  52:02 min
[INFO] Finished at: 2024-08-26T21:45:26-03:00
[INFO] ------------------------------------------------------------------------
